#
# A fatal error has been detected by the Java Runtime Environment:
#
#  SIGBUS (0xa) at pc=0x000000010e5254f0, pid=44601, tid=29711
#
# JRE version: OpenJDK Runtime Environment (17.0.2+8) (build 17.0.2+8-86)
# Java VM: OpenJDK 64-Bit Server VM (17.0.2+8-86, mixed mode, sharing, tiered, compressed oops, compressed class ptrs, g1 gc, bsd-aarch64)
# Problematic frame:
# v  ~StubRoutines::SafeFetchN
#
# No core dump will be written. Core dumps have been disabled. To enable core dumping, try "ulimit -c unlimited" before starting Java again
#
# If you would like to submit a bug report, please visit:
#   https://bugreport.java.com/bugreport/crash.jsp
# The crash happened outside the Java Virtual Machine in native code.
# See problematic frame for where to report the bug.
#

---------------  S U M M A R Y ------------

Command Line: --module-path=/Users/critoma/.m2/repository/org/openjfx/javafx-base/17/javafx-base-17-mac-aarch64.jar:/Users/critoma/.m2/repository/org/openjfx/javafx-base/17/javafx-base-17.jar:/Users/critoma/.m2/repository/org/openjfx/javafx-controls/17/javafx-controls-17-mac-aarch64.jar:/Users/critoma/.m2/repository/org/openjfx/javafx-controls/17/javafx-controls-17.jar:/Users/critoma/.m2/repository/org/openjfx/javafx-graphics/17/javafx-graphics-17-mac-aarch64.jar:/Users/critoma/.m2/repository/org/openjfx/javafx-graphics/17/javafx-graphics-17.jar --add-modules=javafx.base,javafx.base,javafx.controls,javafx.controls,javafx.graphics,javafx.graphics org.redfx.javaqc.ch05.bellstate.Main

Host: "MacBookPro18,3" arm64 1 MHz, 8 cores, 32G, Darwin 21.1.0, macOS 12.0.1 (21A559)
Time: Fri Jul 15 17:33:22 2022 EEST elapsed time: 4.790455 seconds (0d 0h 0m 4s)

---------------  T H R E A D  ---------------

Current thread (0x00000001401aba00):  JavaThread "InvokeLaterDispatcher" daemon [_thread_in_native, id=29711, stack(0x000000016dfc4000,0x000000016e1c7000)]

Stack: [0x000000016dfc4000,0x000000016e1c7000],  sp=0x000000016e1c6780,  free space=2057k
Native frames: (J=compiled Java code, j=interpreted, Vv=VM code, C=native code)
v  ~StubRoutines::SafeFetchN
V  [libjvm.dylib+0x7a6bcc]  _ZN10OopStorage7releaseEPKP7oopDesc+0x20
V  [libjvm.dylib+0x4ba824]  jni_DeleteGlobalRef+0xd8
C  [libglass.dylib+0xab08]  -[GlassRunnable dealloc]+0x34
C  [Foundation+0x85e0c]  -[_NSThreadPerformInfo dealloc]+0x30
C  [Foundation+0x525e8]  -[NSObject(NSThreadPerformAdditions) performSelectorOnMainThread:withObject:waitUntilDone:]+0x88
C  0xd64800010e52d8ac
j  com.sun.glass.ui.mac.MacApplication.submitForLaterInvocation(Ljava/lang/Runnable;)V+2 javafx.graphics
j  com.sun.glass.ui.InvokeLaterDispatcher.run()V+82 javafx.graphics
v  ~StubRoutines::call_stub
V  [libjvm.dylib+0x461d08]  _ZN9JavaCalls11call_helperEP9JavaValueRK12methodHandleP17JavaCallArgumentsP10JavaThread+0x38c
V  [libjvm.dylib+0x460d24]  _ZN9JavaCalls12call_virtualEP9JavaValueP5KlassP6SymbolS5_P17JavaCallArgumentsP10JavaThread+0x11c
V  [libjvm.dylib+0x460df0]  _ZN9JavaCalls12call_virtualEP9JavaValue6HandleP5KlassP6SymbolS6_P10JavaThread+0x64
V  [libjvm.dylib+0x515f04]  _ZL12thread_entryP10JavaThreadS0_+0xc4
V  [libjvm.dylib+0x9071ac]  _ZN10JavaThread17thread_main_innerEv+0x13c
V  [libjvm.dylib+0x9058c0]  _ZN6Thread8call_runEv+0x128
V  [libjvm.dylib+0x7ad7c8]  _ZL19thread_native_entryP6Thread+0x158
C  [libsystem_pthread.dylib+0x74ec]  _pthread_start+0x94

Java frames: (J=compiled Java code, j=interpreted, Vv=VM code)
j  com.sun.glass.ui.mac.MacApplication._submitForLaterInvocation(Ljava/lang/Runnable;)V+0 javafx.graphics
j  com.sun.glass.ui.mac.MacApplication.submitForLaterInvocation(Ljava/lang/Runnable;)V+2 javafx.graphics
j  com.sun.glass.ui.InvokeLaterDispatcher.run()V+82 javafx.graphics
v  ~StubRoutines::call_stub

siginfo: si_signo: 10 (SIGBUS), si_code: 1 (BUS_ADRALN), si_addr: 0x000000010e5254f0

Register to memory mapping:

 x0=0x000000013fe0d848 is a global jni handle
 x1=0x0 is NULL
 x2=0x000000061dfc2f78 is an oop: com.sun.glass.ui.InvokeLaterDispatcher$Future 
{0x000000061dfc2f78} - klass: 'com/sun/glass/ui/InvokeLaterDispatcher$Future'
 - ---- fields (total size 3 words):
 - private 'done' 'Z' @12  true
 - private final 'runnable' 'Ljava/lang/Runnable;' @16  a 'com/sun/javafx/tk/quantum/QuantumToolkit$$Lambda$98+0x0000000800c8bdb8'{0x000000061e51de60} (c3ca3bcc)
 - final synthetic 'this$0' 'Lcom/sun/glass/ui/InvokeLaterDispatcher;' @20  a 'com/sun/glass/ui/InvokeLaterDispatcher'{0x000000061e410058} (c3c8200b)
 x3=0x0 is NULL
 x4=0x00000000000130a8 is an unknown value
 x5=0x0 is NULL
 x6=0x0 is NULL
 x7=0x0 is NULL
 x8=0x000000010e5254ec is at begin+0 in a stub
StubRoutines::SafeFetchN [0x000000010e5254ec, 0x000000010e5254f8] (12 bytes)
 x9=0x0 is NULL
x10=0x2010000030300000 is an unknown value
x11=0x0000000000000007 is an unknown value
x12=0x0 is NULL
x13=0x0000600000407370 points into unknown readable memory: 0x7365443b72656e65 | 65 6e 65 72 3b 44 65 73
x14=0x0000000000000001 is an unknown value
x15=0x0000000105cc5f98: OBJC_CLASS_$_GlassRunnable+0 in /Users/critoma/.openjfx/cache/17/libglass.dylib at 0x0000000105c80000
x16=0x00000001b2f48340: pthread_getspecific+0 in /usr/lib/system/libsystem_pthread.dylib at 0x00000001b2f46000
x17=0x0000600000e1d5c0 points into unknown readable memory: 0xfffffffffffffffe | fe ff ff ff ff ff ff ff
x18=0x0 is NULL
x19=0x0000600000108150 points into unknown readable memory: 0x0000600002808200 | 00 82 80 02 00 60 00 00
x20=0x000000013fe0d640 points into unknown readable memory: 0x000000020c8d05e8 | e8 05 8d 0c 02 00 00 00
x21=0x000000013fe0d848 is a global jni handle
x22=0x00000001401aba00 is a thread
x23=0x0000000000000001 is an unknown value
x24=0x000000013fe0d800 is a global jni handle
x25=0x00000001069e55e8: _ZN12StubRoutines17_safefetchN_entryE+0 in /Library/Java/JavaVirtualMachines/jdk-17.0.2.jdk/Contents/Home/lib/server/libjvm.dylib at 0x0000000105e34000
x26=0x000000010598b670 is pointing into metadata
x27=0x0 is NULL
x28=0x00000001401aba00 is a thread


Registers:
 x0=0x000000013fe0d848  x1=0x0000000000000000  x2=0x000000061dfc2f78  x3=0x0000000000000000
 x4=0x00000000000130a8  x5=0x0000000000000000  x6=0x0000000000000000  x7=0x0000000000000000
 x8=0x000000010e5254ec  x9=0x0000000000000000 x10=0x2010000030300000 x11=0x0000000000000007
x12=0x0000000000000000 x13=0x0000600000407370 x14=0x0000000000000001 x15=0x0000000105cc5f98
x16=0x00000001b2f48340 x17=0x0000600000e1d5c0 x18=0x0000000000000000 x19=0x0000600000108150
x20=0x000000013fe0d640 x21=0x000000013fe0d848 x22=0x00000001401aba00 x23=0x0000000000000001
x24=0x000000013fe0d800 x25=0x00000001069e55e8 x26=0x000000010598b670 x27=0x0000000000000000
x28=0x00000001401aba00  fp=0x000000016e1c67c0  lr=0x00000001065d999c  sp=0x000000016e1c6780
pc=0x000000010e5254f0 cpsr=0x0000000060001000
Top of Stack: (sp=0x000000016e1c6780)
0x000000016e1c6780:   000000010598b670 0000000000000001
0x000000016e1c6790:   000000016e1c6988 0000000000000000
0x000000016e1c67a0:   00000001401ac2a8 000000013fe0d800
0x000000016e1c67b0:   000000013fe0d800 0000600000108150
0x000000016e1c67c0:   000000016e1c6800 00000001065dabcc
0x000000016e1c67d0:   0000000000000001 000000013fe0d800
0x000000016e1c67e0:   00000001401ac2a8 000000013fe0d800
0x000000016e1c67f0:   0000000000000001 00000001401ac000
0x000000016e1c6800:   000000016e1c6840 00000001062ee824
0x000000016e1c6810:   000000016e1c6988 0000600002818460
0x000000016e1c6820:   0000600002818490 00000001fd1759f4
0x000000016e1c6830:   0000000000000000 0000600002818490
0x000000016e1c6840:   000000016e1c6870 0000000105c8ab08
0x000000016e1c6850:   71845fa38771006a 0000000000000000
0x000000016e1c6860:   0000000000000000 0000600003f21f40
0x000000016e1c6870:   000000016e1c68b0 00000001b3f10e0c
0x000000016e1c6880:   000000016e1c6988 0000600002818460
0x000000016e1c6890:   0000600002818490 71845fa38771006a
0x000000016e1c68a0:   0000000000000000 0000000000000000
0x000000016e1c68b0:   000000016e1c68f0 831a8001b3edd5e8
0x000000016e1c68c0:   000000016e1c6988 000000010e52c7c0
0x000000016e1c68d0:   0000000000000000 00000001069ecfa8
0x000000016e1c68e0:   000000016e1c6900 000000010e52b730
0x000000016e1c68f0:   000000016e1c6960 d64800010e52d8ac
0x000000016e1c6900:   000000016e1c6968 000000010555ede0
0x000000016e1c6910:   000000016e1c6910 0000000000000000
0x000000016e1c6920:   000000016e1c6988 000000010598b670
0x000000016e1c6930:   000000061e409478 0000000000000000
0x000000016e1c6940:   0000000000000000 0000000105961350
0x000000016e1c6950:   0000000000000000 000000016e1c6960
0x000000016e1c6960:   000000016e1c69e0 000000010e529fc8
0x000000016e1c6970:   0000000000000000 0000000000000000 

Instructions: (pc=0x000000010e5254f0)
0x000000010e5253f0:   f2a0d369 f2c00029 6d425935 1e640886
0x000000010e525400:   0c402d31 1e6408c7 1f5654d0 1e6c1017
0x000000010e525410:   1f5050d0 1f504cd0 1f5048d0 1e650af6
0x000000010e525420:   1f50d8f6 1f5694d6 1f5158f6 1e762880
0x000000010e525430:   36000501 1e614000 14000026 2e251ca5
0x000000010e525440:   d2843009 f2a0d369 f2c00029 6d425d36
0x000000010e525450:   1e600806 0c402d32 1f5758c7 1e6c101a
0x000000010e525460:   1f4754c7 1e650805 1f4750c7 d2866668
0x000000010e525470:   f2a7fa68 1f474cc7 1e6608c0 1f4748c7
0x000000010e525480:   1e6e1019 eb08007f 540000ac 1f479400
0x000000010e525490:   1f460340 1e603b20 1400000e d2a7fd29
0x000000010e5254a0:   eb09007f 540000ac 51480069 d3607d29
0x000000010e5254b0:   9e670121 14000002 1e6a5001 1f679417
0x000000010e5254c0:   1f668742 1e613b23 1e773857 1e773860
0x000000010e5254d0:   a8c17ff3 910003bf a8c17bfd d65f03c0
0x000000010e5254e0:   b9400001 aa0103e0 d65f03c0 f9400001
0x000000010e5254f0:   aa0103e0 d65f03c0 00000000 00000000
0x000000010e525500:   00000000 00000000 00000000 00000000
0x000000010e525510:   00000000 00000000 00000000 00000000
0x000000010e525520:   00000000 00000000 00000000 00000000
0x000000010e525530:   00000000 00000000 00000000 00000000
0x000000010e525540:   00000000 00000000 00000000 00000000
0x000000010e525550:   00000000 00000000 00000000 00000000
0x000000010e525560:   00000000 00000000 00000000 00000000
0x000000010e525570:   00000000 00000000 00000000 00000000
0x000000010e525580:   00000000 00000000 00000000 00000000
0x000000010e525590:   00000000 00000000 00000000 00000000
0x000000010e5255a0:   00000000 00000000 00000000 00000000
0x000000010e5255b0:   00000000 00000000 00000000 00000000
0x000000010e5255c0:   00000000 00000000 00000000 00000000
0x000000010e5255d0:   00000000 00000000 00000000 00000000
0x000000010e5255e0:   00000000 00000000 00000000 00000000 


Stack slot to memory mapping:
stack at sp + 0 slots: 0x000000010598b670 is pointing into metadata
stack at sp + 1 slots: 0x0000000000000001 is an unknown value
stack at sp + 2 slots: 0x000000016e1c6988 is pointing into the stack for thread: 0x00000001401aba00
stack at sp + 3 slots: 0x0 is NULL
stack at sp + 4 slots: 0x00000001401ac2a8 points into unknown readable memory: 0x00000001069a2738 | 38 27 9a 06 01 00 00 00
stack at sp + 5 slots: 0x000000013fe0d800 is a global jni handle
stack at sp + 6 slots: 0x000000013fe0d800 is a global jni handle
stack at sp + 7 slots: 0x0000600000108150 points into unknown readable memory: 0x0000600002808200 | 00 82 80 02 00 60 00 00

StubRoutines::SafeFetchN [0x000000010e5254ec, 0x000000010e5254f8] (12 bytes)
[MachCode]
  0x000000010e5254ec: 0100 40f9 | e003 01aa | c003 5fd6 
[/MachCode]

---------------  P R O C E S S  ---------------

Threads class SMR info:
_java_thread_list=0x0000600002a20e80, length=17, elements={
0x0000000140826800, 0x0000000140829000, 0x00000001400f5c00, 0x000000012d00a400,
0x000000012d00aa00, 0x000000012d80a400, 0x000000012d80aa00, 0x000000012e010200,
0x000000012d01b000, 0x000000012a80f600, 0x0000000140020a00, 0x00000001401aba00,
0x00000001401ac000, 0x000000012a812a00, 0x000000012d08b200, 0x0000000140544000,
0x000000012e012600
}

Java Threads: ( => current thread )
  0x0000000140826800 JavaThread "Reference Handler" daemon [_thread_blocked, id=15363, stack(0x000000016c204000,0x000000016c407000)]
  0x0000000140829000 JavaThread "Finalizer" daemon [_thread_blocked, id=16643, stack(0x000000016c410000,0x000000016c613000)]
  0x00000001400f5c00 JavaThread "Signal Dispatcher" daemon [_thread_blocked, id=42499, stack(0x000000016c734000,0x000000016c937000)]
  0x000000012d00a400 JavaThread "Service Thread" daemon [_thread_blocked, id=23299, stack(0x000000016c940000,0x000000016cb43000)]
  0x000000012d00aa00 JavaThread "Monitor Deflation Thread" daemon [_thread_blocked, id=23555, stack(0x000000016cb4c000,0x000000016cd4f000)]
  0x000000012d80a400 JavaThread "C2 CompilerThread0" daemon [_thread_blocked, id=24067, stack(0x000000016cd58000,0x000000016cf5b000)]
  0x000000012d80aa00 JavaThread "C1 CompilerThread0" daemon [_thread_blocked, id=41731, stack(0x000000016cf64000,0x000000016d167000)]
  0x000000012e010200 JavaThread "Sweeper thread" daemon [_thread_blocked, id=41219, stack(0x000000016d170000,0x000000016d373000)]
  0x000000012d01b000 JavaThread "Common-Cleaner" daemon [_thread_blocked, id=24579, stack(0x000000016d37c000,0x000000016d57f000)]
  0x000000012a80f600 JavaThread "Notification Thread" daemon [_thread_blocked, id=25347, stack(0x000000016d9a0000,0x000000016dba3000)]
  0x0000000140020a00 JavaThread "QuantumRenderer-0" daemon [_thread_blocked, id=39683, stack(0x000000016ddb8000,0x000000016dfbb000)]
=>0x00000001401aba00 JavaThread "InvokeLaterDispatcher" daemon [_thread_in_native, id=29711, stack(0x000000016dfc4000,0x000000016e1c7000)]
  0x00000001401ac000 JavaThread "JavaFX Application Thread" [_thread_in_vm, id=259, stack(0x000000016ab28000,0x000000016b324000)]
  0x000000012a812a00 JavaThread "DestroyJavaVM" [_thread_blocked, id=9475, stack(0x000000016b3b0000,0x000000016b5b3000)]
  0x000000012d08b200 JavaThread "Prism Font Disposer" daemon [_thread_blocked, id=55823, stack(0x000000016f2bc000,0x000000016f4bf000)]
  0x0000000140544000 JavaThread "Cleaner-0" daemon [_thread_blocked, id=57111, stack(0x000000016f4c8000,0x000000016f6cb000)]
  0x000000012e012600 JavaThread "PulseTimer-CVDisplayLink thread" daemon [_thread_in_native, id=40711, stack(0x000000016d588000,0x000000016d60b000)]

Other Threads:
  0x000000013ff079e0 VMThread "VM Thread" [stack: 0x000000016bff8000,0x000000016c1fb000] [id=17411]
  0x0000000138007860 WatcherThread [stack: 0x000000016dbac000,0x000000016ddaf000] [id=39939]
  0x000000013fe09440 GCTaskThread "GC Thread#0" [stack: 0x000000016b5bc000,0x000000016b7bf000] [id=19715]
  0x000000012fe320f0 GCTaskThread "GC Thread#1" [stack: 0x000000016e468000,0x000000016e66b000] [id=52755]
  0x000000012fe32570 GCTaskThread "GC Thread#2" [stack: 0x000000016e674000,0x000000016e877000] [id=52995]
  0x000000012fe329f0 GCTaskThread "GC Thread#3" [stack: 0x000000016e880000,0x000000016ea83000] [id=53507]
  0x000000013fe4acb0 GCTaskThread "GC Thread#4" [stack: 0x000000016ea8c000,0x000000016ec8f000] [id=78083]
  0x000000013fe4b260 GCTaskThread "GC Thread#5" [stack: 0x000000016ec98000,0x000000016ee9b000] [id=77571]
  0x000000013fe4b6e0 GCTaskThread "GC Thread#6" [stack: 0x000000016eea4000,0x000000016f0a7000] [id=54275]
  0x000000012fe32e70 GCTaskThread "GC Thread#7" [stack: 0x000000016f0b0000,0x000000016f2b3000] [id=77059]
  0x000000013fe09af0 ConcurrentGCThread "G1 Main Marker" [stack: 0x000000016b7c8000,0x000000016b9cb000] [id=12547]
  0x000000012ff04080 ConcurrentGCThread "G1 Conc#0" [stack: 0x000000016b9d4000,0x000000016bbd7000] [id=18947]
  0x000000013fe0bab0 ConcurrentGCThread "G1 Refine#0" [stack: 0x000000016bbe0000,0x000000016bde3000] [id=18435]
  0x000000013fe0c350 ConcurrentGCThread "G1 Service" [stack: 0x000000016bdec000,0x000000016bfef000] [id=13315]

Threads with active compile tasks:

VM state: not at safepoint (normal execution)

VM Mutex/Monitor currently owned by a thread: None

Heap address: 0x0000000600000000, size: 8192 MB, Compressed Oops mode: Zero based, Oop shift amount: 3

CDS archive(s) mapped at: [0x0000000800000000-0x0000000800bd4000-0x0000000800bd4000), size 12402688, SharedBaseAddress: 0x0000000800000000, ArchiveRelocationMode: 0.
Compressed class space mapped at: 0x0000000800c00000-0x0000000840c00000, reserved size: 1073741824
Narrow klass base: 0x0000000800000000, Narrow klass shift: 0, Narrow klass range: 0x100000000

GC Precious Log:
 CPUs: 8 total, 8 available
 Memory: 32768M
 Large Page Support: Disabled
 NUMA Support: Disabled
 Compressed Oops: Enabled (Zero based)
 Heap Region Size: 4M
 Heap Min Capacity: 8M
 Heap Initial Capacity: 512M
 Heap Max Capacity: 8G
 Pre-touch: Disabled
 Parallel Workers: 8
 Concurrent Workers: 2
 Concurrent Refinement Workers: 8
 Periodic GC: Disabled

Heap:
 garbage-first heap   total 532480K, used 51656K [0x0000000600000000, 0x0000000800000000)
  region size 4096K, 13 young (53248K), 1 survivors (4096K)
 Metaspace       used 13782K, committed 13952K, reserved 1064960K
  class space    used 2027K, committed 2112K, reserved 1048576K

Heap Regions: E=young(eden), S=young(survivor), O=old, HS=humongous(starts), HC=humongous(continues), CS=collection set, F=free, OA=open archive, CA=closed archive, TAMS=top-at-mark-start (previous, next)
|   0|0x0000000600000000, 0x0000000600000000, 0x0000000600400000|  0%| F|  |TAMS 0x0000000600000000, 0x0000000600000000| Untracked 
|   1|0x0000000600400000, 0x0000000600400000, 0x0000000600800000|  0%| F|  |TAMS 0x0000000600400000, 0x0000000600400000| Untracked 
|   2|0x0000000600800000, 0x0000000600800000, 0x0000000600c00000|  0%| F|  |TAMS 0x0000000600800000, 0x0000000600800000| Untracked 
|   3|0x0000000600c00000, 0x0000000600c00000, 0x0000000601000000|  0%| F|  |TAMS 0x0000000600c00000, 0x0000000600c00000| Untracked 
|   4|0x0000000601000000, 0x0000000601000000, 0x0000000601400000|  0%| F|  |TAMS 0x0000000601000000, 0x0000000601000000| Untracked 
|   5|0x0000000601400000, 0x0000000601400000, 0x0000000601800000|  0%| F|  |TAMS 0x0000000601400000, 0x0000000601400000| Untracked 
|   6|0x0000000601800000, 0x0000000601800000, 0x0000000601c00000|  0%| F|  |TAMS 0x0000000601800000, 0x0000000601800000| Untracked 
|   7|0x0000000601c00000, 0x0000000601c00000, 0x0000000602000000|  0%| F|  |TAMS 0x0000000601c00000, 0x0000000601c00000| Untracked 
|   8|0x0000000602000000, 0x0000000602000000, 0x0000000602400000|  0%| F|  |TAMS 0x0000000602000000, 0x0000000602000000| Untracked 
|   9|0x0000000602400000, 0x0000000602400000, 0x0000000602800000|  0%| F|  |TAMS 0x0000000602400000, 0x0000000602400000| Untracked 
|  10|0x0000000602800000, 0x0000000602800000, 0x0000000602c00000|  0%| F|  |TAMS 0x0000000602800000, 0x0000000602800000| Untracked 
|  11|0x0000000602c00000, 0x0000000602c00000, 0x0000000603000000|  0%| F|  |TAMS 0x0000000602c00000, 0x0000000602c00000| Untracked 
|  12|0x0000000603000000, 0x0000000603000000, 0x0000000603400000|  0%| F|  |TAMS 0x0000000603000000, 0x0000000603000000| Untracked 
|  13|0x0000000603400000, 0x0000000603400000, 0x0000000603800000|  0%| F|  |TAMS 0x0000000603400000, 0x0000000603400000| Untracked 
|  14|0x0000000603800000, 0x0000000603800000, 0x0000000603c00000|  0%| F|  |TAMS 0x0000000603800000, 0x0000000603800000| Untracked 
|  15|0x0000000603c00000, 0x0000000603c00000, 0x0000000604000000|  0%| F|  |TAMS 0x0000000603c00000, 0x0000000603c00000| Untracked 
|  16|0x0000000604000000, 0x0000000604000000, 0x0000000604400000|  0%| F|  |TAMS 0x0000000604000000, 0x0000000604000000| Untracked 
|  17|0x0000000604400000, 0x0000000604400000, 0x0000000604800000|  0%| F|  |TAMS 0x0000000604400000, 0x0000000604400000| Untracked 
|  18|0x0000000604800000, 0x0000000604800000, 0x0000000604c00000|  0%| F|  |TAMS 0x0000000604800000, 0x0000000604800000| Untracked 
|  19|0x0000000604c00000, 0x0000000604c00000, 0x0000000605000000|  0%| F|  |TAMS 0x0000000604c00000, 0x0000000604c00000| Untracked 
|  20|0x0000000605000000, 0x0000000605000000, 0x0000000605400000|  0%| F|  |TAMS 0x0000000605000000, 0x0000000605000000| Untracked 
|  21|0x0000000605400000, 0x0000000605400000, 0x0000000605800000|  0%| F|  |TAMS 0x0000000605400000, 0x0000000605400000| Untracked 
|  22|0x0000000605800000, 0x0000000605800000, 0x0000000605c00000|  0%| F|  |TAMS 0x0000000605800000, 0x0000000605800000| Untracked 
|  23|0x0000000605c00000, 0x0000000605c00000, 0x0000000606000000|  0%| F|  |TAMS 0x0000000605c00000, 0x0000000605c00000| Untracked 
|  24|0x0000000606000000, 0x0000000606000000, 0x0000000606400000|  0%| F|  |TAMS 0x0000000606000000, 0x0000000606000000| Untracked 
|  25|0x0000000606400000, 0x0000000606400000, 0x0000000606800000|  0%| F|  |TAMS 0x0000000606400000, 0x0000000606400000| Untracked 
|  26|0x0000000606800000, 0x0000000606800000, 0x0000000606c00000|  0%| F|  |TAMS 0x0000000606800000, 0x0000000606800000| Untracked 
|  27|0x0000000606c00000, 0x0000000606c00000, 0x0000000607000000|  0%| F|  |TAMS 0x0000000606c00000, 0x0000000606c00000| Untracked 
|  28|0x0000000607000000, 0x0000000607000000, 0x0000000607400000|  0%| F|  |TAMS 0x0000000607000000, 0x0000000607000000| Untracked 
|  29|0x0000000607400000, 0x0000000607400000, 0x0000000607800000|  0%| F|  |TAMS 0x0000000607400000, 0x0000000607400000| Untracked 
|  30|0x0000000607800000, 0x0000000607800000, 0x0000000607c00000|  0%| F|  |TAMS 0x0000000607800000, 0x0000000607800000| Untracked 
|  31|0x0000000607c00000, 0x0000000607c00000, 0x0000000608000000|  0%| F|  |TAMS 0x0000000607c00000, 0x0000000607c00000| Untracked 
|  32|0x0000000608000000, 0x0000000608000000, 0x0000000608400000|  0%| F|  |TAMS 0x0000000608000000, 0x0000000608000000| Untracked 
|  33|0x0000000608400000, 0x0000000608400000, 0x0000000608800000|  0%| F|  |TAMS 0x0000000608400000, 0x0000000608400000| Untracked 
|  34|0x0000000608800000, 0x0000000608800000, 0x0000000608c00000|  0%| F|  |TAMS 0x0000000608800000, 0x0000000608800000| Untracked 
|  35|0x0000000608c00000, 0x0000000608c00000, 0x0000000609000000|  0%| F|  |TAMS 0x0000000608c00000, 0x0000000608c00000| Untracked 
|  36|0x0000000609000000, 0x0000000609000000, 0x0000000609400000|  0%| F|  |TAMS 0x0000000609000000, 0x0000000609000000| Untracked 
|  37|0x0000000609400000, 0x0000000609400000, 0x0000000609800000|  0%| F|  |TAMS 0x0000000609400000, 0x0000000609400000| Untracked 
|  38|0x0000000609800000, 0x0000000609800000, 0x0000000609c00000|  0%| F|  |TAMS 0x0000000609800000, 0x0000000609800000| Untracked 
|  39|0x0000000609c00000, 0x0000000609c00000, 0x000000060a000000|  0%| F|  |TAMS 0x0000000609c00000, 0x0000000609c00000| Untracked 
|  40|0x000000060a000000, 0x000000060a000000, 0x000000060a400000|  0%| F|  |TAMS 0x000000060a000000, 0x000000060a000000| Untracked 
|  41|0x000000060a400000, 0x000000060a400000, 0x000000060a800000|  0%| F|  |TAMS 0x000000060a400000, 0x000000060a400000| Untracked 
|  42|0x000000060a800000, 0x000000060a800000, 0x000000060ac00000|  0%| F|  |TAMS 0x000000060a800000, 0x000000060a800000| Untracked 
|  43|0x000000060ac00000, 0x000000060ac00000, 0x000000060b000000|  0%| F|  |TAMS 0x000000060ac00000, 0x000000060ac00000| Untracked 
|  44|0x000000060b000000, 0x000000060b000000, 0x000000060b400000|  0%| F|  |TAMS 0x000000060b000000, 0x000000060b000000| Untracked 
|  45|0x000000060b400000, 0x000000060b400000, 0x000000060b800000|  0%| F|  |TAMS 0x000000060b400000, 0x000000060b400000| Untracked 
|  46|0x000000060b800000, 0x000000060b800000, 0x000000060bc00000|  0%| F|  |TAMS 0x000000060b800000, 0x000000060b800000| Untracked 
|  47|0x000000060bc00000, 0x000000060bc00000, 0x000000060c000000|  0%| F|  |TAMS 0x000000060bc00000, 0x000000060bc00000| Untracked 
|  48|0x000000060c000000, 0x000000060c000000, 0x000000060c400000|  0%| F|  |TAMS 0x000000060c000000, 0x000000060c000000| Untracked 
|  49|0x000000060c400000, 0x000000060c400000, 0x000000060c800000|  0%| F|  |TAMS 0x000000060c400000, 0x000000060c400000| Untracked 
|  50|0x000000060c800000, 0x000000060c800000, 0x000000060cc00000|  0%| F|  |TAMS 0x000000060c800000, 0x000000060c800000| Untracked 
|  51|0x000000060cc00000, 0x000000060cc00000, 0x000000060d000000|  0%| F|  |TAMS 0x000000060cc00000, 0x000000060cc00000| Untracked 
|  52|0x000000060d000000, 0x000000060d000000, 0x000000060d400000|  0%| F|  |TAMS 0x000000060d000000, 0x000000060d000000| Untracked 
|  53|0x000000060d400000, 0x000000060d400000, 0x000000060d800000|  0%| F|  |TAMS 0x000000060d400000, 0x000000060d400000| Untracked 
|  54|0x000000060d800000, 0x000000060d800000, 0x000000060dc00000|  0%| F|  |TAMS 0x000000060d800000, 0x000000060d800000| Untracked 
|  55|0x000000060dc00000, 0x000000060dc00000, 0x000000060e000000|  0%| F|  |TAMS 0x000000060dc00000, 0x000000060dc00000| Untracked 
|  56|0x000000060e000000, 0x000000060e000000, 0x000000060e400000|  0%| F|  |TAMS 0x000000060e000000, 0x000000060e000000| Untracked 
|  57|0x000000060e400000, 0x000000060e400000, 0x000000060e800000|  0%| F|  |TAMS 0x000000060e400000, 0x000000060e400000| Untracked 
|  58|0x000000060e800000, 0x000000060e800000, 0x000000060ec00000|  0%| F|  |TAMS 0x000000060e800000, 0x000000060e800000| Untracked 
|  59|0x000000060ec00000, 0x000000060ec00000, 0x000000060f000000|  0%| F|  |TAMS 0x000000060ec00000, 0x000000060ec00000| Untracked 
|  60|0x000000060f000000, 0x000000060f000000, 0x000000060f400000|  0%| F|  |TAMS 0x000000060f000000, 0x000000060f000000| Untracked 
|  61|0x000000060f400000, 0x000000060f400000, 0x000000060f800000|  0%| F|  |TAMS 0x000000060f400000, 0x000000060f400000| Untracked 
|  62|0x000000060f800000, 0x000000060f800000, 0x000000060fc00000|  0%| F|  |TAMS 0x000000060f800000, 0x000000060f800000| Untracked 
|  63|0x000000060fc00000, 0x000000060fc00000, 0x0000000610000000|  0%| F|  |TAMS 0x000000060fc00000, 0x000000060fc00000| Untracked 
|  64|0x0000000610000000, 0x0000000610000000, 0x0000000610400000|  0%| F|  |TAMS 0x0000000610000000, 0x0000000610000000| Untracked 
|  65|0x0000000610400000, 0x0000000610400000, 0x0000000610800000|  0%| F|  |TAMS 0x0000000610400000, 0x0000000610400000| Untracked 
|  66|0x0000000610800000, 0x0000000610800000, 0x0000000610c00000|  0%| F|  |TAMS 0x0000000610800000, 0x0000000610800000| Untracked 
|  67|0x0000000610c00000, 0x0000000610c00000, 0x0000000611000000|  0%| F|  |TAMS 0x0000000610c00000, 0x0000000610c00000| Untracked 
|  68|0x0000000611000000, 0x0000000611000000, 0x0000000611400000|  0%| F|  |TAMS 0x0000000611000000, 0x0000000611000000| Untracked 
|  69|0x0000000611400000, 0x0000000611400000, 0x0000000611800000|  0%| F|  |TAMS 0x0000000611400000, 0x0000000611400000| Untracked 
|  70|0x0000000611800000, 0x0000000611800000, 0x0000000611c00000|  0%| F|  |TAMS 0x0000000611800000, 0x0000000611800000| Untracked 
|  71|0x0000000611c00000, 0x0000000611c00000, 0x0000000612000000|  0%| F|  |TAMS 0x0000000611c00000, 0x0000000611c00000| Untracked 
|  72|0x0000000612000000, 0x0000000612000000, 0x0000000612400000|  0%| F|  |TAMS 0x0000000612000000, 0x0000000612000000| Untracked 
|  73|0x0000000612400000, 0x0000000612400000, 0x0000000612800000|  0%| F|  |TAMS 0x0000000612400000, 0x0000000612400000| Untracked 
|  74|0x0000000612800000, 0x0000000612800000, 0x0000000612c00000|  0%| F|  |TAMS 0x0000000612800000, 0x0000000612800000| Untracked 
|  75|0x0000000612c00000, 0x0000000612c00000, 0x0000000613000000|  0%| F|  |TAMS 0x0000000612c00000, 0x0000000612c00000| Untracked 
|  76|0x0000000613000000, 0x0000000613000000, 0x0000000613400000|  0%| F|  |TAMS 0x0000000613000000, 0x0000000613000000| Untracked 
|  77|0x0000000613400000, 0x0000000613400000, 0x0000000613800000|  0%| F|  |TAMS 0x0000000613400000, 0x0000000613400000| Untracked 
|  78|0x0000000613800000, 0x0000000613800000, 0x0000000613c00000|  0%| F|  |TAMS 0x0000000613800000, 0x0000000613800000| Untracked 
|  79|0x0000000613c00000, 0x0000000613c00000, 0x0000000614000000|  0%| F|  |TAMS 0x0000000613c00000, 0x0000000613c00000| Untracked 
|  80|0x0000000614000000, 0x0000000614000000, 0x0000000614400000|  0%| F|  |TAMS 0x0000000614000000, 0x0000000614000000| Untracked 
|  81|0x0000000614400000, 0x0000000614400000, 0x0000000614800000|  0%| F|  |TAMS 0x0000000614400000, 0x0000000614400000| Untracked 
|  82|0x0000000614800000, 0x0000000614800000, 0x0000000614c00000|  0%| F|  |TAMS 0x0000000614800000, 0x0000000614800000| Untracked 
|  83|0x0000000614c00000, 0x0000000614c00000, 0x0000000615000000|  0%| F|  |TAMS 0x0000000614c00000, 0x0000000614c00000| Untracked 
|  84|0x0000000615000000, 0x0000000615000000, 0x0000000615400000|  0%| F|  |TAMS 0x0000000615000000, 0x0000000615000000| Untracked 
|  85|0x0000000615400000, 0x0000000615400000, 0x0000000615800000|  0%| F|  |TAMS 0x0000000615400000, 0x0000000615400000| Untracked 
|  86|0x0000000615800000, 0x0000000615800000, 0x0000000615c00000|  0%| F|  |TAMS 0x0000000615800000, 0x0000000615800000| Untracked 
|  87|0x0000000615c00000, 0x0000000615c00000, 0x0000000616000000|  0%| F|  |TAMS 0x0000000615c00000, 0x0000000615c00000| Untracked 
|  88|0x0000000616000000, 0x0000000616000000, 0x0000000616400000|  0%| F|  |TAMS 0x0000000616000000, 0x0000000616000000| Untracked 
|  89|0x0000000616400000, 0x0000000616400000, 0x0000000616800000|  0%| F|  |TAMS 0x0000000616400000, 0x0000000616400000| Untracked 
|  90|0x0000000616800000, 0x0000000616800000, 0x0000000616c00000|  0%| F|  |TAMS 0x0000000616800000, 0x0000000616800000| Untracked 
|  91|0x0000000616c00000, 0x0000000616c00000, 0x0000000617000000|  0%| F|  |TAMS 0x0000000616c00000, 0x0000000616c00000| Untracked 
|  92|0x0000000617000000, 0x0000000617000000, 0x0000000617400000|  0%| F|  |TAMS 0x0000000617000000, 0x0000000617000000| Untracked 
|  93|0x0000000617400000, 0x0000000617400000, 0x0000000617800000|  0%| F|  |TAMS 0x0000000617400000, 0x0000000617400000| Untracked 
|  94|0x0000000617800000, 0x0000000617800000, 0x0000000617c00000|  0%| F|  |TAMS 0x0000000617800000, 0x0000000617800000| Untracked 
|  95|0x0000000617c00000, 0x0000000617c00000, 0x0000000618000000|  0%| F|  |TAMS 0x0000000617c00000, 0x0000000617c00000| Untracked 
|  96|0x0000000618000000, 0x0000000618000000, 0x0000000618400000|  0%| F|  |TAMS 0x0000000618000000, 0x0000000618000000| Untracked 
|  97|0x0000000618400000, 0x0000000618400000, 0x0000000618800000|  0%| F|  |TAMS 0x0000000618400000, 0x0000000618400000| Untracked 
|  98|0x0000000618800000, 0x0000000618800000, 0x0000000618c00000|  0%| F|  |TAMS 0x0000000618800000, 0x0000000618800000| Untracked 
|  99|0x0000000618c00000, 0x0000000618c00000, 0x0000000619000000|  0%| F|  |TAMS 0x0000000618c00000, 0x0000000618c00000| Untracked 
| 100|0x0000000619000000, 0x0000000619000000, 0x0000000619400000|  0%| F|  |TAMS 0x0000000619000000, 0x0000000619000000| Untracked 
| 101|0x0000000619400000, 0x0000000619400000, 0x0000000619800000|  0%| F|  |TAMS 0x0000000619400000, 0x0000000619400000| Untracked 
| 102|0x0000000619800000, 0x0000000619800000, 0x0000000619c00000|  0%| F|  |TAMS 0x0000000619800000, 0x0000000619800000| Untracked 
| 103|0x0000000619c00000, 0x0000000619c00000, 0x000000061a000000|  0%| F|  |TAMS 0x0000000619c00000, 0x0000000619c00000| Untracked 
| 104|0x000000061a000000, 0x000000061a000000, 0x000000061a400000|  0%| F|  |TAMS 0x000000061a000000, 0x000000061a000000| Untracked 
| 105|0x000000061a400000, 0x000000061a400000, 0x000000061a800000|  0%| F|  |TAMS 0x000000061a400000, 0x000000061a400000| Untracked 
| 106|0x000000061a800000, 0x000000061a800000, 0x000000061ac00000|  0%| F|  |TAMS 0x000000061a800000, 0x000000061a800000| Untracked 
| 107|0x000000061ac00000, 0x000000061ac00000, 0x000000061b000000|  0%| F|  |TAMS 0x000000061ac00000, 0x000000061ac00000| Untracked 
| 108|0x000000061b000000, 0x000000061b000000, 0x000000061b400000|  0%| F|  |TAMS 0x000000061b000000, 0x000000061b000000| Untracked 
| 109|0x000000061b400000, 0x000000061b400000, 0x000000061b800000|  0%| F|  |TAMS 0x000000061b400000, 0x000000061b400000| Untracked 
| 110|0x000000061b800000, 0x000000061b800000, 0x000000061bc00000|  0%| F|  |TAMS 0x000000061b800000, 0x000000061b800000| Untracked 
| 111|0x000000061bc00000, 0x000000061bc00000, 0x000000061c000000|  0%| F|  |TAMS 0x000000061bc00000, 0x000000061bc00000| Untracked 
| 112|0x000000061c000000, 0x000000061c000000, 0x000000061c400000|  0%| F|  |TAMS 0x000000061c000000, 0x000000061c000000| Untracked 
| 113|0x000000061c400000, 0x000000061c400000, 0x000000061c800000|  0%| F|  |TAMS 0x000000061c400000, 0x000000061c400000| Untracked 
| 114|0x000000061c800000, 0x000000061c800000, 0x000000061cc00000|  0%| F|  |TAMS 0x000000061c800000, 0x000000061c800000| Untracked 
| 115|0x000000061cc00000, 0x000000061cd216e0, 0x000000061d000000| 28%| E|  |TAMS 0x000000061cc00000, 0x000000061cc00000| Complete 
| 116|0x000000061d000000, 0x000000061d400000, 0x000000061d400000|100%| E|CS|TAMS 0x000000061d000000, 0x000000061d000000| Complete 
| 117|0x000000061d400000, 0x000000061d800000, 0x000000061d800000|100%| E|CS|TAMS 0x000000061d400000, 0x000000061d400000| Complete 
| 118|0x000000061d800000, 0x000000061dc00000, 0x000000061dc00000|100%| E|CS|TAMS 0x000000061d800000, 0x000000061d800000| Complete 
| 119|0x000000061dc00000, 0x000000061e000000, 0x000000061e000000|100%| E|CS|TAMS 0x000000061dc00000, 0x000000061dc00000| Complete 
| 120|0x000000061e000000, 0x000000061e400000, 0x000000061e400000|100%| E|CS|TAMS 0x000000061e000000, 0x000000061e000000| Complete 
| 121|0x000000061e400000, 0x000000061e67a288, 0x000000061e800000| 61%| S|CS|TAMS 0x000000061e400000, 0x000000061e400000| Complete 
| 122|0x000000061e800000, 0x000000061ec00000, 0x000000061ec00000|100%| E|CS|TAMS 0x000000061e800000, 0x000000061e800000| Complete 
| 123|0x000000061ec00000, 0x000000061f000000, 0x000000061f000000|100%| E|CS|TAMS 0x000000061ec00000, 0x000000061ec00000| Complete 
| 124|0x000000061f000000, 0x000000061f400000, 0x000000061f400000|100%| E|CS|TAMS 0x000000061f000000, 0x000000061f000000| Complete 
| 125|0x000000061f400000, 0x000000061f800000, 0x000000061f800000|100%| E|CS|TAMS 0x000000061f400000, 0x000000061f400000| Complete 
| 126|0x000000061f800000, 0x000000061fc00000, 0x000000061fc00000|100%| E|CS|TAMS 0x000000061f800000, 0x000000061f800000| Complete 
| 127|0x000000061fc00000, 0x0000000620000000, 0x0000000620000000|100%| E|CS|TAMS 0x000000061fc00000, 0x000000061fc00000| Complete 
|2046|0x00000007ff800000, 0x00000007ffb78000, 0x00000007ffc00000| 86%|OA|  |TAMS 0x00000007ff800000, 0x00000007ff800000| Untracked 
|2047|0x00000007ffc00000, 0x00000007ffc80000, 0x0000000800000000| 12%|CA|  |TAMS 0x00000007ffc00000, 0x00000007ffc00000| Untracked 

Card table byte_map: [0x000000011e524000,0x000000011f524000] _byte_map_base: 0x000000011b524000

Marking Bits (Prev, Next): (CMBitMap*) 0x0000000140042e10, (CMBitMap*) 0x0000000140042e50
 Prev Bits: [0x0000000120524000, 0x0000000128524000)
 Next Bits: [0x0000000141000000, 0x0000000149000000)

Polling page: 0x0000000104c60000

Metaspace:

Usage:
  Non-class:     11.48 MB used.
      Class:      1.98 MB used.
       Both:     13.46 MB used.

Virtual space:
  Non-class space:       16.00 MB reserved,      11.56 MB ( 72%) committed,  2 nodes.
      Class space:        1.00 GB reserved,       2.06 MB ( <1%) committed,  1 nodes.
             Both:        1.02 GB reserved,      13.62 MB (  1%) committed. 

Chunk freelists:
   Non-Class:  3.19 MB
       Class:  1.95 MB
        Both:  5.14 MB

MaxMetaspaceSize: unlimited
CompressedClassSpaceSize: 1.00 GB
Initial GC threshold: 21.00 MB
Current GC threshold: 21.00 MB
CDS: on
MetaspaceReclaimPolicy: balanced
 - commit_granule_bytes: 65536.
 - commit_granule_words: 8192.
 - virtual_space_node_default_size: 1048576.
 - enlarge_chunks_in_place: 1.
 - new_chunks_are_fully_committed: 0.
 - uncommit_free_chunks: 1.
 - use_allocation_guard: 0.
 - handle_deallocations: 1.


Internal statistics:

num_allocs_failed_limit: 0.
num_arena_births: 202.
num_arena_deaths: 0.
num_vsnodes_births: 3.
num_vsnodes_deaths: 0.
num_space_committed: 218.
num_space_uncommitted: 0.
num_chunks_returned_to_freelist: 0.
num_chunks_taken_from_freelist: 703.
num_chunk_merges: 0.
num_chunk_splits: 478.
num_chunks_enlarged: 366.
num_purges: 0.
num_inconsistent_stats: 0.

CodeHeap 'non-profiled nmethods': size=120032Kb used=1126Kb max_used=1126Kb free=118905Kb
 bounds [0x0000000115fec000, 0x000000011625c000, 0x000000011d524000]
CodeHeap 'profiled nmethods': size=120016Kb used=5584Kb max_used=5584Kb free=114431Kb
 bounds [0x000000010eab8000, 0x000000010f038000, 0x0000000115fec000]
CodeHeap 'non-nmethods': size=5712Kb used=1373Kb max_used=1494Kb free=4338Kb
 bounds [0x000000010e524000, 0x000000010e794000, 0x000000010eab8000]
 total_blobs=3543 nmethods=2789 adapters=670
 compilation: enabled
              stopped_count=0, restarted_count=0
 full_count=0

Compilation events (20 events):
Event: 4.328 Thread 0x000000012d80aa00 2840       3       com.sun.javafx.event.EventDispatchChainImpl::ensureCapacity (89 bytes)
Event: 4.328 Thread 0x000000012d80aa00 nmethod 2840 0x000000010f025f10 code [0x000000010f026100, 0x000000010f026708]
Event: 4.408 Thread 0x000000012d80aa00 2841       3       com.sun.javafx.event.EventHandlerManager::dispatchCapturingEvent (23 bytes)
Event: 4.408 Thread 0x000000012d80aa00 nmethod 2841 0x000000010f026890 code [0x000000010f026a80, 0x000000010f026e08]
Event: 4.408 Thread 0x000000012d80aa00 2842       3       com.sun.javafx.event.EventHandlerManager::dispatchBubblingEvent (23 bytes)
Event: 4.408 Thread 0x000000012d80aa00 nmethod 2842 0x000000010f026f90 code [0x000000010f027180, 0x000000010f027508]
Event: 4.425 Thread 0x000000012d80aa00 2843       3       javafx.scene.Scene$ClickCounter::stopTimeout (20 bytes)
Event: 4.425 Thread 0x000000012d80aa00 nmethod 2843 0x000000010f027690 code [0x000000010f027840, 0x000000010f027a18]
Event: 4.480 Thread 0x000000012d80aa00 2844       3       java.util.WeakHashMap::putAll (133 bytes)
Event: 4.480 Thread 0x000000012d80aa00 nmethod 2844 0x000000010f027b10 code [0x000000010f027dc0, 0x000000010f028a18]
Event: 4.480 Thread 0x000000012d80aa00 2845       3       java.util.WeakHashMap::size (18 bytes)
Event: 4.480 Thread 0x000000012d80aa00 nmethod 2845 0x000000010f028d10 code [0x000000010f028ec0, 0x000000010f0290d8]
Event: 4.505 Thread 0x000000012d80aa00 2846       3       com.sun.scenario.animation.AnimationPulse::getDefaultBean (4 bytes)
Event: 4.505 Thread 0x000000012d80aa00 nmethod 2846 0x000000010f029190 code [0x000000010f029340, 0x000000010f029428]
Event: 4.568 Thread 0x000000012d80aa00 2848       3       com.sun.glass.ui.View::getWindow (8 bytes)
Event: 4.569 Thread 0x000000012d80aa00 nmethod 2848 0x000000010f029510 code [0x000000010f029700, 0x000000010f029ac8]
Event: 4.687 Thread 0x000000012d80aa00 2849       3       java.util.WeakHashMap::<init> (133 bytes)
Event: 4.690 Thread 0x000000012d80aa00 nmethod 2849 0x000000010f029c90 code [0x000000010f02a100, 0x000000010f02b6d8]
Event: 4.780 Thread 0x000000012d80aa00 2850       3       com.sun.scenario.animation.AbstractPrimaryTimer::nanos (37 bytes)
Event: 4.780 Thread 0x000000012d80aa00 nmethod 2850 0x000000010f02be90 code [0x000000010f02c040, 0x000000010f02c2a8]

GC Heap History (2 events):
Event: 0.244 GC heap before
{Heap before GC invocations=0 (full 0):
 garbage-first heap   total 532480K, used 28640K [0x0000000600000000, 0x0000000800000000)
  region size 4096K, 6 young (24576K), 0 survivors (0K)
 Metaspace       used 4934K, committed 5184K, reserved 1056768K
  class space    used 603K, committed 768K, reserved 1048576K
}
Event: 0.246 GC heap after
{Heap after GC invocations=1 (full 0):
 garbage-first heap   total 532480K, used 6600K [0x0000000600000000, 0x0000000800000000)
  region size 4096K, 1 young (4096K), 1 survivors (4096K)
 Metaspace       used 4934K, committed 5184K, reserved 1056768K
  class space    used 603K, committed 768K, reserved 1048576K
}

Deoptimization events (20 events):
Event: 1.306 Thread 0x0000000140020a00 Uncommon trap: trap_request=0xffffff66 fr.pc=0x00000001160eb6c0 relative=0x0000000000000a00
Event: 1.306 Thread 0x0000000140020a00 Uncommon trap: reason=speculate_class_check action=maybe_recompile pc=0x00000001160eb6c0 method=com.sun.javafx.sg.prism.NGNode.doRender(Lcom/sun/prism/Graphics;)V @ 330 c2
Event: 1.306 Thread 0x0000000140020a00 DEOPT PACKING pc=0x00000001160eb6c0 sp=0x000000016dfb9700
Event: 1.306 Thread 0x0000000140020a00 DEOPT UNPACKING pc=0x000000010e562d1c sp=0x000000016dfb95c0 mode 2
Event: 1.306 Thread 0x0000000140020a00 Uncommon trap: trap_request=0xffffff66 fr.pc=0x00000001160eb6c0 relative=0x0000000000000a00
Event: 1.306 Thread 0x0000000140020a00 Uncommon trap: reason=speculate_class_check action=maybe_recompile pc=0x00000001160eb6c0 method=com.sun.javafx.sg.prism.NGNode.doRender(Lcom/sun/prism/Graphics;)V @ 330 c2
Event: 1.306 Thread 0x0000000140020a00 DEOPT PACKING pc=0x00000001160eb6c0 sp=0x000000016dfb9700
Event: 1.306 Thread 0x0000000140020a00 DEOPT UNPACKING pc=0x000000010e562d1c sp=0x000000016dfb95c0 mode 2
Event: 1.306 Thread 0x0000000140020a00 Uncommon trap: trap_request=0xffffff66 fr.pc=0x00000001160eb6c0 relative=0x0000000000000a00
Event: 1.306 Thread 0x0000000140020a00 Uncommon trap: reason=speculate_class_check action=maybe_recompile pc=0x00000001160eb6c0 method=com.sun.javafx.sg.prism.NGNode.doRender(Lcom/sun/prism/Graphics;)V @ 330 c2
Event: 1.306 Thread 0x0000000140020a00 DEOPT PACKING pc=0x00000001160eb6c0 sp=0x000000016dfb9700
Event: 1.306 Thread 0x0000000140020a00 DEOPT UNPACKING pc=0x000000010e562d1c sp=0x000000016dfb95c0 mode 2
Event: 1.307 Thread 0x0000000140020a00 Uncommon trap: trap_request=0xffffff66 fr.pc=0x00000001160eb6c0 relative=0x0000000000000a00
Event: 1.307 Thread 0x0000000140020a00 Uncommon trap: reason=speculate_class_check action=maybe_recompile pc=0x00000001160eb6c0 method=com.sun.javafx.sg.prism.NGNode.doRender(Lcom/sun/prism/Graphics;)V @ 330 c2
Event: 1.307 Thread 0x0000000140020a00 DEOPT PACKING pc=0x00000001160eb6c0 sp=0x000000016dfb9700
Event: 1.307 Thread 0x0000000140020a00 DEOPT UNPACKING pc=0x000000010e562d1c sp=0x000000016dfb95c0 mode 2
Event: 4.217 Thread 0x00000001401ac000 Uncommon trap: trap_request=0xffffff45 fr.pc=0x00000001160f23c0 relative=0x0000000000000340
Event: 4.217 Thread 0x00000001401ac000 Uncommon trap: reason=unstable_if action=reinterpret pc=0x00000001160f23c0 method=javafx.scene.Node.updateBounds()V @ 116 c2
Event: 4.217 Thread 0x00000001401ac000 DEOPT PACKING pc=0x00000001160f23c0 sp=0x000000016b31eb10
Event: 4.217 Thread 0x00000001401ac000 DEOPT UNPACKING pc=0x000000010e562d1c sp=0x000000016b31eaa0 mode 2

Classes unloaded (0 events):
No events

Classes redefined (0 events):
No events

Internal exceptions (20 events):
Event: 0.144 Thread 0x0000000140020400 Exception <a 'java/lang/NoSuchMethodError'{0x000000061f5c7e28}: 'int java.lang.invoke.DirectMethodHandle$Holder.invokeStaticInit(java.lang.Object, java.lang.Object, java.lang.Object)'> (0x000000061f5c7e28) 
thrown [open/src/hotspot/share/interpreter/linkResolver.cpp, line 766]
Event: 0.144 Thread 0x0000000140020400 Exception <a 'java/lang/NoSuchMethodError'{0x000000061f5d1530}: 'void java.lang.invoke.DirectMethodHandle$Holder.invokeStatic(java.lang.Object, java.lang.Object)'> (0x000000061f5d1530) 
thrown [open/src/hotspot/share/interpreter/linkResolver.cpp, line 766]
Event: 0.224 Thread 0x00000001401ac000 Exception <a 'java/lang/NoSuchMethodError'{0x000000061f3919d0}: 'void java.lang.invoke.DirectMethodHandle$Holder.invokeStaticInit(java.lang.Object)'> (0x000000061f3919d0) 
thrown [open/src/hotspot/share/interpreter/linkResolver.cpp, line 766]
Event: 0.243 Thread 0x00000001401ac000 Exception <a 'java/lang/NoSuchMethodError'{0x000000061e9e7990}: 'java.lang.Object java.lang.invoke.DirectMethodHandle$Holder.invokeStaticInit(java.lang.Object, java.lang.Object, java.lang.Object, java.lang.Object)'> (0x000000061e9e7990) 
thrown [open/src/hotspot/share/interpreter/linkResolver.cpp, line 766]
Event: 0.244 Thread 0x00000001401ac000 Exception <a 'java/lang/NullPointerException'{0x000000061e9f3430}> (0x000000061e9f3430) 
thrown [open/src/hotspot/share/interpreter/linkResolver.cpp, line 1357]
Event: 0.267 Thread 0x00000001401ac000 Implicit null exception at 0x00000001160423fc to 0x0000000116042530
Event: 0.291 Thread 0x00000001401ac000 Exception <a 'java/lang/NoSuchMethodError'{0x000000061f1a38b0}: 'void java.lang.invoke.DirectMethodHandle$Holder.invokeStaticInit(java.lang.Object, java.lang.Object)'> (0x000000061f1a38b0) 
thrown [open/src/hotspot/share/interpreter/linkResolver.cpp, line 766]
Event: 0.293 Thread 0x00000001401ac000 Exception <a 'java/lang/NoSuchMethodError'{0x000000061f2039d0}: 'void java.lang.invoke.DirectMethodHandle$Holder.invokeSpecial(java.lang.Object, java.lang.Object, java.lang.Object, java.lang.Object, java.lang.Object)'> (0x000000061f2039d0) 
thrown [open/src/hotspot/share/interpreter/linkResolver.cpp, line 766]
Event: 0.304 Thread 0x00000001401ac000 Exception <a 'java/lang/NoSuchMethodError'{0x000000061ee28c28}: 'int java.lang.invoke.DirectMethodHandle$Holder.invokeSpecial(java.lang.Object, java.lang.Object, java.lang.Object)'> (0x000000061ee28c28) 
thrown [open/src/hotspot/share/interpreter/linkResolver.cpp, line 766]
Event: 0.327 Thread 0x00000001401ac000 Implicit null exception at 0x0000000116057754 to 0x0000000116057ab0
Event: 0.369 Thread 0x00000001401ac000 Exception <a 'java/lang/NoSuchMethodError'{0x000000061e15bb60}: 'java.lang.Object java.lang.invoke.DirectMethodHandle$Holder.newInvokeSpecial(java.lang.Object, java.lang.Object, java.lang.Object, java.lang.Object, java.lang.Object)'> (0x000000061e15bb60) 
thrown [open/src/hotspot/share/interpreter/linkResolver.cpp, line 766]
Event: 0.457 Thread 0x00000001401ac000 Implicit null exception at 0x000000011603cf04 to 0x000000011603d310
Event: 0.462 Thread 0x00000001401ac000 Exception <a 'java/lang/NoSuchMethodError'{0x000000061dc6f900}: 'java.lang.Object java.lang.invoke.DirectMethodHandle$Holder.invokeInterface(java.lang.Object, java.lang.Object, java.lang.Object)'> (0x000000061dc6f900) 
thrown [open/src/hotspot/share/interpreter/linkResolver.cpp, line 766]
Event: 0.462 Thread 0x00000001401ac000 Exception <a 'java/lang/IncompatibleClassChangeError'{0x000000061dc73288}: Found class java.lang.Object, but interface was expected> (0x000000061dc73288) 
thrown [open/src/hotspot/share/interpreter/linkResolver.cpp, line 833]
Event: 0.488 Thread 0x00000001401ac000 Exception <a 'java/lang/NoSuchMethodError'{0x000000061df60888}: 'java.lang.Object java.lang.invoke.DirectMethodHandle$Holder.newInvokeSpecial(java.lang.Object, java.lang.Object, int)'> (0x000000061df60888) 
thrown [open/src/hotspot/share/interpreter/linkResolver.cpp, line 766]
Event: 0.555 Thread 0x00000001401ac000 Exception <a 'java/lang/NoSuchMethodError'{0x000000061d4563d8}: 'long java.lang.invoke.DirectMethodHandle$Holder.invokeStatic(java.lang.Object, java.lang.Object, java.lang.Object)'> (0x000000061d4563d8) 
thrown [open/src/hotspot/share/interpreter/linkResolver.cpp, line 766]
Event: 0.555 Thread 0x00000001401ac000 Exception <a 'java/lang/NoSuchMethodError'{0x000000061d459e28}: 'long java.lang.invoke.DirectMethodHandle$Holder.invokeStaticInit(java.lang.Object, java.lang.Object, java.lang.Object)'> (0x000000061d459e28) 
thrown [open/src/hotspot/share/interpreter/linkResolver.cpp, line 766]
Event: 0.556 Thread 0x00000001401ac000 Exception <a 'java/lang/NoSuchMethodError'{0x000000061d471cd8}: 'java.lang.Object java.lang.invoke.DirectMethodHandle$Holder.newInvokeSpecial(java.lang.Object, java.lang.Object, long)'> (0x000000061d471cd8) 
thrown [open/src/hotspot/share/interpreter/linkResolver.cpp, line 766]
Event: 0.556 Thread 0x00000001401ac000 Exception <a 'java/lang/NoSuchMethodError'{0x000000061d475848}: 'java.lang.Object java.lang.invoke.Invokers$Holder.linkToTargetMethod(java.lang.Object, long, java.lang.Object)'> (0x000000061d475848) 
thrown [open/src/hotspot/share/interpreter/linkResolver.cpp, line 766]
Event: 0.568 Thread 0x0000000140020a00 Exception <a 'java/lang/NoSuchMethodError'{0x000000061d5edc38}: 'int java.lang.invoke.DirectMethodHandle$Holder.invokeStaticInit(java.lang.Object, java.lang.Object)'> (0x000000061d5edc38) 
thrown [open/src/hotspot/share/interpreter/linkResolver.cpp, line 766]

VM Operations (20 events):
Event: 0.309 Executing VM operation: HandshakeAllThreads
Event: 0.309 Executing VM operation: HandshakeAllThreads done
Event: 0.312 Executing VM operation: HandshakeAllThreads
Event: 0.312 Executing VM operation: HandshakeAllThreads done
Event: 0.384 Executing VM operation: ICBufferFull
Event: 0.384 Executing VM operation: ICBufferFull done
Event: 0.511 Executing VM operation: ICBufferFull
Event: 0.512 Executing VM operation: ICBufferFull done
Event: 0.534 Executing VM operation: ICBufferFull
Event: 0.534 Executing VM operation: ICBufferFull done
Event: 0.534 Executing VM operation: HandshakeAllThreads
Event: 0.534 Executing VM operation: HandshakeAllThreads done
Event: 0.737 Executing VM operation: ICBufferFull
Event: 0.737 Executing VM operation: ICBufferFull done
Event: 1.063 Executing VM operation: ICBufferFull
Event: 1.063 Executing VM operation: ICBufferFull done
Event: 2.068 Executing VM operation: Cleanup
Event: 2.068 Executing VM operation: Cleanup done
Event: 4.071 Executing VM operation: Cleanup
Event: 4.071 Executing VM operation: Cleanup done

Events (20 events):
Event: 0.625 loading class jdk/internal/reflect/UnsafeQualifiedStaticObjectFieldAccessorImpl
Event: 0.625 loading class jdk/internal/reflect/UnsafeQualifiedStaticFieldAccessorImpl
Event: 0.625 loading class jdk/internal/reflect/UnsafeQualifiedStaticFieldAccessorImpl done
Event: 0.625 loading class jdk/internal/reflect/UnsafeQualifiedStaticObjectFieldAccessorImpl done
Event: 0.652 loading class java/nio/DirectFloatBufferU
Event: 0.652 loading class java/nio/DirectFloatBufferU done
Event: 0.846 Protecting memory [0x000000016d794000,0x000000016d7a0000] with protection modes 3
Event: 0.847 Thread 0x000000012d008e00 Thread exited: 0x000000012d008e00
Event: 1.420 Protecting memory [0x000000016d588000,0x000000016d594000] with protection modes 3
Event: 1.421 Thread 0x000000012d008800 Thread exited: 0x000000012d008800
Event: 1.572 Protecting memory [0x000000016e1d0000,0x000000016e1dc000] with protection modes 3
Event: 1.572 Thread 0x00000001401d9a00 Thread exited: 0x00000001401d9a00
Event: 3.773 loading class java/util/EnumMap$Values
Event: 3.773 loading class java/util/EnumMap$Values done
Event: 3.774 loading class java/util/EnumMap$ValueIterator
Event: 3.774 loading class java/util/EnumMap$EnumMapIterator
Event: 3.774 loading class java/util/EnumMap$EnumMapIterator done
Event: 3.774 loading class java/util/EnumMap$ValueIterator done
Event: 4.213 Protecting memory [0x000000016d588000,0x000000016d594000] with protection modes 0
Event: 4.213 Thread 0x000000012e012600 Thread added: 0x000000012e012600


Dynamic libraries:
0x0000000104c10000 	/Library/Java/JavaVirtualMachines/jdk-17.0.2.jdk/Contents/Home/lib/libjli.dylib
0x00000001bd932000 	/usr/lib/libz.1.dylib
0x00000001bd9e2000 	/usr/lib/libSystem.B.dylib
0x00000001bd9dc000 	/usr/lib/system/libcache.dylib
0x00000001bd99a000 	/usr/lib/system/libcommonCrypto.dylib
0x00000001bd9c3000 	/usr/lib/system/libcompiler_rt.dylib
0x00000001bd9ba000 	/usr/lib/system/libcopyfile.dylib
0x00000001b2ce6000 	/usr/lib/system/libcorecrypto.dylib
0x00000001b2d8b000 	/usr/lib/system/libdispatch.dylib
0x00000001b2f53000 	/usr/lib/system/libdyld.dylib
0x00000001bd9d2000 	/usr/lib/system/libkeymgr.dylib
0x00000001bd97c000 	/usr/lib/system/libmacho.dylib
0x00000001bd088000 	/usr/lib/system/libquarantine.dylib
0x00000001bd9cf000 	/usr/lib/system/libremovefile.dylib
0x00000001b80d5000 	/usr/lib/system/libsystem_asl.dylib
0x00000001b2c90000 	/usr/lib/system/libsystem_blocks.dylib
0x00000001b2e11000 	/usr/lib/system/libsystem_c.dylib
0x00000001bd9c7000 	/usr/lib/system/libsystem_collections.dylib
0x00000001bc4e5000 	/usr/lib/system/libsystem_configuration.dylib
0x00000001bb76b000 	/usr/lib/system/libsystem_containermanager.dylib
0x00000001bd6e6000 	/usr/lib/system/libsystem_coreservices.dylib
0x00000001b5678000 	/usr/lib/system/libsystem_darwin.dylib
0x00000001bd9d3000 	/usr/lib/system/libsystem_dnssd.dylib
0x00000001b2e0e000 	/usr/lib/system/libsystem_featureflags.dylib
0x00000001b2f68000 	/usr/lib/system/libsystem_info.dylib
0x00000001bd944000 	/usr/lib/system/libsystem_m.dylib
0x00000001b2d60000 	/usr/lib/system/libsystem_malloc.dylib
0x00000001b8066000 	/usr/lib/system/libsystem_networkextension.dylib
0x00000001b5acb000 	/usr/lib/system/libsystem_notify.dylib
0x00000001c3baf000 	/usr/lib/system/libsystem_product_info_filter.dylib
0x00000001bc4ea000 	/usr/lib/system/libsystem_sandbox.dylib
0x00000001bd9cc000 	/usr/lib/system/libsystem_secinit.dylib
0x00000001b2f10000 	/usr/lib/system/libsystem_kernel.dylib
0x00000001b2f60000 	/usr/lib/system/libsystem_platform.dylib
0x00000001b2f46000 	/usr/lib/system/libsystem_pthread.dylib
0x00000001b980b000 	/usr/lib/system/libsystem_symptoms.dylib
0x00000001b2ccc000 	/usr/lib/system/libsystem_trace.dylib
0x00000001bd9a7000 	/usr/lib/system/libunwind.dylib
0x00000001b2c92000 	/usr/lib/system/libxpc.dylib
0x00000001b2ef6000 	/usr/lib/libc++abi.dylib
0x00000001b2dd2000 	/usr/lib/libobjc.A.dylib
0x00000001bd9b2000 	/usr/lib/liboah.dylib
0x00000001b2e92000 	/usr/lib/libc++.1.dylib
0x00000001c958c000 	/System/Library/Frameworks/Cocoa.framework/Versions/A/Cocoa
0x00000001b5b2a000 	/System/Library/Frameworks/AppKit.framework/Versions/C/AppKit
0x00000001b904c000 	/System/Library/Frameworks/CoreData.framework/Versions/A/CoreData
0x00000001b3e8b000 	/System/Library/Frameworks/Foundation.framework/Versions/C/Foundation
0x00000001b69dc000 	/System/Library/PrivateFrameworks/UIFoundation.framework/Versions/A/UIFoundation
0x00000001c38a9000 	/System/Library/PrivateFrameworks/RemoteViewServices.framework/Versions/A/RemoteViewServices
0x00000001bbea4000 	/System/Library/PrivateFrameworks/XCTTargetBootstrap.framework/Versions/A/XCTTargetBootstrap
0x00000001bf6e4000 	/System/Library/PrivateFrameworks/InternationalSupport.framework/Versions/A/InternationalSupport
0x00000001bf76d000 	/System/Library/PrivateFrameworks/UserActivity.framework/Versions/A/UserActivity
0x00000001bec0f000 	/usr/lib/libspindump.dylib
0x00000001b6c4c000 	/System/Library/Frameworks/UniformTypeIdentifiers.framework/Versions/A/UniformTypeIdentifiers
0x00000001ba432000 	/usr/lib/libapp_launch_measurement.dylib
0x00000001b99af000 	/System/Library/PrivateFrameworks/CoreAnalytics.framework/Versions/A/CoreAnalytics
0x00000001ba435000 	/System/Library/PrivateFrameworks/CoreAutoLayout.framework/Versions/A/CoreAutoLayout
0x00000001bb7a8000 	/System/Library/Frameworks/Metal.framework/Versions/A/Metal
0x00000001bc4f5000 	/usr/lib/liblangid.dylib
0x00000001bbea8000 	/System/Library/PrivateFrameworks/CoreSVG.framework/Versions/A/CoreSVG
0x00000001b8109000 	/System/Library/PrivateFrameworks/SkyLight.framework/Versions/A/SkyLight
0x00000001b84d1000 	/System/Library/Frameworks/CoreGraphics.framework/Versions/A/CoreGraphics
0x00000001c3f22000 	/System/Library/Frameworks/Accelerate.framework/Versions/A/Accelerate
0x00000001be684000 	/System/Library/PrivateFrameworks/IconServices.framework/Versions/A/IconServices
0x00000001bb78a000 	/System/Library/Frameworks/IOSurface.framework/Versions/A/IOSurface
0x00000001b99df000 	/usr/lib/libDiagnosticMessagesClient.dylib
0x00000001c735a000 	/System/Library/Frameworks/ApplicationServices.framework/Versions/A/ApplicationServices
0x00000001bbe8c000 	/System/Library/PrivateFrameworks/DFRFoundation.framework/Versions/A/DFRFoundation
0x00000001b53cd000 	/usr/lib/libicucore.A.dylib
0x00000001c04e1000 	/System/Library/Frameworks/AudioToolbox.framework/Versions/A/AudioToolbox
0x00000001bf6f0000 	/System/Library/PrivateFrameworks/DataDetectorsCore.framework/Versions/A/DataDetectorsCore
0x00000001d570c000 	/System/Library/PrivateFrameworks/TextInput.framework/Versions/A/TextInput
0x00000001b8080000 	/usr/lib/libMobileGestalt.dylib
0x00000001bbb5c000 	/System/Library/Frameworks/Carbon.framework/Versions/A/Frameworks/HIToolbox.framework/Versions/A/HIToolbox
0x00000001b9e3c000 	/System/Library/Frameworks/QuartzCore.framework/Versions/A/QuartzCore
0x00000001b504a000 	/System/Library/Frameworks/Security.framework/Versions/A/Security
0x00000001c38e9000 	/System/Library/Frameworks/Carbon.framework/Versions/A/Frameworks/SpeechRecognition.framework/Versions/A/SpeechRecognition
0x00000001ba189000 	/System/Library/PrivateFrameworks/CoreUI.framework/Versions/A/CoreUI
0x00000001b491d000 	/System/Library/Frameworks/CoreAudio.framework/Versions/A/CoreAudio
0x00000001b9acf000 	/System/Library/Frameworks/DiskArbitration.framework/Versions/A/DiskArbitration
0x00000001beff7000 	/System/Library/PrivateFrameworks/MultitouchSupport.framework/Versions/A/MultitouchSupport
0x00000001b807e000 	/usr/lib/libenergytrace.dylib
0x00000001b59f6000 	/System/Library/Frameworks/IOKit.framework/Versions/A/IOKit
0x00000001c3cd0000 	/System/Library/Frameworks/CoreServices.framework/Versions/A/CoreServices
0x00000001ba3c2000 	/System/Library/PrivateFrameworks/PerformanceAnalysis.framework/Versions/A/PerformanceAnalysis
0x0000000213f31000 	/System/Library/Frameworks/OpenGL.framework/Versions/A/OpenGL
0x00000001bcfa8000 	/System/Library/PrivateFrameworks/MobileKeyBag.framework/Versions/A/MobileKeyBag
0x00000001b8ae1000 	/System/Library/Frameworks/ColorSync.framework/Versions/A/ColorSync
0x00000001b2f94000 	/System/Library/Frameworks/CoreFoundation.framework/Versions/A/CoreFoundation
0x00000001bc129000 	/System/Library/Frameworks/CoreImage.framework/Versions/A/CoreImage
0x00000001b4740000 	/System/Library/Frameworks/CoreText.framework/Versions/A/CoreText
0x00000001bbed8000 	/System/Library/Frameworks/ImageIO.framework/Versions/A/ImageIO
0x00000001bd9e8000 	/System/Library/PrivateFrameworks/SoftLinking.framework/Versions/A/SoftLinking
0x00000001ba47f000 	/usr/lib/libxml2.2.dylib
0x00000001bdc80000 	/usr/lib/libcompression.dylib
0x00000001bf63d000 	/System/Library/PrivateFrameworks/TextureIO.framework/Versions/A/TextureIO
0x00000001be39e000 	/usr/lib/libate.dylib
0x00000001be266000 	/usr/lib/liblzma.5.dylib
0x00000001b3b7c000 	/System/Library/Frameworks/SystemConfiguration.framework/Versions/A/SystemConfiguration
0x00000001bd9e4000 	/usr/lib/libfakelink.dylib
0x00000001b7bae000 	/System/Library/Frameworks/CFNetwork.framework/Versions/A/CFNetwork
0x00000001bdb2b000 	/usr/lib/libarchive.2.dylib
0x00000001bc4f1000 	/System/Library/PrivateFrameworks/AppleSystemInfo.framework/Versions/A/AppleSystemInfo
0x00000001bd0b2000 	/usr/lib/libbsm.0.dylib
0x00000001b70eb000 	/usr/lib/libnetwork.dylib
0x00000001bd982000 	/usr/lib/system/libkxld.dylib
0x00000001bccca000 	/System/Library/PrivateFrameworks/IOMobileFramebuffer.framework/Versions/A/IOMobileFramebuffer
0x000000022f85c000 	/usr/lib/libCoreEntitlements.dylib
0x00000001bd6c8000 	/System/Library/PrivateFrameworks/AppleFSCompression.framework/Versions/A/AppleFSCompression
0x00000001bd09b000 	/usr/lib/libcoretls.dylib
0x00000001be27f000 	/usr/lib/libcoretls_cfhelpers.dylib
0x00000001bdc7b000 	/usr/lib/libpam.2.dylib
0x00000001b9433000 	/usr/lib/libsqlite3.dylib
0x00000001be2e7000 	/usr/lib/libxar.1.dylib
0x00000001bd6d9000 	/usr/lib/libbz2.1.0.dylib
0x00000001bd9e9000 	/usr/lib/libpcap.A.dylib
0x00000001b9802000 	/usr/lib/libdns_services.dylib
0x00000001bdc4e000 	/usr/lib/libapple_nghttp2.dylib
0x00000001bda26000 	/usr/lib/libiconv.2.dylib
0x00000001bd97b000 	/usr/lib/libcharset.1.dylib
0x00000001ba3fe000 	/System/Library/Frameworks/CoreServices.framework/Versions/A/Frameworks/FSEvents.framework/Versions/A/FSEvents
0x00000001b5683000 	/System/Library/Frameworks/CoreServices.framework/Versions/A/Frameworks/CarbonCore.framework/Versions/A/CarbonCore
0x00000001b9a32000 	/System/Library/Frameworks/CoreServices.framework/Versions/A/Frameworks/Metadata.framework/Versions/A/Metadata
0x00000001bd6ec000 	/System/Library/Frameworks/CoreServices.framework/Versions/A/Frameworks/OSServices.framework/Versions/A/OSServices
0x00000001bdbb0000 	/System/Library/Frameworks/CoreServices.framework/Versions/A/Frameworks/SearchKit.framework/Versions/A/SearchKit
0x00000001b9790000 	/System/Library/Frameworks/CoreServices.framework/Versions/A/Frameworks/AE.framework/Versions/A/AE
0x00000001b34d8000 	/System/Library/Frameworks/CoreServices.framework/Versions/A/Frameworks/LaunchServices.framework/Versions/A/LaunchServices
0x00000001be20f000 	/System/Library/Frameworks/CoreServices.framework/Versions/A/Frameworks/DictionaryServices.framework/Versions/A/DictionaryServices
0x00000001ba40b000 	/System/Library/Frameworks/CoreServices.framework/Versions/A/Frameworks/SharedFileList.framework/Versions/A/SharedFileList
0x00000001bd08b000 	/usr/lib/libCheckFix.dylib
0x00000001b80ed000 	/System/Library/PrivateFrameworks/TCC.framework/Versions/A/TCC
0x00000001bc4f7000 	/System/Library/PrivateFrameworks/CoreNLP.framework/Versions/A/CoreNLP
0x00000001b99e2000 	/System/Library/PrivateFrameworks/MetadataUtilities.framework/Versions/A/MetadataUtilities
0x00000001b3c35000 	/usr/lib/libmecabra.dylib
0x00000001bd0c3000 	/usr/lib/libmecab.dylib
0x00000001b3c01000 	/usr/lib/libCRFSuite.dylib
0x00000001bd121000 	/usr/lib/libgermantok.dylib
0x00000001bdc27000 	/usr/lib/libThaiTokenizer.dylib
0x00000001b9ad7000 	/System/Library/Frameworks/Accelerate.framework/Versions/A/Frameworks/vImage.framework/Versions/A/vImage
0x00000001c3ca7000 	/System/Library/Frameworks/Accelerate.framework/Versions/A/Frameworks/vecLib.framework/Versions/A/vecLib
0x00000001be32b000 	/System/Library/Frameworks/Accelerate.framework/Versions/A/Frameworks/vecLib.framework/Versions/A/libvMisc.dylib
0x00000001bcbd4000 	/System/Library/Frameworks/Accelerate.framework/Versions/A/Frameworks/vecLib.framework/Versions/A/libvDSP.dylib
0x00000001b385b000 	/System/Library/Frameworks/Accelerate.framework/Versions/A/Frameworks/vecLib.framework/Versions/A/libBLAS.dylib
0x00000001bdd4f000 	/System/Library/Frameworks/Accelerate.framework/Versions/A/Frameworks/vecLib.framework/Versions/A/libLAPACK.dylib
0x00000001bd124000 	/System/Library/Frameworks/Accelerate.framework/Versions/A/Frameworks/vecLib.framework/Versions/A/libLinearAlgebra.dylib
0x00000001bdc66000 	/System/Library/Frameworks/Accelerate.framework/Versions/A/Frameworks/vecLib.framework/Versions/A/libSparseBLAS.dylib
0x00000001bdd4a000 	/System/Library/Frameworks/Accelerate.framework/Versions/A/Frameworks/vecLib.framework/Versions/A/libQuadrature.dylib
0x00000001bc5ee000 	/System/Library/Frameworks/Accelerate.framework/Versions/A/Frameworks/vecLib.framework/Versions/A/libBNNS.dylib
0x00000001b3b19000 	/System/Library/Frameworks/Accelerate.framework/Versions/A/Frameworks/vecLib.framework/Versions/A/libSparse.dylib
0x00000001bc5e6000 	/System/Library/PrivateFrameworks/LinguisticData.framework/Versions/A/LinguisticData
0x00000001b3acf000 	/System/Library/PrivateFrameworks/Lexicon.framework/Versions/A/Lexicon
0x00000001be323000 	/usr/lib/libChineseTokenizer.dylib
0x00000001b4279000 	/System/Library/PrivateFrameworks/LanguageModeling.framework/Versions/A/LanguageModeling
0x00000001bdc29000 	/System/Library/PrivateFrameworks/AppleSauce.framework/Versions/A/AppleSauce
0x00000001bccb7000 	/System/Library/PrivateFrameworks/CoreEmoji.framework/Versions/A/CoreEmoji
0x00000001bdb19000 	/usr/lib/libcmph.dylib
0x00000001ba3de000 	/System/Library/Frameworks/OpenDirectory.framework/Versions/A/Frameworks/CFOpenDirectory.framework/Versions/A/CFOpenDirectory
0x00000001ba3ce000 	/System/Library/Frameworks/OpenDirectory.framework/Versions/A/OpenDirectory
0x00000001be281000 	/System/Library/PrivateFrameworks/APFS.framework/Versions/A/APFS
0x00000001bcfe3000 	/System/Library/Frameworks/SecurityFoundation.framework/Versions/A/SecurityFoundation
0x00000001be2f5000 	/usr/lib/libutil.dylib
0x00000001b59b8000 	/System/Library/PrivateFrameworks/CoreServicesStore.framework/Versions/A/CoreServicesStore
0x00000001be2f9000 	/usr/lib/libxslt.1.dylib
0x00000001bd077000 	/System/Library/PrivateFrameworks/BackgroundTaskManagement.framework/Versions/A/BackgroundTaskManagement
0x00000001bf55e000 	/System/Library/Frameworks/ImageIO.framework/Versions/A/Resources/libRadiance.dylib
0x00000001bf567000 	/System/Library/Frameworks/ImageIO.framework/Versions/A/Resources/libJPEG.dylib
0x00000001bf4b9000 	/System/Library/Frameworks/ImageIO.framework/Versions/A/Resources/libPng.dylib
0x00000001bf4db000 	/System/Library/Frameworks/ImageIO.framework/Versions/A/Resources/libTIFF.dylib
0x00000001bf5c2000 	/System/Library/Frameworks/ImageIO.framework/Versions/A/Resources/libGIF.dylib
0x00000001bef07000 	/System/Library/Frameworks/ImageIO.framework/Versions/A/Resources/libJP2.dylib
0x00000001be64a000 	/usr/lib/libexpat.1.dylib
0x00000001beec2000 	/System/Library/PrivateFrameworks/AppleJPEG.framework/Versions/A/AppleJPEG
0x00000001bba1b000 	/System/Library/PrivateFrameworks/FontServices.framework/libFontParser.dylib
0x00000001b9735000 	/System/Library/PrivateFrameworks/RunningBoardServices.framework/Versions/A/RunningBoardServices
0x00000001c9bf7000 	/System/Library/PrivateFrameworks/IOSurfaceAccelerator.framework/Versions/A/IOSurfaceAccelerator
0x00000001beff3000 	/System/Library/PrivateFrameworks/WatchdogClient.framework/Versions/A/WatchdogClient
0x00000001b437d000 	/System/Library/Frameworks/CoreDisplay.framework/Versions/A/CoreDisplay
0x00000001bb90a000 	/System/Library/Frameworks/CoreMedia.framework/Versions/A/CoreMedia
0x00000001bb79e000 	/System/Library/PrivateFrameworks/IOAccelerator.framework/Versions/A/IOAccelerator
0x00000001ba56c000 	/System/Library/Frameworks/CoreVideo.framework/Versions/A/CoreVideo
0x00000001bdc79000 	/System/Library/Frameworks/MetalPerformanceShaders.framework/Versions/A/MetalPerformanceShaders
0x00000001bf030000 	/System/Library/Frameworks/VideoToolbox.framework/Versions/A/VideoToolbox
0x00000001b9679000 	/System/Library/PrivateFrameworks/BaseBoard.framework/Versions/A/BaseBoard
0x00000001b9418000 	/System/Library/PrivateFrameworks/ProtocolBuffer.framework/Versions/A/ProtocolBuffer
0x00000001bf559000 	/System/Library/PrivateFrameworks/GPUWrangler.framework/Versions/A/GPUWrangler
0x00000001bf538000 	/System/Library/PrivateFrameworks/IOPresentment.framework/Versions/A/IOPresentment
0x00000001bf561000 	/System/Library/PrivateFrameworks/DSExternalDisplay.framework/Versions/A/DSExternalDisplay
0x0000000213f24000 	/System/Library/Frameworks/OpenGL.framework/Versions/A/Libraries/libCoreFSCache.dylib
0x000000021d63e000 	/System/Library/PrivateFrameworks/GPUCompiler.framework/Versions/31001/Libraries/libGPUCompilerUtils.dylib
0x00000001bf5c7000 	/System/Library/PrivateFrameworks/CMCaptureCore.framework/Versions/A/CMCaptureCore
0x00000001bebfd000 	/System/Library/PrivateFrameworks/AppServerSupport.framework/Versions/A/AppServerSupport
0x00000001c0d9c000 	/System/Library/PrivateFrameworks/perfdata.framework/Versions/A/perfdata
0x00000001b449d000 	/System/Library/PrivateFrameworks/AudioToolboxCore.framework/Versions/A/AudioToolboxCore
0x00000001bb8e2000 	/System/Library/PrivateFrameworks/caulk.framework/Versions/A/caulk
0x00000001c0691000 	/usr/lib/libAudioStatistics.dylib
0x00000001d1eaa000 	/System/Library/PrivateFrameworks/SystemPolicy.framework/Versions/A/SystemPolicy
0x00000001c08f1000 	/usr/lib/libSMC.dylib
0x00000001c946e000 	/System/Library/Frameworks/CoreMIDI.framework/Versions/A/CoreMIDI
0x00000001bf487000 	/usr/lib/libAudioToolboxUtility.dylib
0x00000001ce350000 	/System/Library/PrivateFrameworks/OSAServicesClient.framework/Versions/A/OSAServicesClient
0x00000001c0da9000 	/usr/lib/libperfcheck.dylib
0x00000001d29ad000 	/usr/lib/libmis.dylib
0x0000000213f85000 	/System/Library/Frameworks/OpenGL.framework/Versions/A/Libraries/libGLU.dylib
0x0000000213f44000 	/System/Library/Frameworks/OpenGL.framework/Versions/A/Libraries/libGFXShared.dylib
0x000000021412e000 	/System/Library/Frameworks/OpenGL.framework/Versions/A/Libraries/libGL.dylib
0x0000000213f4d000 	/System/Library/Frameworks/OpenGL.framework/Versions/A/Libraries/libGLImage.dylib
0x0000000213f41000 	/System/Library/Frameworks/OpenGL.framework/Versions/A/Libraries/libCVMSPluginSupport.dylib
0x0000000213f2b000 	/System/Library/Frameworks/OpenGL.framework/Versions/A/Libraries/libCoreVMClient.dylib
0x00000001bc473000 	/System/Library/Frameworks/MetalPerformanceShaders.framework/Versions/A/Frameworks/MPSCore.framework/Versions/A/MPSCore
0x00000001bd63b000 	/System/Library/Frameworks/MetalPerformanceShaders.framework/Versions/A/Frameworks/MPSImage.framework/Versions/A/MPSImage
0x00000001bd139000 	/System/Library/Frameworks/MetalPerformanceShaders.framework/Versions/A/Frameworks/MPSNeuralNetwork.framework/Versions/A/MPSNeuralNetwork
0x00000001bd576000 	/System/Library/Frameworks/MetalPerformanceShaders.framework/Versions/A/Frameworks/MPSMatrix.framework/Versions/A/MPSMatrix
0x00000001bd351000 	/System/Library/Frameworks/MetalPerformanceShaders.framework/Versions/A/Frameworks/MPSRayIntersector.framework/Versions/A/MPSRayIntersector
0x00000001bd5a7000 	/System/Library/Frameworks/MetalPerformanceShaders.framework/Versions/A/Frameworks/MPSNDArray.framework/Versions/A/MPSNDArray
0x0000000215c40000 	/System/Library/Frameworks/MetalPerformanceShaders.framework/Versions/A/Frameworks/MPSFunctions.framework/Versions/A/MPSFunctions
0x00000001b3739000 	/System/Library/PrivateFrameworks/MetalTools.framework/Versions/A/MetalTools
0x00000001bc4ef000 	/System/Library/PrivateFrameworks/AggregateDictionary.framework/Versions/A/AggregateDictionary
0x00000001be430000 	/usr/lib/libIOReport.dylib
0x00000001c845c000 	/System/Library/PrivateFrameworks/ASEProcessing.framework/Versions/A/ASEProcessing
0x00000001be7a2000 	/System/Library/PrivateFrameworks/FaceCore.framework/Versions/A/FaceCore
0x00000001be794000 	/System/Library/PrivateFrameworks/GraphVisualizer.framework/Versions/A/GraphVisualizer
0x000000021d555000 	/System/Library/PrivateFrameworks/FontServices.framework/Versions/A/FontServices
0x00000001bebb7000 	/System/Library/PrivateFrameworks/OTSVG.framework/Versions/A/OTSVG
0x00000001ba13a000 	/System/Library/Frameworks/ApplicationServices.framework/Versions/A/Frameworks/ATS.framework/Versions/A/Resources/libFontRegistry.dylib
0x00000001bec06000 	/System/Library/PrivateFrameworks/FontServices.framework/libhvf.dylib
0x000000021d556000 	/System/Library/PrivateFrameworks/FontServices.framework/libXTFontStaticRegistryData.dylib
0x00000002142d0000 	/System/Library/Frameworks/OpenCL.framework/Versions/A/OpenCL
0x00000001be5fe000 	/System/Library/PrivateFrameworks/AppleVA.framework/Versions/A/AppleVA
0x00000001c06b9000 	/System/Library/Frameworks/ApplicationServices.framework/Versions/A/Frameworks/ATS.framework/Versions/A/ATS
0x00000001b8bde000 	/System/Library/Frameworks/ApplicationServices.framework/Versions/A/Frameworks/HIServices.framework/Versions/A/HIServices
0x00000001bf5d1000 	/System/Library/Frameworks/ApplicationServices.framework/Versions/A/Frameworks/PrintCore.framework/Versions/A/PrintCore
0x00000001c0a44000 	/System/Library/Frameworks/ApplicationServices.framework/Versions/A/Frameworks/QD.framework/Versions/A/QD
0x00000001c0a3c000 	/System/Library/Frameworks/ApplicationServices.framework/Versions/A/Frameworks/ColorSyncLegacy.framework/Versions/A/ColorSyncLegacy
0x00000001c06a5000 	/System/Library/Frameworks/ApplicationServices.framework/Versions/A/Frameworks/SpeechSynthesis.framework/Versions/A/SpeechSynthesis
0x00000001bf592000 	/System/Library/Frameworks/ApplicationServices.framework/Versions/A/Frameworks/ATSUI.framework/Versions/A/ATSUI
0x00000001c09d1000 	/usr/lib/libcups.2.dylib
0x00000001c0db7000 	/System/Library/Frameworks/Kerberos.framework/Versions/A/Kerberos
0x00000001c0dc8000 	/System/Library/Frameworks/GSS.framework/Versions/A/GSS
0x00000001c0728000 	/usr/lib/libresolv.9.dylib
0x00000001bec14000 	/System/Library/PrivateFrameworks/Heimdal.framework/Versions/A/Heimdal
0x00000001c76d0000 	/System/Library/Frameworks/Kerberos.framework/Versions/A/Libraries/libHeimdalProxy.dylib
0x00000001b9814000 	/System/Library/Frameworks/Network.framework/Versions/A/Network
0x00000001be665000 	/usr/lib/libheimdal-asn1.dylib
0x00000001c0e0e000 	/System/Library/PrivateFrameworks/CommonAuth.framework/Versions/A/CommonAuth
0x00000001c061f000 	/System/Library/PrivateFrameworks/AudioSession.framework/Versions/A/AudioSession
0x00000001be6f6000 	/System/Library/PrivateFrameworks/MediaExperience.framework/Versions/A/MediaExperience
0x00000001c04a7000 	/System/Library/PrivateFrameworks/AudioSession.framework/libSessionUtility.dylib
0x00000001c0a50000 	/System/Library/PrivateFrameworks/AudioResourceArbitration.framework/Versions/A/AudioResourceArbitration
0x00000001be66e000 	/System/Library/PrivateFrameworks/IconFoundation.framework/Versions/A/IconFoundation
0x00000001c38d5000 	/System/Library/PrivateFrameworks/SpeechRecognitionCore.framework/Versions/A/SpeechRecognitionCore
0x0000000105e34000 	/Library/Java/JavaVirtualMachines/jdk-17.0.2.jdk/Contents/Home/lib/server/libjvm.dylib
0x0000000104c74000 	/Library/Java/JavaVirtualMachines/jdk-17.0.2.jdk/Contents/Home/lib/libjimage.dylib
0x0000000104cfc000 	/Library/Java/JavaVirtualMachines/jdk-17.0.2.jdk/Contents/Home/lib/libjava.dylib
0x0000000104e3c000 	/Library/Java/JavaVirtualMachines/jdk-17.0.2.jdk/Contents/Home/lib/libnio.dylib
0x00000001050a0000 	/Library/Java/JavaVirtualMachines/jdk-17.0.2.jdk/Contents/Home/lib/libnet.dylib
0x0000000104e1c000 	/Library/Java/JavaVirtualMachines/jdk-17.0.2.jdk/Contents/Home/lib/libzip.dylib
0x0000000104e5c000 	/Users/critoma/.openjfx/cache/17/libprism_es2.dylib
0x00000001b597b000 	/System/Library/PrivateFrameworks/CoreServicesInternal.framework/Versions/A/CoreServicesInternal
0x0000000214138000 	/System/Library/Frameworks/OpenGL.framework/Versions/A/Resources/GLEngine.bundle/GLEngine
0x0000000213fbf000 	/System/Library/Frameworks/OpenGL.framework/Versions/A/Libraries/libGLProgrammability.dylib
0x0000000105d34000 	/System/Library/Extensions/AppleMetalOpenGLRenderer.bundle/Contents/MacOS/AppleMetalOpenGLRenderer
0x00000002142a7000 	/System/Library/Frameworks/OpenGL.framework/Versions/A/Resources/GLRendererFloat.bundle/GLRendererFloat
0x00000001f8283000 	/System/Library/Extensions/AGXMetalG13X.bundle/Contents/MacOS/AGXMetalG13X
0x00000001d29c9000 	/System/Library/PrivateFrameworks/GPURawCounter.framework/Versions/A/GPURawCounter
0x00000001cd49e000 	/System/Library/PrivateFrameworks/IOGPU.framework/Versions/A/IOGPU
0x0000000105c80000 	/Users/critoma/.openjfx/cache/17/libglass.dylib
0x00000001c4d75000 	/System/Library/Frameworks/FileProvider.framework/Versions/A/FileProvider
0x00000001b95e1000 	/System/Library/Frameworks/Accounts.framework/Versions/A/Accounts
0x00000001c4ef5000 	/System/Library/PrivateFrameworks/GenerationalStorage.framework/Versions/A/GenerationalStorage
0x00000001c5aa5000 	/System/Library/PrivateFrameworks/CoreSymbolication.framework/Versions/A/CoreSymbolication
0x00000001c4b15000 	/System/Library/PrivateFrameworks/SymptomDiagnosticReporter.framework/Versions/A/SymptomDiagnosticReporter
0x00000001b6c60000 	/System/Library/PrivateFrameworks/DesktopServicesPriv.framework/Versions/A/DesktopServicesPriv
0x00000001b5ada000 	/usr/lib/libsandbox.1.dylib
0x00000001ba5f8000 	/System/Library/PrivateFrameworks/UserManagement.framework/Versions/A/UserManagement
0x00000001c5a66000 	/System/Library/PrivateFrameworks/DebugSymbols.framework/Versions/A/DebugSymbols
0x00000001c0a2f000 	/System/Library/PrivateFrameworks/NetAuth.framework/Versions/A/NetAuth
0x00000001c192d000 	/System/Library/PrivateFrameworks/Sharing.framework/Versions/A/Sharing
0x00000001ba5c8000 	/System/Library/PrivateFrameworks/login.framework/Versions/A/Frameworks/loginsupport.framework/Versions/A/loginsupport
0x00000001c6c16000 	/System/Library/PrivateFrameworks/Apple80211.framework/Versions/A/Apple80211
0x00000001bd71f000 	/System/Library/PrivateFrameworks/AuthKit.framework/Versions/A/AuthKit
0x00000001bcdb6000 	/System/Library/PrivateFrameworks/CoreUtils.framework/Versions/A/CoreUtils
0x00000001bccd6000 	/System/Library/Frameworks/CoreWLAN.framework/Versions/A/CoreWLAN
0x00000001c1a96000 	/System/Library/Frameworks/IOBluetooth.framework/Versions/A/IOBluetooth
0x00000001c6c76000 	/System/Library/PrivateFrameworks/CoreWiFi.framework/Versions/A/CoreWiFi
0x00000001c564d000 	/System/Library/PrivateFrameworks/FrontBoardServices.framework/Versions/A/FrontBoardServices
0x00000001c56e5000 	/System/Library/PrivateFrameworks/BoardServices.framework/Versions/A/BoardServices
0x00000001bcfd1000 	/System/Library/PrivateFrameworks/AssertionServices.framework/Versions/A/AssertionServices
0x00000001c6de4000 	/System/Library/PrivateFrameworks/BackBoardServices.framework/Versions/A/BackBoardServices
0x00000001c0ea1000 	/System/Library/PrivateFrameworks/CorePhoneNumbers.framework/Versions/A/CorePhoneNumbers
0x00000001c4c45000 	/System/Library/PrivateFrameworks/DiskManagement.framework/Versions/A/DiskManagement
0x00000001c4b48000 	/System/Library/PrivateFrameworks/AppleIDAuthSupport.framework/Versions/A/AppleIDAuthSupport
0x0000000217ed9000 	/System/Library/PrivateFrameworks/AAAFoundation.framework/Versions/A/AAAFoundation
0x00000001c0e80000 	/System/Library/PrivateFrameworks/KeychainCircle.framework/Versions/A/KeychainCircle
0x00000001c4c11000 	/System/Library/PrivateFrameworks/MediaKit.framework/Versions/A/MediaKit
0x00000001c4b55000 	/System/Library/Frameworks/DiscRecording.framework/Versions/A/DiscRecording
0x00000001be57a000 	/usr/lib/libCoreStorage.dylib
0x00000001c70de000 	/usr/lib/libcsfde.dylib
0x00000001c1b6b000 	/System/Library/PrivateFrameworks/ProtectedCloudStorage.framework/Versions/A/ProtectedCloudStorage
0x00000001c70d6000 	/System/Library/PrivateFrameworks/EFILogin.framework/Versions/A/EFILogin
0x00000001c4f1c000 	/System/Library/PrivateFrameworks/OctagonTrust.framework/Versions/A/OctagonTrust
0x000000021c7c0000 	/System/Library/PrivateFrameworks/CoreUtilsExtras.framework/Versions/A/CoreUtilsExtras
0x00000001c4a87000 	/System/Library/Frameworks/CoreBluetooth.framework/Versions/A/CoreBluetooth
0x00000001c7755000 	/System/Library/Frameworks/AudioUnit.framework/Versions/A/AudioUnit
0x00000001be572000 	/usr/lib/libMatch.1.dylib
0x00000001d6c30000 	/System/Library/Frameworks/Accelerate.framework/Versions/A/Frameworks/vImage.framework/Versions/A/Libraries/libCGInterfaces.dylib
0x000000012a7c4000 	/usr/lib/libobjc-trampolines.dylib
0x00000001ba2c6000 	/System/Library/PrivateFrameworks/ViewBridge.framework/Versions/A/ViewBridge
0x000000013a824000 	/Users/critoma/.openjfx/cache/17/libjavafx_font.dylib
0x00000001becc2000 	/System/Library/PrivateFrameworks/login.framework/Versions/A/login
0x000000022f9d6000 	/usr/lib/libRosetta.dylib


VM Arguments:
jvm_args: --module-path=/Users/critoma/.m2/repository/org/openjfx/javafx-base/17/javafx-base-17-mac-aarch64.jar:/Users/critoma/.m2/repository/org/openjfx/javafx-base/17/javafx-base-17.jar:/Users/critoma/.m2/repository/org/openjfx/javafx-controls/17/javafx-controls-17-mac-aarch64.jar:/Users/critoma/.m2/repository/org/openjfx/javafx-controls/17/javafx-controls-17.jar:/Users/critoma/.m2/repository/org/openjfx/javafx-graphics/17/javafx-graphics-17-mac-aarch64.jar:/Users/critoma/.m2/repository/org/openjfx/javafx-graphics/17/javafx-graphics-17.jar --add-modules=javafx.base,javafx.base,javafx.controls,javafx.controls,javafx.graphics,javafx.graphics 
java_command: org.redfx.javaqc.ch05.bellstate.Main
java_class_path (initial): /Users/critoma/Downloads/quantumjava/quantumjava/ch05/bellstate/target/classes:/Users/critoma/.m2/repository/org/apiguardian/apiguardian-api/1.1.0/apiguardian-api-1.1.0.jar:/Users/critoma/.m2/repository/org/junit/jupiter/junit-jupiter-api/5.5.2/junit-jupiter-api-5.5.2.jar:/Users/critoma/.m2/repository/org/junit/jupiter/junit-jupiter-engine/5.5.2/junit-jupiter-engine-5.5.2.jar:/Users/critoma/.m2/repository/org/junit/jupiter/junit-jupiter-params/5.5.2/junit-jupiter-params-5.5.2.jar:/Users/critoma/.m2/repository/org/junit/platform/junit-platform-commons/1.5.2/junit-platform-commons-1.5.2.jar:/Users/critoma/.m2/repository/org/junit/platform/junit-platform-engine/1.5.2/junit-platform-engine-1.5.2.jar:/Users/critoma/.m2/repository/org/opentest4j/opentest4j/1.2.0/opentest4j-1.2.0.jar:/Users/critoma/.m2/repository/org/redfx/strange/0.1.1/strange-0.1.1.jar:/Users/critoma/.m2/repository/org/redfx/strangefx/0.1.2/strangefx-0.1.2.jar
Launcher Type: SUN_STANDARD

[Global flags]
     intx CICompilerCount                          = 4                                         {product} {ergonomic}
     uint ConcGCThreads                            = 2                                         {product} {ergonomic}
     uint G1ConcRefinementThreads                  = 8                                         {product} {ergonomic}
   size_t G1HeapRegionSize                         = 4194304                                   {product} {ergonomic}
    uintx GCDrainStackTargetSize                   = 64                                        {product} {ergonomic}
   size_t InitialHeapSize                          = 536870912                                 {product} {ergonomic}
   size_t MarkStackSize                            = 4194304                                   {product} {ergonomic}
   size_t MaxHeapSize                              = 8589934592                                {product} {ergonomic}
   size_t MaxNewSize                               = 5150605312                                {product} {ergonomic}
   size_t MinHeapDeltaBytes                        = 4194304                                   {product} {ergonomic}
   size_t MinHeapSize                              = 8388608                                   {product} {ergonomic}
    uintx NonNMethodCodeHeapSize                   = 5839564                                {pd product} {ergonomic}
    uintx NonProfiledCodeHeapSize                  = 122909338                              {pd product} {ergonomic}
    uintx ProfiledCodeHeapSize                     = 122909338                              {pd product} {ergonomic}
    uintx ReservedCodeCacheSize                    = 251658240                              {pd product} {ergonomic}
     bool SegmentedCodeCache                       = true                                      {product} {ergonomic}
   size_t SoftMaxHeapSize                          = 8589934592                             {manageable} {ergonomic}
     bool UseCompressedClassPointers               = true                           {product lp64_product} {ergonomic}
     bool UseCompressedOops                        = true                           {product lp64_product} {ergonomic}
     bool UseG1GC                                  = true                                      {product} {ergonomic}
     bool UseNUMA                                  = false                                     {product} {ergonomic}
     bool UseNUMAInterleaving                      = false                                     {product} {ergonomic}

Logging:
Log output configuration:
 #0: stdout all=warning uptime,level,tags
 #1: stderr all=off uptime,level,tags

Environment Variables:
PATH=/opt/software/apache-maven-3.8.6/bin:/usr/local/bin:/usr/bin:/bin:/usr/sbin:/sbin
SHELL=/bin/zsh
LC_CTYPE=UTF-8

Signal Handlers:
   SIGSEGV: _ZL13crash_handleriP9__siginfoPv in libjvm.dylib, mask=11100110000111110111111111111111, flags=SA_RESTART|SA_SIGINFO
    SIGBUS: _ZL13crash_handleriP9__siginfoPv in libjvm.dylib, mask=11100110000111110111111111111111, flags=SA_RESTART|SA_SIGINFO
    SIGFPE: _ZL13crash_handleriP9__siginfoPv in libjvm.dylib, mask=11100110000111110111111111111111, flags=SA_RESTART|SA_SIGINFO
   SIGPIPE: _ZL17javaSignalHandleriP9__siginfoPv in libjvm.dylib, mask=11100110000111110111111111111111, flags=SA_RESTART|SA_SIGINFO
   SIGXFSZ: _ZL17javaSignalHandleriP9__siginfoPv in libjvm.dylib, mask=11100110000111110111111111111111, flags=SA_RESTART|SA_SIGINFO
    SIGILL: _ZL13crash_handleriP9__siginfoPv in libjvm.dylib, mask=11100110000111110111111111111111, flags=SA_RESTART|SA_SIGINFO
   SIGUSR2: _ZL10SR_handleriP9__siginfoP17__darwin_ucontext in libjvm.dylib, mask=00100000000000000000000000000000, flags=SA_RESTART|SA_SIGINFO
    SIGHUP: _ZL11UserHandleriPvS_ in libjvm.dylib, mask=11100110000111110111111111111111, flags=SA_RESTART|SA_SIGINFO
    SIGINT: _ZL11UserHandleriPvS_ in libjvm.dylib, mask=11100110000111110111111111111111, flags=SA_RESTART|SA_SIGINFO
   SIGTERM: _ZL11UserHandleriPvS_ in libjvm.dylib, mask=11100110000111110111111111111111, flags=SA_RESTART|SA_SIGINFO
   SIGQUIT: _ZL11UserHandleriPvS_ in libjvm.dylib, mask=11100110000111110111111111111111, flags=SA_RESTART|SA_SIGINFO
   SIGTRAP: _ZL13crash_handleriP9__siginfoPv in libjvm.dylib, mask=11100110000111110111111111111111, flags=SA_RESTART|SA_SIGINFO


---------------  S Y S T E M  ---------------

OS:
uname: Darwin 21.1.0 Darwin Kernel Version 21.1.0: Wed Oct 13 17:33:01 PDT 2021; root:xnu-8019.41.5~1/RELEASE_ARM64_T6000 arm64
OS uptime: 2 days 21:40 hours
rlimit (soft/hard): STACK 8176k/65520k , CORE 0k/infinity , NPROC 5333/8000 , NOFILE 10240/infinity , AS infinity/infinity , CPU infinity/infinity , DATA infinity/infinity , FSIZE infinity/infinity , MEMLOCK infinity/infinity , RSS infinity/infinity
load average: 1.96 2.00 1.80

CPU: total 8 (initial active 8) 0x61:0x0:0x1b588bb3:0, fp, simd, crc, lse

Memory: 16k page, physical 33554432k(2386416k free), swap 0k(0k free)

vm_info: OpenJDK 64-Bit Server VM (17.0.2+8-86) for bsd-aarch64 JRE (17.0.2+8-86), built on Dec  7 2021 21:45:06 by "mach5one" with clang Apple LLVM 12.0.0 (clang-1200.0.32.29)

END.
