#
# A fatal error has been detected by the Java Runtime Environment:
#
#  SIGBUS (0xa) at pc=0x000000010d9b94f0, pid=44650, tid=33295
#
# JRE version: OpenJDK Runtime Environment (17.0.2+8) (build 17.0.2+8-86)
# Java VM: OpenJDK 64-Bit Server VM (17.0.2+8-86, mixed mode, sharing, tiered, compressed oops, compressed class ptrs, g1 gc, bsd-aarch64)
# Problematic frame:
# v  ~StubRoutines::SafeFetchN
#
# No core dump will be written. Core dumps have been disabled. To enable core dumping, try "ulimit -c unlimited" before starting Java again
#
# If you would like to submit a bug report, please visit:
#   https://bugreport.java.com/bugreport/crash.jsp
# The crash happened outside the Java Virtual Machine in native code.
# See problematic frame for where to report the bug.
#

---------------  S U M M A R Y ------------

Command Line: --module-path=/Users/critoma/.m2/repository/org/openjfx/javafx-base/17/javafx-base-17-mac-aarch64.jar:/Users/critoma/.m2/repository/org/openjfx/javafx-base/17/javafx-base-17.jar:/Users/critoma/.m2/repository/org/openjfx/javafx-controls/17/javafx-controls-17-mac-aarch64.jar:/Users/critoma/.m2/repository/org/openjfx/javafx-controls/17/javafx-controls-17.jar:/Users/critoma/.m2/repository/org/openjfx/javafx-graphics/17/javafx-graphics-17-mac-aarch64.jar:/Users/critoma/.m2/repository/org/openjfx/javafx-graphics/17/javafx-graphics-17.jar --add-modules=javafx.base,javafx.base,javafx.controls,javafx.controls,javafx.graphics,javafx.graphics org.redfx.javaqc.ch05.bellstate.Main

Host: "MacBookPro18,3" arm64 1 MHz, 8 cores, 32G, Darwin 21.1.0, macOS 12.0.1 (21A559)
Time: Fri Jul 15 17:33:34 2022 EEST elapsed time: 7.510726 seconds (0d 0h 0m 7s)

---------------  T H R E A D  ---------------

Current thread (0x0000000126050200):  JavaThread "InvokeLaterDispatcher" daemon [_thread_in_native, id=33295, stack(0x000000016e964000,0x000000016eb67000)]

Stack: [0x000000016e964000,0x000000016eb67000],  sp=0x000000016eb66780,  free space=2057k
Native frames: (J=compiled Java code, j=interpreted, Vv=VM code, C=native code)
v  ~StubRoutines::SafeFetchN
V  [libjvm.dylib+0x7a6bcc]  _ZN10OopStorage7releaseEPKP7oopDesc+0x20
V  [libjvm.dylib+0x4ba824]  jni_DeleteGlobalRef+0xd8
C  [libglass.dylib+0xab08]  -[GlassRunnable dealloc]+0x34
C  [Foundation+0x85e0c]  -[_NSThreadPerformInfo dealloc]+0x30
C  [Foundation+0x525e8]  -[NSObject(NSThreadPerformAdditions) performSelectorOnMainThread:withObject:waitUntilDone:]+0x88
C  0x301380010d9c18ac
j  com.sun.glass.ui.mac.MacApplication.submitForLaterInvocation(Ljava/lang/Runnable;)V+2 javafx.graphics
j  com.sun.glass.ui.InvokeLaterDispatcher.run()V+82 javafx.graphics
v  ~StubRoutines::call_stub
V  [libjvm.dylib+0x461d08]  _ZN9JavaCalls11call_helperEP9JavaValueRK12methodHandleP17JavaCallArgumentsP10JavaThread+0x38c
V  [libjvm.dylib+0x460d24]  _ZN9JavaCalls12call_virtualEP9JavaValueP5KlassP6SymbolS5_P17JavaCallArgumentsP10JavaThread+0x11c
V  [libjvm.dylib+0x460df0]  _ZN9JavaCalls12call_virtualEP9JavaValue6HandleP5KlassP6SymbolS6_P10JavaThread+0x64
V  [libjvm.dylib+0x515f04]  _ZL12thread_entryP10JavaThreadS0_+0xc4
V  [libjvm.dylib+0x9071ac]  _ZN10JavaThread17thread_main_innerEv+0x13c
V  [libjvm.dylib+0x9058c0]  _ZN6Thread8call_runEv+0x128
V  [libjvm.dylib+0x7ad7c8]  _ZL19thread_native_entryP6Thread+0x158
C  [libsystem_pthread.dylib+0x74ec]  _pthread_start+0x94

Java frames: (J=compiled Java code, j=interpreted, Vv=VM code)
j  com.sun.glass.ui.mac.MacApplication._submitForLaterInvocation(Ljava/lang/Runnable;)V+0 javafx.graphics
j  com.sun.glass.ui.mac.MacApplication.submitForLaterInvocation(Ljava/lang/Runnable;)V+2 javafx.graphics
j  com.sun.glass.ui.InvokeLaterDispatcher.run()V+82 javafx.graphics
v  ~StubRoutines::call_stub

siginfo: si_signo: 10 (SIGBUS), si_code: 1 (BUS_ADRALN), si_addr: 0x000000010d9b94f0

Register to memory mapping:

 x0=0x0000000126a0a9c8 is a global jni handle
 x1=0x0 is NULL
 x2=0x000000061ddeeb78 is an oop: com.sun.glass.ui.InvokeLaterDispatcher$Future 
{0x000000061ddeeb78} - klass: 'com/sun/glass/ui/InvokeLaterDispatcher$Future'
 - ---- fields (total size 3 words):
 - private 'done' 'Z' @12  true
 - private final 'runnable' 'Ljava/lang/Runnable;' @16  a 'com/sun/javafx/tk/quantum/QuantumToolkit$$Lambda$122+0x0000000800c8d050'{0x000000061e482058} (c3c9040b)
 - final synthetic 'this$0' 'Lcom/sun/glass/ui/InvokeLaterDispatcher;' @20  a 'com/sun/glass/ui/InvokeLaterDispatcher'{0x000000061e430000} (c3c86000)
 x3=0x0 is NULL
 x4=0x00000000000130a8 is an unknown value
 x5=0x0 is NULL
 x6=0x0 is NULL
 x7=0x0 is NULL
 x8=0x000000010d9b94ec is at begin+0 in a stub
StubRoutines::SafeFetchN [0x000000010d9b94ec, 0x000000010d9b94f8] (12 bytes)
 x9=0x0 is NULL
x10=0x2010000030300000 is an unknown value
x11=0x0000000000000007 is an unknown value
x12=0x0 is NULL
x13=0x00006000021b4270 points into unknown readable memory: 0x0000000000000458 | 58 04 00 00 00 00 00 00
x14=0x0000000000000001 is an unknown value
x15=0x0000000121bc5f98: OBJC_CLASS_$_GlassRunnable+0 in /Users/critoma/.openjfx/cache/17/libglass.dylib at 0x0000000121b80000
x16=0x00000001b2f48340: pthread_getspecific+0 in /usr/lib/system/libsystem_pthread.dylib at 0x00000001b2f46000
x17=0x0000600002ba1320 points into unknown readable memory: 0xfffffffffffffffe | fe ff ff ff ff ff ff ff
x18=0x0 is NULL
x19=0x00006000024ac150 points into unknown readable memory: 0x0000600000db4150 | 50 41 db 00 00 60 00 00
x20=0x0000000126a0a7c0 points into unknown readable memory: 0x0a3e746369642f3c | 3c 2f 64 69 63 74 3e 0a
x21=0x0000000126a0a9c8 is a global jni handle
x22=0x0000000126050200 is a thread
x23=0x0000000000000001 is an unknown value
x24=0x0000000126a0a980 is a global jni handle
x25=0x0000000105e795e8: _ZN12StubRoutines17_safefetchN_entryE+0 in /Library/Java/JavaVirtualMachines/jdk-17.0.2.jdk/Contents/Home/lib/server/libjvm.dylib at 0x00000001052c8000
x26=0x000000012218b670 is pointing into metadata
x27=0x0 is NULL
x28=0x0000000126050200 is a thread


Registers:
 x0=0x0000000126a0a9c8  x1=0x0000000000000000  x2=0x000000061ddeeb78  x3=0x0000000000000000
 x4=0x00000000000130a8  x5=0x0000000000000000  x6=0x0000000000000000  x7=0x0000000000000000
 x8=0x000000010d9b94ec  x9=0x0000000000000000 x10=0x2010000030300000 x11=0x0000000000000007
x12=0x0000000000000000 x13=0x00006000021b4270 x14=0x0000000000000001 x15=0x0000000121bc5f98
x16=0x00000001b2f48340 x17=0x0000600002ba1320 x18=0x0000000000000000 x19=0x00006000024ac150
x20=0x0000000126a0a7c0 x21=0x0000000126a0a9c8 x22=0x0000000126050200 x23=0x0000000000000001
x24=0x0000000126a0a980 x25=0x0000000105e795e8 x26=0x000000012218b670 x27=0x0000000000000000
x28=0x0000000126050200  fp=0x000000016eb667c0  lr=0x0000000105a6d99c  sp=0x000000016eb66780
pc=0x000000010d9b94f0 cpsr=0x0000000060001000
Top of Stack: (sp=0x000000016eb66780)
0x000000016eb66780:   000000012218b670 0000000000000001
0x000000016eb66790:   000000016eb66988 0000000000000000
0x000000016eb667a0:   00000001048d32a8 0000000126a0a9b8
0x000000016eb667b0:   0000000126a0a9b8 00006000024ac150
0x000000016eb667c0:   000000016eb66800 0000000105a6ebcc
0x000000016eb667d0:   0000000000000001 0000000126a0a9b8
0x000000016eb667e0:   00000001048d32a8 0000000126a0a9b8
0x000000016eb667f0:   0000000000000001 00000001048d3000
0x000000016eb66800:   000000016eb66840 0000000105782824
0x000000016eb66810:   000000016eb66988 0000600000dfc480
0x000000016eb66820:   0000600000dfc440 00000001fd1759f4
0x000000016eb66830:   0000000000000000 0000600000dfc440
0x000000016eb66840:   000000016eb66870 0000000121b8ab08
0x000000016eb66850:   907ebf4a2bfc003b 0000000000000000
0x000000016eb66860:   0000000000000000 0000600001acb280
0x000000016eb66870:   000000016eb668b0 00000001b3f10e0c
0x000000016eb66880:   000000016eb66988 0000600000dfc480
0x000000016eb66890:   0000600000dfc440 907ebf4a2bfc003b
0x000000016eb668a0:   0000000000000000 0000000000000000
0x000000016eb668b0:   000000016eb668f0 f0620001b3edd5e8
0x000000016eb668c0:   000000016eb66988 000000010d9c07c0
0x000000016eb668d0:   0000000000000000 0000000105e80fa8
0x000000016eb668e0:   000000016eb66900 000000010d9bf730
0x000000016eb668f0:   000000016eb66960 301380010d9c18ac
0x000000016eb66900:   0000000000000000 000000061e428740
0x000000016eb66910:   000000016eb66910 0000000000000000
0x000000016eb66920:   000000016eb66988 000000012218b670
0x000000016eb66930:   000000061e419578 0000000000000000
0x000000016eb66940:   0000000000000000 0000000122163380
0x000000016eb66950:   0000000000000000 000000016eb66960
0x000000016eb66960:   000000016eb669e0 000000010d9bdfc8
0x000000016eb66970:   0000000000000000 0000000000000000 

Instructions: (pc=0x000000010d9b94f0)
0x000000010d9b93f0:   f2a0bc89 f2c00029 6d425935 1e640886
0x000000010d9b9400:   0c402d31 1e6408c7 1f5654d0 1e6c1017
0x000000010d9b9410:   1f5050d0 1f504cd0 1f5048d0 1e650af6
0x000000010d9b9420:   1f50d8f6 1f5694d6 1f5158f6 1e762880
0x000000010d9b9430:   36000501 1e614000 14000026 2e251ca5
0x000000010d9b9440:   d28c3009 f2a0bc89 f2c00029 6d425d36
0x000000010d9b9450:   1e600806 0c402d32 1f5758c7 1e6c101a
0x000000010d9b9460:   1f4754c7 1e650805 1f4750c7 d2866668
0x000000010d9b9470:   f2a7fa68 1f474cc7 1e6608c0 1f4748c7
0x000000010d9b9480:   1e6e1019 eb08007f 540000ac 1f479400
0x000000010d9b9490:   1f460340 1e603b20 1400000e d2a7fd29
0x000000010d9b94a0:   eb09007f 540000ac 51480069 d3607d29
0x000000010d9b94b0:   9e670121 14000002 1e6a5001 1f679417
0x000000010d9b94c0:   1f668742 1e613b23 1e773857 1e773860
0x000000010d9b94d0:   a8c17ff3 910003bf a8c17bfd d65f03c0
0x000000010d9b94e0:   b9400001 aa0103e0 d65f03c0 f9400001
0x000000010d9b94f0:   aa0103e0 d65f03c0 00000000 00000000
0x000000010d9b9500:   00000000 00000000 00000000 00000000
0x000000010d9b9510:   00000000 00000000 00000000 00000000
0x000000010d9b9520:   00000000 00000000 00000000 00000000
0x000000010d9b9530:   00000000 00000000 00000000 00000000
0x000000010d9b9540:   00000000 00000000 00000000 00000000
0x000000010d9b9550:   00000000 00000000 00000000 00000000
0x000000010d9b9560:   00000000 00000000 00000000 00000000
0x000000010d9b9570:   00000000 00000000 00000000 00000000
0x000000010d9b9580:   00000000 00000000 00000000 00000000
0x000000010d9b9590:   00000000 00000000 00000000 00000000
0x000000010d9b95a0:   00000000 00000000 00000000 00000000
0x000000010d9b95b0:   00000000 00000000 00000000 00000000
0x000000010d9b95c0:   00000000 00000000 00000000 00000000
0x000000010d9b95d0:   00000000 00000000 00000000 00000000
0x000000010d9b95e0:   00000000 00000000 00000000 00000000 


Stack slot to memory mapping:
stack at sp + 0 slots: 0x000000012218b670 is pointing into metadata
stack at sp + 1 slots: 0x0000000000000001 is an unknown value
stack at sp + 2 slots: 0x000000016eb66988 is pointing into the stack for thread: 0x0000000126050200
stack at sp + 3 slots: 0x0 is NULL
stack at sp + 4 slots: 0x00000001048d32a8 points into unknown readable memory: 0x0000000105e36738 | 38 67 e3 05 01 00 00 00
stack at sp + 5 slots: 0x0000000126a0a9b8 is a global jni handle
stack at sp + 6 slots: 0x0000000126a0a9b8 is a global jni handle
stack at sp + 7 slots: 0x00006000024ac150 points into unknown readable memory: 0x0000600000db4150 | 50 41 db 00 00 60 00 00

StubRoutines::SafeFetchN [0x000000010d9b94ec, 0x000000010d9b94f8] (12 bytes)
[MachCode]
  0x000000010d9b94ec: 0100 40f9 | e003 01aa | c003 5fd6 
[/MachCode]

---------------  P R O C E S S  ---------------

Threads class SMR info:
_java_thread_list=0x0000600000f77f20, length=17, elements={
0x000000012580e800, 0x000000012580d400, 0x00000001048ca000, 0x00000001048c8400,
0x00000001048c8a00, 0x000000012700a400, 0x000000012700aa00, 0x0000000127013000,
0x0000000125811000, 0x00000001048bf200, 0x0000000125813400, 0x0000000126050200,
0x00000001048d3000, 0x0000000125811600, 0x00000001049f0a00, 0x000000012619fe00,
0x0000000104c11400
}

Java Threads: ( => current thread )
  0x000000012580e800 JavaThread "Reference Handler" daemon [_thread_blocked, id=17411, stack(0x000000016cba4000,0x000000016cda7000)]
  0x000000012580d400 JavaThread "Finalizer" daemon [_thread_blocked, id=17923, stack(0x000000016cdb0000,0x000000016cfb3000)]
  0x00000001048ca000 JavaThread "Signal Dispatcher" daemon [_thread_blocked, id=22531, stack(0x000000016d0d4000,0x000000016d2d7000)]
  0x00000001048c8400 JavaThread "Service Thread" daemon [_thread_blocked, id=41731, stack(0x000000016d2e0000,0x000000016d4e3000)]
  0x00000001048c8a00 JavaThread "Monitor Deflation Thread" daemon [_thread_blocked, id=23043, stack(0x000000016d4ec000,0x000000016d6ef000)]
  0x000000012700a400 JavaThread "C2 CompilerThread0" daemon [_thread_blocked, id=41219, stack(0x000000016d6f8000,0x000000016d8fb000)]
  0x000000012700aa00 JavaThread "C1 CompilerThread0" daemon [_thread_blocked, id=40963, stack(0x000000016d904000,0x000000016db07000)]
  0x0000000127013000 JavaThread "Sweeper thread" daemon [_thread_blocked, id=40451, stack(0x000000016db10000,0x000000016dd13000)]
  0x0000000125811000 JavaThread "Common-Cleaner" daemon [_thread_blocked, id=39939, stack(0x000000016dd1c000,0x000000016df1f000)]
  0x00000001048bf200 JavaThread "Notification Thread" daemon [_thread_blocked, id=24579, stack(0x000000016e340000,0x000000016e543000)]
  0x0000000125813400 JavaThread "QuantumRenderer-0" daemon [_thread_blocked, id=39171, stack(0x000000016e758000,0x000000016e95b000)]
=>0x0000000126050200 JavaThread "InvokeLaterDispatcher" daemon [_thread_in_native, id=33295, stack(0x000000016e964000,0x000000016eb67000)]
  0x00000001048d3000 JavaThread "JavaFX Application Thread" [_thread_in_vm, id=259, stack(0x000000016b4c8000,0x000000016bcc4000)]
  0x0000000125811600 JavaThread "DestroyJavaVM" [_thread_blocked, id=5891, stack(0x000000016bd50000,0x000000016bf53000)]
  0x00000001049f0a00 JavaThread "Prism Font Disposer" daemon [_thread_blocked, id=77891, stack(0x000000016f9c4000,0x000000016fbc7000)]
  0x000000012619fe00 JavaThread "Cleaner-0" daemon [_thread_blocked, id=76315, stack(0x000000016fddc000,0x000000016ffdf000)]
  0x0000000104c11400 JavaThread "PulseTimer-CVDisplayLink thread" daemon [_thread_in_native, id=60443, stack(0x000000016df28000,0x000000016dfab000)]

Other Threads:
  0x0000000126a09b70 VMThread "VM Thread" [stack: 0x000000016c998000,0x000000016cb9b000] [id=17155]
  0x0000000126a29f80 WatcherThread [stack: 0x000000016e54c000,0x000000016e74f000] [id=25091]
  0x0000000125708370 GCTaskThread "GC Thread#0" [stack: 0x000000016bf5c000,0x000000016c15f000] [id=20739]
  0x00000001256644b0 GCTaskThread "GC Thread#1" [stack: 0x000000016eb70000,0x000000016ed73000] [id=82195]
  0x0000000125664be0 GCTaskThread "GC Thread#2" [stack: 0x000000016ed7c000,0x000000016ef7f000] [id=51971]
  0x0000000126811910 GCTaskThread "GC Thread#3" [stack: 0x000000016ef88000,0x000000016f18b000] [id=81667]
  0x0000000126812180 GCTaskThread "GC Thread#4" [stack: 0x000000016f194000,0x000000016f397000] [id=81411]
  0x0000000126a300b0 GCTaskThread "GC Thread#5" [stack: 0x000000016f3a0000,0x000000016f5a3000] [id=80899]
  0x0000000126812600 GCTaskThread "GC Thread#6" [stack: 0x000000016f5ac000,0x000000016f7af000] [id=80387]
  0x0000000125665280 GCTaskThread "GC Thread#7" [stack: 0x000000016f7b8000,0x000000016f9bb000] [id=52739]
  0x0000000125708a20 ConcurrentGCThread "G1 Main Marker" [stack: 0x000000016c168000,0x000000016c36b000] [id=13571]
  0x0000000126904080 ConcurrentGCThread "G1 Conc#0" [stack: 0x000000016c374000,0x000000016c577000] [id=14595]
  0x0000000126a05680 ConcurrentGCThread "G1 Refine#0" [stack: 0x000000016c580000,0x000000016c783000] [id=20227]
  0x0000000126a05f20 ConcurrentGCThread "G1 Service" [stack: 0x000000016c78c000,0x000000016c98f000] [id=15107]

Threads with active compile tasks:

VM state: not at safepoint (normal execution)

VM Mutex/Monitor currently owned by a thread: None

Heap address: 0x0000000600000000, size: 8192 MB, Compressed Oops mode: Zero based, Oop shift amount: 3

CDS archive(s) mapped at: [0x0000000800000000-0x0000000800bd4000-0x0000000800bd4000), size 12402688, SharedBaseAddress: 0x0000000800000000, ArchiveRelocationMode: 0.
Compressed class space mapped at: 0x0000000800c00000-0x0000000840c00000, reserved size: 1073741824
Narrow klass base: 0x0000000800000000, Narrow klass shift: 0, Narrow klass range: 0x100000000

GC Precious Log:
 CPUs: 8 total, 8 available
 Memory: 32768M
 Large Page Support: Disabled
 NUMA Support: Disabled
 Compressed Oops: Enabled (Zero based)
 Heap Region Size: 4M
 Heap Min Capacity: 8M
 Heap Initial Capacity: 512M
 Heap Max Capacity: 8G
 Pre-touch: Disabled
 Parallel Workers: 8
 Concurrent Workers: 2
 Concurrent Refinement Workers: 8
 Periodic GC: Disabled

Heap:
 garbage-first heap   total 532480K, used 44077K [0x0000000600000000, 0x0000000800000000)
  region size 4096K, 12 young (49152K), 1 survivors (4096K)
 Metaspace       used 14096K, committed 14336K, reserved 1064960K
  class space    used 2064K, committed 2176K, reserved 1048576K

Heap Regions: E=young(eden), S=young(survivor), O=old, HS=humongous(starts), HC=humongous(continues), CS=collection set, F=free, OA=open archive, CA=closed archive, TAMS=top-at-mark-start (previous, next)
|   0|0x0000000600000000, 0x0000000600000000, 0x0000000600400000|  0%| F|  |TAMS 0x0000000600000000, 0x0000000600000000| Untracked 
|   1|0x0000000600400000, 0x0000000600400000, 0x0000000600800000|  0%| F|  |TAMS 0x0000000600400000, 0x0000000600400000| Untracked 
|   2|0x0000000600800000, 0x0000000600800000, 0x0000000600c00000|  0%| F|  |TAMS 0x0000000600800000, 0x0000000600800000| Untracked 
|   3|0x0000000600c00000, 0x0000000600c00000, 0x0000000601000000|  0%| F|  |TAMS 0x0000000600c00000, 0x0000000600c00000| Untracked 
|   4|0x0000000601000000, 0x0000000601000000, 0x0000000601400000|  0%| F|  |TAMS 0x0000000601000000, 0x0000000601000000| Untracked 
|   5|0x0000000601400000, 0x0000000601400000, 0x0000000601800000|  0%| F|  |TAMS 0x0000000601400000, 0x0000000601400000| Untracked 
|   6|0x0000000601800000, 0x0000000601800000, 0x0000000601c00000|  0%| F|  |TAMS 0x0000000601800000, 0x0000000601800000| Untracked 
|   7|0x0000000601c00000, 0x0000000601c00000, 0x0000000602000000|  0%| F|  |TAMS 0x0000000601c00000, 0x0000000601c00000| Untracked 
|   8|0x0000000602000000, 0x0000000602000000, 0x0000000602400000|  0%| F|  |TAMS 0x0000000602000000, 0x0000000602000000| Untracked 
|   9|0x0000000602400000, 0x0000000602400000, 0x0000000602800000|  0%| F|  |TAMS 0x0000000602400000, 0x0000000602400000| Untracked 
|  10|0x0000000602800000, 0x0000000602800000, 0x0000000602c00000|  0%| F|  |TAMS 0x0000000602800000, 0x0000000602800000| Untracked 
|  11|0x0000000602c00000, 0x0000000602c00000, 0x0000000603000000|  0%| F|  |TAMS 0x0000000602c00000, 0x0000000602c00000| Untracked 
|  12|0x0000000603000000, 0x0000000603000000, 0x0000000603400000|  0%| F|  |TAMS 0x0000000603000000, 0x0000000603000000| Untracked 
|  13|0x0000000603400000, 0x0000000603400000, 0x0000000603800000|  0%| F|  |TAMS 0x0000000603400000, 0x0000000603400000| Untracked 
|  14|0x0000000603800000, 0x0000000603800000, 0x0000000603c00000|  0%| F|  |TAMS 0x0000000603800000, 0x0000000603800000| Untracked 
|  15|0x0000000603c00000, 0x0000000603c00000, 0x0000000604000000|  0%| F|  |TAMS 0x0000000603c00000, 0x0000000603c00000| Untracked 
|  16|0x0000000604000000, 0x0000000604000000, 0x0000000604400000|  0%| F|  |TAMS 0x0000000604000000, 0x0000000604000000| Untracked 
|  17|0x0000000604400000, 0x0000000604400000, 0x0000000604800000|  0%| F|  |TAMS 0x0000000604400000, 0x0000000604400000| Untracked 
|  18|0x0000000604800000, 0x0000000604800000, 0x0000000604c00000|  0%| F|  |TAMS 0x0000000604800000, 0x0000000604800000| Untracked 
|  19|0x0000000604c00000, 0x0000000604c00000, 0x0000000605000000|  0%| F|  |TAMS 0x0000000604c00000, 0x0000000604c00000| Untracked 
|  20|0x0000000605000000, 0x0000000605000000, 0x0000000605400000|  0%| F|  |TAMS 0x0000000605000000, 0x0000000605000000| Untracked 
|  21|0x0000000605400000, 0x0000000605400000, 0x0000000605800000|  0%| F|  |TAMS 0x0000000605400000, 0x0000000605400000| Untracked 
|  22|0x0000000605800000, 0x0000000605800000, 0x0000000605c00000|  0%| F|  |TAMS 0x0000000605800000, 0x0000000605800000| Untracked 
|  23|0x0000000605c00000, 0x0000000605c00000, 0x0000000606000000|  0%| F|  |TAMS 0x0000000605c00000, 0x0000000605c00000| Untracked 
|  24|0x0000000606000000, 0x0000000606000000, 0x0000000606400000|  0%| F|  |TAMS 0x0000000606000000, 0x0000000606000000| Untracked 
|  25|0x0000000606400000, 0x0000000606400000, 0x0000000606800000|  0%| F|  |TAMS 0x0000000606400000, 0x0000000606400000| Untracked 
|  26|0x0000000606800000, 0x0000000606800000, 0x0000000606c00000|  0%| F|  |TAMS 0x0000000606800000, 0x0000000606800000| Untracked 
|  27|0x0000000606c00000, 0x0000000606c00000, 0x0000000607000000|  0%| F|  |TAMS 0x0000000606c00000, 0x0000000606c00000| Untracked 
|  28|0x0000000607000000, 0x0000000607000000, 0x0000000607400000|  0%| F|  |TAMS 0x0000000607000000, 0x0000000607000000| Untracked 
|  29|0x0000000607400000, 0x0000000607400000, 0x0000000607800000|  0%| F|  |TAMS 0x0000000607400000, 0x0000000607400000| Untracked 
|  30|0x0000000607800000, 0x0000000607800000, 0x0000000607c00000|  0%| F|  |TAMS 0x0000000607800000, 0x0000000607800000| Untracked 
|  31|0x0000000607c00000, 0x0000000607c00000, 0x0000000608000000|  0%| F|  |TAMS 0x0000000607c00000, 0x0000000607c00000| Untracked 
|  32|0x0000000608000000, 0x0000000608000000, 0x0000000608400000|  0%| F|  |TAMS 0x0000000608000000, 0x0000000608000000| Untracked 
|  33|0x0000000608400000, 0x0000000608400000, 0x0000000608800000|  0%| F|  |TAMS 0x0000000608400000, 0x0000000608400000| Untracked 
|  34|0x0000000608800000, 0x0000000608800000, 0x0000000608c00000|  0%| F|  |TAMS 0x0000000608800000, 0x0000000608800000| Untracked 
|  35|0x0000000608c00000, 0x0000000608c00000, 0x0000000609000000|  0%| F|  |TAMS 0x0000000608c00000, 0x0000000608c00000| Untracked 
|  36|0x0000000609000000, 0x0000000609000000, 0x0000000609400000|  0%| F|  |TAMS 0x0000000609000000, 0x0000000609000000| Untracked 
|  37|0x0000000609400000, 0x0000000609400000, 0x0000000609800000|  0%| F|  |TAMS 0x0000000609400000, 0x0000000609400000| Untracked 
|  38|0x0000000609800000, 0x0000000609800000, 0x0000000609c00000|  0%| F|  |TAMS 0x0000000609800000, 0x0000000609800000| Untracked 
|  39|0x0000000609c00000, 0x0000000609c00000, 0x000000060a000000|  0%| F|  |TAMS 0x0000000609c00000, 0x0000000609c00000| Untracked 
|  40|0x000000060a000000, 0x000000060a000000, 0x000000060a400000|  0%| F|  |TAMS 0x000000060a000000, 0x000000060a000000| Untracked 
|  41|0x000000060a400000, 0x000000060a400000, 0x000000060a800000|  0%| F|  |TAMS 0x000000060a400000, 0x000000060a400000| Untracked 
|  42|0x000000060a800000, 0x000000060a800000, 0x000000060ac00000|  0%| F|  |TAMS 0x000000060a800000, 0x000000060a800000| Untracked 
|  43|0x000000060ac00000, 0x000000060ac00000, 0x000000060b000000|  0%| F|  |TAMS 0x000000060ac00000, 0x000000060ac00000| Untracked 
|  44|0x000000060b000000, 0x000000060b000000, 0x000000060b400000|  0%| F|  |TAMS 0x000000060b000000, 0x000000060b000000| Untracked 
|  45|0x000000060b400000, 0x000000060b400000, 0x000000060b800000|  0%| F|  |TAMS 0x000000060b400000, 0x000000060b400000| Untracked 
|  46|0x000000060b800000, 0x000000060b800000, 0x000000060bc00000|  0%| F|  |TAMS 0x000000060b800000, 0x000000060b800000| Untracked 
|  47|0x000000060bc00000, 0x000000060bc00000, 0x000000060c000000|  0%| F|  |TAMS 0x000000060bc00000, 0x000000060bc00000| Untracked 
|  48|0x000000060c000000, 0x000000060c000000, 0x000000060c400000|  0%| F|  |TAMS 0x000000060c000000, 0x000000060c000000| Untracked 
|  49|0x000000060c400000, 0x000000060c400000, 0x000000060c800000|  0%| F|  |TAMS 0x000000060c400000, 0x000000060c400000| Untracked 
|  50|0x000000060c800000, 0x000000060c800000, 0x000000060cc00000|  0%| F|  |TAMS 0x000000060c800000, 0x000000060c800000| Untracked 
|  51|0x000000060cc00000, 0x000000060cc00000, 0x000000060d000000|  0%| F|  |TAMS 0x000000060cc00000, 0x000000060cc00000| Untracked 
|  52|0x000000060d000000, 0x000000060d000000, 0x000000060d400000|  0%| F|  |TAMS 0x000000060d000000, 0x000000060d000000| Untracked 
|  53|0x000000060d400000, 0x000000060d400000, 0x000000060d800000|  0%| F|  |TAMS 0x000000060d400000, 0x000000060d400000| Untracked 
|  54|0x000000060d800000, 0x000000060d800000, 0x000000060dc00000|  0%| F|  |TAMS 0x000000060d800000, 0x000000060d800000| Untracked 
|  55|0x000000060dc00000, 0x000000060dc00000, 0x000000060e000000|  0%| F|  |TAMS 0x000000060dc00000, 0x000000060dc00000| Untracked 
|  56|0x000000060e000000, 0x000000060e000000, 0x000000060e400000|  0%| F|  |TAMS 0x000000060e000000, 0x000000060e000000| Untracked 
|  57|0x000000060e400000, 0x000000060e400000, 0x000000060e800000|  0%| F|  |TAMS 0x000000060e400000, 0x000000060e400000| Untracked 
|  58|0x000000060e800000, 0x000000060e800000, 0x000000060ec00000|  0%| F|  |TAMS 0x000000060e800000, 0x000000060e800000| Untracked 
|  59|0x000000060ec00000, 0x000000060ec00000, 0x000000060f000000|  0%| F|  |TAMS 0x000000060ec00000, 0x000000060ec00000| Untracked 
|  60|0x000000060f000000, 0x000000060f000000, 0x000000060f400000|  0%| F|  |TAMS 0x000000060f000000, 0x000000060f000000| Untracked 
|  61|0x000000060f400000, 0x000000060f400000, 0x000000060f800000|  0%| F|  |TAMS 0x000000060f400000, 0x000000060f400000| Untracked 
|  62|0x000000060f800000, 0x000000060f800000, 0x000000060fc00000|  0%| F|  |TAMS 0x000000060f800000, 0x000000060f800000| Untracked 
|  63|0x000000060fc00000, 0x000000060fc00000, 0x0000000610000000|  0%| F|  |TAMS 0x000000060fc00000, 0x000000060fc00000| Untracked 
|  64|0x0000000610000000, 0x0000000610000000, 0x0000000610400000|  0%| F|  |TAMS 0x0000000610000000, 0x0000000610000000| Untracked 
|  65|0x0000000610400000, 0x0000000610400000, 0x0000000610800000|  0%| F|  |TAMS 0x0000000610400000, 0x0000000610400000| Untracked 
|  66|0x0000000610800000, 0x0000000610800000, 0x0000000610c00000|  0%| F|  |TAMS 0x0000000610800000, 0x0000000610800000| Untracked 
|  67|0x0000000610c00000, 0x0000000610c00000, 0x0000000611000000|  0%| F|  |TAMS 0x0000000610c00000, 0x0000000610c00000| Untracked 
|  68|0x0000000611000000, 0x0000000611000000, 0x0000000611400000|  0%| F|  |TAMS 0x0000000611000000, 0x0000000611000000| Untracked 
|  69|0x0000000611400000, 0x0000000611400000, 0x0000000611800000|  0%| F|  |TAMS 0x0000000611400000, 0x0000000611400000| Untracked 
|  70|0x0000000611800000, 0x0000000611800000, 0x0000000611c00000|  0%| F|  |TAMS 0x0000000611800000, 0x0000000611800000| Untracked 
|  71|0x0000000611c00000, 0x0000000611c00000, 0x0000000612000000|  0%| F|  |TAMS 0x0000000611c00000, 0x0000000611c00000| Untracked 
|  72|0x0000000612000000, 0x0000000612000000, 0x0000000612400000|  0%| F|  |TAMS 0x0000000612000000, 0x0000000612000000| Untracked 
|  73|0x0000000612400000, 0x0000000612400000, 0x0000000612800000|  0%| F|  |TAMS 0x0000000612400000, 0x0000000612400000| Untracked 
|  74|0x0000000612800000, 0x0000000612800000, 0x0000000612c00000|  0%| F|  |TAMS 0x0000000612800000, 0x0000000612800000| Untracked 
|  75|0x0000000612c00000, 0x0000000612c00000, 0x0000000613000000|  0%| F|  |TAMS 0x0000000612c00000, 0x0000000612c00000| Untracked 
|  76|0x0000000613000000, 0x0000000613000000, 0x0000000613400000|  0%| F|  |TAMS 0x0000000613000000, 0x0000000613000000| Untracked 
|  77|0x0000000613400000, 0x0000000613400000, 0x0000000613800000|  0%| F|  |TAMS 0x0000000613400000, 0x0000000613400000| Untracked 
|  78|0x0000000613800000, 0x0000000613800000, 0x0000000613c00000|  0%| F|  |TAMS 0x0000000613800000, 0x0000000613800000| Untracked 
|  79|0x0000000613c00000, 0x0000000613c00000, 0x0000000614000000|  0%| F|  |TAMS 0x0000000613c00000, 0x0000000613c00000| Untracked 
|  80|0x0000000614000000, 0x0000000614000000, 0x0000000614400000|  0%| F|  |TAMS 0x0000000614000000, 0x0000000614000000| Untracked 
|  81|0x0000000614400000, 0x0000000614400000, 0x0000000614800000|  0%| F|  |TAMS 0x0000000614400000, 0x0000000614400000| Untracked 
|  82|0x0000000614800000, 0x0000000614800000, 0x0000000614c00000|  0%| F|  |TAMS 0x0000000614800000, 0x0000000614800000| Untracked 
|  83|0x0000000614c00000, 0x0000000614c00000, 0x0000000615000000|  0%| F|  |TAMS 0x0000000614c00000, 0x0000000614c00000| Untracked 
|  84|0x0000000615000000, 0x0000000615000000, 0x0000000615400000|  0%| F|  |TAMS 0x0000000615000000, 0x0000000615000000| Untracked 
|  85|0x0000000615400000, 0x0000000615400000, 0x0000000615800000|  0%| F|  |TAMS 0x0000000615400000, 0x0000000615400000| Untracked 
|  86|0x0000000615800000, 0x0000000615800000, 0x0000000615c00000|  0%| F|  |TAMS 0x0000000615800000, 0x0000000615800000| Untracked 
|  87|0x0000000615c00000, 0x0000000615c00000, 0x0000000616000000|  0%| F|  |TAMS 0x0000000615c00000, 0x0000000615c00000| Untracked 
|  88|0x0000000616000000, 0x0000000616000000, 0x0000000616400000|  0%| F|  |TAMS 0x0000000616000000, 0x0000000616000000| Untracked 
|  89|0x0000000616400000, 0x0000000616400000, 0x0000000616800000|  0%| F|  |TAMS 0x0000000616400000, 0x0000000616400000| Untracked 
|  90|0x0000000616800000, 0x0000000616800000, 0x0000000616c00000|  0%| F|  |TAMS 0x0000000616800000, 0x0000000616800000| Untracked 
|  91|0x0000000616c00000, 0x0000000616c00000, 0x0000000617000000|  0%| F|  |TAMS 0x0000000616c00000, 0x0000000616c00000| Untracked 
|  92|0x0000000617000000, 0x0000000617000000, 0x0000000617400000|  0%| F|  |TAMS 0x0000000617000000, 0x0000000617000000| Untracked 
|  93|0x0000000617400000, 0x0000000617400000, 0x0000000617800000|  0%| F|  |TAMS 0x0000000617400000, 0x0000000617400000| Untracked 
|  94|0x0000000617800000, 0x0000000617800000, 0x0000000617c00000|  0%| F|  |TAMS 0x0000000617800000, 0x0000000617800000| Untracked 
|  95|0x0000000617c00000, 0x0000000617c00000, 0x0000000618000000|  0%| F|  |TAMS 0x0000000617c00000, 0x0000000617c00000| Untracked 
|  96|0x0000000618000000, 0x0000000618000000, 0x0000000618400000|  0%| F|  |TAMS 0x0000000618000000, 0x0000000618000000| Untracked 
|  97|0x0000000618400000, 0x0000000618400000, 0x0000000618800000|  0%| F|  |TAMS 0x0000000618400000, 0x0000000618400000| Untracked 
|  98|0x0000000618800000, 0x0000000618800000, 0x0000000618c00000|  0%| F|  |TAMS 0x0000000618800000, 0x0000000618800000| Untracked 
|  99|0x0000000618c00000, 0x0000000618c00000, 0x0000000619000000|  0%| F|  |TAMS 0x0000000618c00000, 0x0000000618c00000| Untracked 
| 100|0x0000000619000000, 0x0000000619000000, 0x0000000619400000|  0%| F|  |TAMS 0x0000000619000000, 0x0000000619000000| Untracked 
| 101|0x0000000619400000, 0x0000000619400000, 0x0000000619800000|  0%| F|  |TAMS 0x0000000619400000, 0x0000000619400000| Untracked 
| 102|0x0000000619800000, 0x0000000619800000, 0x0000000619c00000|  0%| F|  |TAMS 0x0000000619800000, 0x0000000619800000| Untracked 
| 103|0x0000000619c00000, 0x0000000619c00000, 0x000000061a000000|  0%| F|  |TAMS 0x0000000619c00000, 0x0000000619c00000| Untracked 
| 104|0x000000061a000000, 0x000000061a000000, 0x000000061a400000|  0%| F|  |TAMS 0x000000061a000000, 0x000000061a000000| Untracked 
| 105|0x000000061a400000, 0x000000061a400000, 0x000000061a800000|  0%| F|  |TAMS 0x000000061a400000, 0x000000061a400000| Untracked 
| 106|0x000000061a800000, 0x000000061a800000, 0x000000061ac00000|  0%| F|  |TAMS 0x000000061a800000, 0x000000061a800000| Untracked 
| 107|0x000000061ac00000, 0x000000061ac00000, 0x000000061b000000|  0%| F|  |TAMS 0x000000061ac00000, 0x000000061ac00000| Untracked 
| 108|0x000000061b000000, 0x000000061b000000, 0x000000061b400000|  0%| F|  |TAMS 0x000000061b000000, 0x000000061b000000| Untracked 
| 109|0x000000061b400000, 0x000000061b400000, 0x000000061b800000|  0%| F|  |TAMS 0x000000061b400000, 0x000000061b400000| Untracked 
| 110|0x000000061b800000, 0x000000061b800000, 0x000000061bc00000|  0%| F|  |TAMS 0x000000061b800000, 0x000000061b800000| Untracked 
| 111|0x000000061bc00000, 0x000000061bc00000, 0x000000061c000000|  0%| F|  |TAMS 0x000000061bc00000, 0x000000061bc00000| Untracked 
| 112|0x000000061c000000, 0x000000061c000000, 0x000000061c400000|  0%| F|  |TAMS 0x000000061c000000, 0x000000061c000000| Untracked 
| 113|0x000000061c400000, 0x000000061c400000, 0x000000061c800000|  0%| F|  |TAMS 0x000000061c400000, 0x000000061c400000| Untracked 
| 114|0x000000061c800000, 0x000000061c800000, 0x000000061cc00000|  0%| F|  |TAMS 0x000000061c800000, 0x000000061c800000| Untracked 
| 115|0x000000061cc00000, 0x000000061cc00000, 0x000000061d000000|  0%| F|  |TAMS 0x000000061cc00000, 0x000000061cc00000| Untracked 
| 116|0x000000061d000000, 0x000000061d400000, 0x000000061d400000|100%| E|  |TAMS 0x000000061d000000, 0x000000061d000000| Complete 
| 117|0x000000061d400000, 0x000000061d800000, 0x000000061d800000|100%| E|  |TAMS 0x000000061d400000, 0x000000061d400000| Complete 
| 118|0x000000061d800000, 0x000000061dc00000, 0x000000061dc00000|100%| E|CS|TAMS 0x000000061d800000, 0x000000061d800000| Complete 
| 119|0x000000061dc00000, 0x000000061e000000, 0x000000061e000000|100%| E|CS|TAMS 0x000000061dc00000, 0x000000061dc00000| Complete 
| 120|0x000000061e000000, 0x000000061e400000, 0x000000061e400000|100%| E|CS|TAMS 0x000000061e000000, 0x000000061e000000| Complete 
| 121|0x000000061e400000, 0x000000061e7135e8, 0x000000061e800000| 76%| S|CS|TAMS 0x000000061e400000, 0x000000061e400000| Complete 
| 122|0x000000061e800000, 0x000000061ec00000, 0x000000061ec00000|100%| E|CS|TAMS 0x000000061e800000, 0x000000061e800000| Complete 
| 123|0x000000061ec00000, 0x000000061f000000, 0x000000061f000000|100%| E|CS|TAMS 0x000000061ec00000, 0x000000061ec00000| Complete 
| 124|0x000000061f000000, 0x000000061f400000, 0x000000061f400000|100%| E|CS|TAMS 0x000000061f000000, 0x000000061f000000| Complete 
| 125|0x000000061f400000, 0x000000061f800000, 0x000000061f800000|100%| E|CS|TAMS 0x000000061f400000, 0x000000061f400000| Complete 
| 126|0x000000061f800000, 0x000000061fc00000, 0x000000061fc00000|100%| E|CS|TAMS 0x000000061f800000, 0x000000061f800000| Complete 
| 127|0x000000061fc00000, 0x0000000620000000, 0x0000000620000000|100%| E|CS|TAMS 0x000000061fc00000, 0x000000061fc00000| Complete 
|2046|0x00000007ff800000, 0x00000007ffb78000, 0x00000007ffc00000| 86%|OA|  |TAMS 0x00000007ff800000, 0x00000007ff800000| Untracked 
|2047|0x00000007ffc00000, 0x00000007ffc80000, 0x0000000800000000| 12%|CA|  |TAMS 0x00000007ffc00000, 0x00000007ffc00000| Untracked 

Card table byte_map: [0x000000011d9b8000,0x000000011e9b8000] _byte_map_base: 0x000000011a9b8000

Marking Bits (Prev, Next): (CMBitMap*) 0x000000012603e210, (CMBitMap*) 0x000000012603e250
 Prev Bits: [0x0000000130000000, 0x0000000138000000)
 Next Bits: [0x0000000138000000, 0x0000000140000000)

Polling page: 0x00000001042c0000

Metaspace:

Usage:
  Non-class:     11.75 MB used.
      Class:      2.02 MB used.
       Both:     13.77 MB used.

Virtual space:
  Non-class space:       16.00 MB reserved,      11.88 MB ( 74%) committed,  2 nodes.
      Class space:        1.00 GB reserved,       2.12 MB ( <1%) committed,  1 nodes.
             Both:        1.02 GB reserved,      14.00 MB (  1%) committed. 

Chunk freelists:
   Non-Class:  3.16 MB
       Class:  1.70 MB
        Both:  4.86 MB

MaxMetaspaceSize: unlimited
CompressedClassSpaceSize: 1.00 GB
Initial GC threshold: 21.00 MB
Current GC threshold: 21.00 MB
CDS: on
MetaspaceReclaimPolicy: balanced
 - commit_granule_bytes: 65536.
 - commit_granule_words: 8192.
 - virtual_space_node_default_size: 1048576.
 - enlarge_chunks_in_place: 1.
 - new_chunks_are_fully_committed: 0.
 - uncommit_free_chunks: 1.
 - use_allocation_guard: 0.
 - handle_deallocations: 1.


Internal statistics:

num_allocs_failed_limit: 0.
num_arena_births: 204.
num_arena_deaths: 0.
num_vsnodes_births: 3.
num_vsnodes_deaths: 0.
num_space_committed: 224.
num_space_uncommitted: 0.
num_chunks_returned_to_freelist: 0.
num_chunks_taken_from_freelist: 711.
num_chunk_merges: 0.
num_chunk_splits: 480.
num_chunks_enlarged: 365.
num_purges: 0.
num_inconsistent_stats: 0.

CodeHeap 'non-profiled nmethods': size=120032Kb used=1171Kb max_used=1171Kb free=118860Kb
 bounds [0x0000000115480000, 0x00000001156f0000, 0x000000011c9b8000]
CodeHeap 'profiled nmethods': size=120016Kb used=5622Kb max_used=5622Kb free=114393Kb
 bounds [0x000000010df4c000, 0x000000010e4cc000, 0x0000000115480000]
CodeHeap 'non-nmethods': size=5712Kb used=1382Kb max_used=1479Kb free=4329Kb
 bounds [0x000000010d9b8000, 0x000000010dc28000, 0x000000010df4c000]
 total_blobs=3583 nmethods=2816 adapters=683
 compilation: enabled
              stopped_count=0, restarted_count=0
 full_count=0

Compilation events (20 events):
Event: 7.067 Thread 0x000000012700aa00 2868       3       com.sun.scenario.animation.AnimationPulse::getDefaultBean (4 bytes)
Event: 7.067 Thread 0x000000012700aa00 nmethod 2868 0x000000010e4c2990 code [0x000000010e4c2b40, 0x000000010e4c2c28]
Event: 7.150 Thread 0x000000012700aa00 2869       3       javafx.scene.Scene$TargetWrapper::set (11 bytes)
Event: 7.150 Thread 0x000000012700aa00 nmethod 2869 0x000000010e4c2d10 code [0x000000010e4c2ec0, 0x000000010e4c30a8]
Event: 7.217 Thread 0x000000012700aa00 2870       3       java.util.concurrent.locks.LockSupport::setCurrentBlocker (14 bytes)
Event: 7.217 Thread 0x000000012700aa00 nmethod 2870 0x000000010e4c3190 code [0x000000010e4c3340, 0x000000010e4c3598]
Event: 7.225 Thread 0x000000012700aa00 2871       3       java.util.concurrent.LinkedBlockingDeque::unlinkFirst (74 bytes)
Event: 7.226 Thread 0x000000012700aa00 nmethod 2871 0x000000010e4c3690 code [0x000000010e4c38c0, 0x000000010e4c3f78]
Event: 7.226 Thread 0x000000012700aa00 2872       3       javafx.scene.Scene$MouseHandler::updateCursorFrame (61 bytes)
Event: 7.226 Thread 0x000000012700aa00 nmethod 2872 0x000000010e4c4190 code [0x000000010e4c4500, 0x000000010e4c5518]
Event: 7.250 Thread 0x000000012700aa00 2873       3       java.util.WeakHashMap::<init> (133 bytes)
Event: 7.251 Thread 0x000000012700aa00 nmethod 2873 0x000000010e4c5b90 code [0x000000010e4c6000, 0x000000010e4c75d8]
Event: 7.341 Thread 0x000000012700aa00 2874       3       com.sun.scenario.animation.AbstractPrimaryTimer::nanos (37 bytes)
Event: 7.342 Thread 0x000000012700aa00 nmethod 2874 0x000000010e4c7d90 code [0x000000010e4c7f40, 0x000000010e4c81a8]
Event: 7.391 Thread 0x000000012700aa00 2875       3       com.sun.javafx.tk.Toolkit::runPulse (26 bytes)
Event: 7.393 Thread 0x000000012700aa00 nmethod 2875 0x000000010e4c8290 code [0x000000010e4c8580, 0x000000010e4c9148]
Event: 7.393 Thread 0x000000012700aa00 2876       3       com.sun.javafx.tk.Toolkit$$Lambda$296/0x0000000800e229b0::<init> (10 bytes)
Event: 7.393 Thread 0x000000012700aa00 nmethod 2876 0x000000010e4c9590 code [0x000000010e4c9740, 0x000000010e4c9928]
Event: 7.393 Thread 0x000000012700aa00 2877       1       javafx.scene.Scene::isFocusDirty (5 bytes)
Event: 7.393 Thread 0x000000012700aa00 nmethod 2877 0x00000001155a4990 code [0x00000001155a4b00, 0x00000001155a4be8]

GC Heap History (2 events):
Event: 5.273 GC heap before
{Heap before GC invocations=0 (full 0):
 garbage-first heap   total 532480K, used 28640K [0x0000000600000000, 0x0000000800000000)
  region size 4096K, 6 young (24576K), 0 survivors (0K)
 Metaspace       used 5363K, committed 5504K, reserved 1056768K
  class space    used 657K, committed 704K, reserved 1048576K
}
Event: 5.274 GC heap after
{Heap after GC invocations=1 (full 0):
 garbage-first heap   total 532480K, used 7213K [0x0000000600000000, 0x0000000800000000)
  region size 4096K, 1 young (4096K), 1 survivors (4096K)
 Metaspace       used 5363K, committed 5504K, reserved 1056768K
  class space    used 657K, committed 704K, reserved 1048576K
}

Deoptimization events (20 events):
Event: 6.772 Thread 0x0000000125813400 Uncommon trap: trap_request=0xffffff45 fr.pc=0x00000001155938d4 relative=0x0000000000000494
Event: 6.772 Thread 0x0000000125813400 Uncommon trap: reason=unstable_if action=reinterpret pc=0x00000001155938d4 method=com.sun.javafx.sg.prism.NGGroup.computeRenderRoot(Lcom/sun/javafx/sg/prism/NodePath;Lcom/sun/javafx/geom/RectBounds;ILcom/sun/javafx/geom/transform/BaseTransform;Lcom/sun/ja
Event: 6.772 Thread 0x0000000125813400 DEOPT PACKING pc=0x00000001155938d4 sp=0x000000016e959c70
Event: 6.772 Thread 0x0000000125813400 DEOPT UNPACKING pc=0x000000010d9f6d1c sp=0x000000016e959ad0 mode 2
Event: 6.772 Thread 0x0000000125813400 Uncommon trap: trap_request=0xffffffc6 fr.pc=0x000000011559719c relative=0x0000000000000c9c
Event: 6.772 Thread 0x0000000125813400 Uncommon trap: reason=bimorphic_or_optimized_type_check action=maybe_recompile pc=0x000000011559719c method=com.sun.javafx.sg.prism.NGNode.doRender(Lcom/sun/prism/Graphics;)V @ 200 c2
Event: 6.772 Thread 0x0000000125813400 DEOPT PACKING pc=0x000000011559719c sp=0x000000016e95a100
Event: 6.772 Thread 0x0000000125813400 DEOPT UNPACKING pc=0x000000010d9f6d1c sp=0x000000016e959fc0 mode 2
Event: 6.772 Thread 0x0000000125813400 Uncommon trap: trap_request=0xffffffc6 fr.pc=0x000000011559719c relative=0x0000000000000c9c
Event: 6.772 Thread 0x0000000125813400 Uncommon trap: reason=bimorphic_or_optimized_type_check action=maybe_recompile pc=0x000000011559719c method=com.sun.javafx.sg.prism.NGNode.doRender(Lcom/sun/prism/Graphics;)V @ 200 c2
Event: 6.772 Thread 0x0000000125813400 DEOPT PACKING pc=0x000000011559719c sp=0x000000016e959d30
Event: 6.772 Thread 0x0000000125813400 DEOPT UNPACKING pc=0x000000010d9f6d1c sp=0x000000016e959bf0 mode 2
Event: 6.772 Thread 0x0000000125813400 Uncommon trap: trap_request=0xffffffc6 fr.pc=0x000000011559719c relative=0x0000000000000c9c
Event: 6.772 Thread 0x0000000125813400 Uncommon trap: reason=bimorphic_or_optimized_type_check action=maybe_recompile pc=0x000000011559719c method=com.sun.javafx.sg.prism.NGNode.doRender(Lcom/sun/prism/Graphics;)V @ 200 c2
Event: 6.772 Thread 0x0000000125813400 DEOPT PACKING pc=0x000000011559719c sp=0x000000016e959d30
Event: 6.772 Thread 0x0000000125813400 DEOPT UNPACKING pc=0x000000010d9f6d1c sp=0x000000016e959bf0 mode 2
Event: 6.773 Thread 0x0000000125813400 Uncommon trap: trap_request=0xffffffc6 fr.pc=0x000000011559719c relative=0x0000000000000c9c
Event: 6.773 Thread 0x0000000125813400 Uncommon trap: reason=bimorphic_or_optimized_type_check action=maybe_recompile pc=0x000000011559719c method=com.sun.javafx.sg.prism.NGNode.doRender(Lcom/sun/prism/Graphics;)V @ 200 c2
Event: 6.773 Thread 0x0000000125813400 DEOPT PACKING pc=0x000000011559719c sp=0x000000016e958bb0
Event: 6.773 Thread 0x0000000125813400 DEOPT UNPACKING pc=0x000000010d9f6d1c sp=0x000000016e958a70 mode 2

Classes unloaded (0 events):
No events

Classes redefined (0 events):
No events

Internal exceptions (20 events):
Event: 5.255 Thread 0x00000001048d3000 Exception <a 'java/lang/NoSuchMethodError'{0x000000061ec324a0}: 'void java.lang.invoke.DirectMethodHandle$Holder.invokeStaticInit(java.lang.Object)'> (0x000000061ec324a0) 
thrown [open/src/hotspot/share/interpreter/linkResolver.cpp, line 766]
Event: 5.275 Thread 0x00000001048d3000 Exception <a 'java/lang/NoSuchMethodError'{0x000000061fc0d668}: 'java.lang.Object java.lang.invoke.DirectMethodHandle$Holder.invokeStaticInit(java.lang.Object, java.lang.Object, java.lang.Object, java.lang.Object)'> (0x000000061fc0d668) 
thrown [open/src/hotspot/share/interpreter/linkResolver.cpp, line 766]
Event: 5.276 Thread 0x00000001048d3000 Exception <a 'java/lang/NullPointerException'{0x000000061fc19108}> (0x000000061fc19108) 
thrown [open/src/hotspot/share/interpreter/linkResolver.cpp, line 1357]
Event: 5.296 Thread 0x00000001048d3000 Implicit null exception at 0x00000001154dfb7c to 0x00000001154dfcb0
Event: 5.318 Thread 0x00000001048d3000 Exception <a 'java/lang/NoSuchMethodError'{0x000000061f1ad220}: 'void java.lang.invoke.DirectMethodHandle$Holder.invokeStaticInit(java.lang.Object, java.lang.Object)'> (0x000000061f1ad220) 
thrown [open/src/hotspot/share/interpreter/linkResolver.cpp, line 766]
Event: 5.321 Thread 0x00000001048d3000 Exception <a 'java/lang/NoSuchMethodError'{0x000000061f20e228}: 'void java.lang.invoke.DirectMethodHandle$Holder.invokeSpecial(java.lang.Object, java.lang.Object, java.lang.Object, java.lang.Object, java.lang.Object)'> (0x000000061f20e228) 
thrown [open/src/hotspot/share/interpreter/linkResolver.cpp, line 766]
Event: 5.331 Thread 0x00000001048d3000 Exception <a 'java/lang/NoSuchMethodError'{0x000000061edf9798}: 'int java.lang.invoke.DirectMethodHandle$Holder.invokeSpecial(java.lang.Object, java.lang.Object, java.lang.Object)'> (0x000000061edf9798) 
thrown [open/src/hotspot/share/interpreter/linkResolver.cpp, line 766]
Event: 5.346 Thread 0x00000001048d3000 Implicit null exception at 0x00000001154efd54 to 0x00000001154f00b0
Event: 5.350 Thread 0x00000001048d3000 Implicit null exception at 0x00000001154f2554 to 0x00000001154f28ac
Event: 5.351 Thread 0x00000001048d3000 Implicit null exception at 0x0000000115496d54 to 0x0000000115496dc0
Event: 5.385 Thread 0x00000001048d3000 Exception <a 'java/lang/NoSuchMethodError'{0x000000061e0d60a8}: 'java.lang.Object java.lang.invoke.DirectMethodHandle$Holder.newInvokeSpecial(java.lang.Object, java.lang.Object, java.lang.Object, java.lang.Object, java.lang.Object)'> (0x000000061e0d60a8) 
thrown [open/src/hotspot/share/interpreter/linkResolver.cpp, line 766]
Event: 5.468 Thread 0x00000001048d3000 Implicit null exception at 0x00000001154db584 to 0x00000001154db98c
Event: 5.473 Thread 0x00000001048d3000 Exception <a 'java/lang/NoSuchMethodError'{0x000000061e3e74a8}: 'java.lang.Object java.lang.invoke.DirectMethodHandle$Holder.invokeInterface(java.lang.Object, java.lang.Object, java.lang.Object)'> (0x000000061e3e74a8) 
thrown [open/src/hotspot/share/interpreter/linkResolver.cpp, line 766]
Event: 5.473 Thread 0x00000001048d3000 Exception <a 'java/lang/IncompatibleClassChangeError'{0x000000061e3eae30}: Found class java.lang.Object, but interface was expected> (0x000000061e3eae30) 
thrown [open/src/hotspot/share/interpreter/linkResolver.cpp, line 833]
Event: 5.500 Thread 0x00000001048d3000 Exception <a 'java/lang/NoSuchMethodError'{0x000000061dd787d0}: 'java.lang.Object java.lang.invoke.DirectMethodHandle$Holder.newInvokeSpecial(java.lang.Object, java.lang.Object, int)'> (0x000000061dd787d0) 
thrown [open/src/hotspot/share/interpreter/linkResolver.cpp, line 766]
Event: 5.559 Thread 0x00000001048d3000 Exception <a 'java/lang/NoSuchMethodError'{0x000000061dabcab8}: 'long java.lang.invoke.DirectMethodHandle$Holder.invokeStatic(java.lang.Object, java.lang.Object, java.lang.Object)'> (0x000000061dabcab8) 
thrown [open/src/hotspot/share/interpreter/linkResolver.cpp, line 766]
Event: 5.559 Thread 0x00000001048d3000 Exception <a 'java/lang/NoSuchMethodError'{0x000000061dac0508}: 'long java.lang.invoke.DirectMethodHandle$Holder.invokeStaticInit(java.lang.Object, java.lang.Object, java.lang.Object)'> (0x000000061dac0508) 
thrown [open/src/hotspot/share/interpreter/linkResolver.cpp, line 766]
Event: 5.560 Thread 0x00000001048d3000 Exception <a 'java/lang/NoSuchMethodError'{0x000000061dad83b8}: 'java.lang.Object java.lang.invoke.DirectMethodHandle$Holder.newInvokeSpecial(java.lang.Object, java.lang.Object, long)'> (0x000000061dad83b8) 
thrown [open/src/hotspot/share/interpreter/linkResolver.cpp, line 766]
Event: 5.560 Thread 0x00000001048d3000 Exception <a 'java/lang/NoSuchMethodError'{0x000000061dadbf28}: 'java.lang.Object java.lang.invoke.Invokers$Holder.linkToTargetMethod(java.lang.Object, long, java.lang.Object)'> (0x000000061dadbf28) 
thrown [open/src/hotspot/share/interpreter/linkResolver.cpp, line 766]
Event: 5.571 Thread 0x0000000125813400 Exception <a 'java/lang/NoSuchMethodError'{0x000000061d433fb8}: 'int java.lang.invoke.DirectMethodHandle$Holder.invokeStaticInit(java.lang.Object, java.lang.Object)'> (0x000000061d433fb8) 
thrown [open/src/hotspot/share/interpreter/linkResolver.cpp, line 766]

VM Operations (20 events):
Event: 5.299 Executing VM operation: HandshakeAllThreads
Event: 5.299 Executing VM operation: HandshakeAllThreads done
Event: 5.314 Executing VM operation: ICBufferFull
Event: 5.314 Executing VM operation: ICBufferFull done
Event: 5.333 Executing VM operation: HandshakeAllThreads
Event: 5.333 Executing VM operation: HandshakeAllThreads done
Event: 5.398 Executing VM operation: ICBufferFull
Event: 5.398 Executing VM operation: ICBufferFull done
Event: 5.497 Executing VM operation: ICBufferFull
Event: 5.497 Executing VM operation: ICBufferFull done
Event: 5.538 Executing VM operation: ICBufferFull
Event: 5.538 Executing VM operation: ICBufferFull done
Event: 5.539 Executing VM operation: HandshakeAllThreads
Event: 5.539 Executing VM operation: HandshakeAllThreads done
Event: 5.659 Executing VM operation: ICBufferFull
Event: 5.659 Executing VM operation: ICBufferFull done
Event: 5.992 Executing VM operation: ICBufferFull
Event: 5.993 Executing VM operation: ICBufferFull done
Event: 6.768 Executing VM operation: ICBufferFull
Event: 6.769 Executing VM operation: ICBufferFull done

Events (20 events):
Event: 5.618 loading class java/nio/DirectFloatBufferU
Event: 5.618 loading class java/nio/DirectFloatBufferU done
Event: 6.003 loading class java/util/EnumMap$Values
Event: 6.003 loading class java/util/EnumMap$Values done
Event: 6.003 loading class java/util/EnumMap$ValueIterator
Event: 6.003 loading class java/util/EnumMap$EnumMapIterator
Event: 6.003 loading class java/util/EnumMap$EnumMapIterator done
Event: 6.003 loading class java/util/EnumMap$ValueIterator done
Event: 6.450 Protecting memory [0x000000016fbd0000,0x000000016fbdc000] with protection modes 3
Event: 6.450 Thread 0x0000000104a3d400 Thread exited: 0x0000000104a3d400
Event: 6.450 Protecting memory [0x000000016df28000,0x000000016df34000] with protection modes 3
Event: 6.450 Thread 0x000000012598fa00 Thread exited: 0x000000012598fa00
Event: 6.584 Protecting memory [0x000000016e134000,0x000000016e140000] with protection modes 3
Event: 6.584 Thread 0x0000000104930e00 Thread exited: 0x0000000104930e00
Event: 6.767 Protecting memory [0x000000016df28000,0x000000016df34000] with protection modes 0
Event: 6.767 Thread 0x000000016280ae00 Thread added: 0x000000016280ae00
Event: 7.034 Protecting memory [0x000000016df28000,0x000000016df34000] with protection modes 3
Event: 7.034 Thread 0x000000016280ae00 Thread exited: 0x000000016280ae00
Event: 7.050 Protecting memory [0x000000016df28000,0x000000016df34000] with protection modes 0
Event: 7.050 Thread 0x0000000104c11400 Thread added: 0x0000000104c11400


Dynamic libraries:
0x0000000104270000 	/Library/Java/JavaVirtualMachines/jdk-17.0.2.jdk/Contents/Home/lib/libjli.dylib
0x00000001bd932000 	/usr/lib/libz.1.dylib
0x00000001bd9e2000 	/usr/lib/libSystem.B.dylib
0x00000001bd9dc000 	/usr/lib/system/libcache.dylib
0x00000001bd99a000 	/usr/lib/system/libcommonCrypto.dylib
0x00000001bd9c3000 	/usr/lib/system/libcompiler_rt.dylib
0x00000001bd9ba000 	/usr/lib/system/libcopyfile.dylib
0x00000001b2ce6000 	/usr/lib/system/libcorecrypto.dylib
0x00000001b2d8b000 	/usr/lib/system/libdispatch.dylib
0x00000001b2f53000 	/usr/lib/system/libdyld.dylib
0x00000001bd9d2000 	/usr/lib/system/libkeymgr.dylib
0x00000001bd97c000 	/usr/lib/system/libmacho.dylib
0x00000001bd088000 	/usr/lib/system/libquarantine.dylib
0x00000001bd9cf000 	/usr/lib/system/libremovefile.dylib
0x00000001b80d5000 	/usr/lib/system/libsystem_asl.dylib
0x00000001b2c90000 	/usr/lib/system/libsystem_blocks.dylib
0x00000001b2e11000 	/usr/lib/system/libsystem_c.dylib
0x00000001bd9c7000 	/usr/lib/system/libsystem_collections.dylib
0x00000001bc4e5000 	/usr/lib/system/libsystem_configuration.dylib
0x00000001bb76b000 	/usr/lib/system/libsystem_containermanager.dylib
0x00000001bd6e6000 	/usr/lib/system/libsystem_coreservices.dylib
0x00000001b5678000 	/usr/lib/system/libsystem_darwin.dylib
0x00000001bd9d3000 	/usr/lib/system/libsystem_dnssd.dylib
0x00000001b2e0e000 	/usr/lib/system/libsystem_featureflags.dylib
0x00000001b2f68000 	/usr/lib/system/libsystem_info.dylib
0x00000001bd944000 	/usr/lib/system/libsystem_m.dylib
0x00000001b2d60000 	/usr/lib/system/libsystem_malloc.dylib
0x00000001b8066000 	/usr/lib/system/libsystem_networkextension.dylib
0x00000001b5acb000 	/usr/lib/system/libsystem_notify.dylib
0x00000001c3baf000 	/usr/lib/system/libsystem_product_info_filter.dylib
0x00000001bc4ea000 	/usr/lib/system/libsystem_sandbox.dylib
0x00000001bd9cc000 	/usr/lib/system/libsystem_secinit.dylib
0x00000001b2f10000 	/usr/lib/system/libsystem_kernel.dylib
0x00000001b2f60000 	/usr/lib/system/libsystem_platform.dylib
0x00000001b2f46000 	/usr/lib/system/libsystem_pthread.dylib
0x00000001b980b000 	/usr/lib/system/libsystem_symptoms.dylib
0x00000001b2ccc000 	/usr/lib/system/libsystem_trace.dylib
0x00000001bd9a7000 	/usr/lib/system/libunwind.dylib
0x00000001b2c92000 	/usr/lib/system/libxpc.dylib
0x00000001b2ef6000 	/usr/lib/libc++abi.dylib
0x00000001b2dd2000 	/usr/lib/libobjc.A.dylib
0x00000001bd9b2000 	/usr/lib/liboah.dylib
0x00000001b2e92000 	/usr/lib/libc++.1.dylib
0x00000001c958c000 	/System/Library/Frameworks/Cocoa.framework/Versions/A/Cocoa
0x00000001b5b2a000 	/System/Library/Frameworks/AppKit.framework/Versions/C/AppKit
0x00000001b904c000 	/System/Library/Frameworks/CoreData.framework/Versions/A/CoreData
0x00000001b3e8b000 	/System/Library/Frameworks/Foundation.framework/Versions/C/Foundation
0x00000001b69dc000 	/System/Library/PrivateFrameworks/UIFoundation.framework/Versions/A/UIFoundation
0x00000001c38a9000 	/System/Library/PrivateFrameworks/RemoteViewServices.framework/Versions/A/RemoteViewServices
0x00000001bbea4000 	/System/Library/PrivateFrameworks/XCTTargetBootstrap.framework/Versions/A/XCTTargetBootstrap
0x00000001bf6e4000 	/System/Library/PrivateFrameworks/InternationalSupport.framework/Versions/A/InternationalSupport
0x00000001bf76d000 	/System/Library/PrivateFrameworks/UserActivity.framework/Versions/A/UserActivity
0x00000001bec0f000 	/usr/lib/libspindump.dylib
0x00000001b6c4c000 	/System/Library/Frameworks/UniformTypeIdentifiers.framework/Versions/A/UniformTypeIdentifiers
0x00000001ba432000 	/usr/lib/libapp_launch_measurement.dylib
0x00000001b99af000 	/System/Library/PrivateFrameworks/CoreAnalytics.framework/Versions/A/CoreAnalytics
0x00000001ba435000 	/System/Library/PrivateFrameworks/CoreAutoLayout.framework/Versions/A/CoreAutoLayout
0x00000001bb7a8000 	/System/Library/Frameworks/Metal.framework/Versions/A/Metal
0x00000001bc4f5000 	/usr/lib/liblangid.dylib
0x00000001bbea8000 	/System/Library/PrivateFrameworks/CoreSVG.framework/Versions/A/CoreSVG
0x00000001b8109000 	/System/Library/PrivateFrameworks/SkyLight.framework/Versions/A/SkyLight
0x00000001b84d1000 	/System/Library/Frameworks/CoreGraphics.framework/Versions/A/CoreGraphics
0x00000001c3f22000 	/System/Library/Frameworks/Accelerate.framework/Versions/A/Accelerate
0x00000001be684000 	/System/Library/PrivateFrameworks/IconServices.framework/Versions/A/IconServices
0x00000001bb78a000 	/System/Library/Frameworks/IOSurface.framework/Versions/A/IOSurface
0x00000001b99df000 	/usr/lib/libDiagnosticMessagesClient.dylib
0x00000001c735a000 	/System/Library/Frameworks/ApplicationServices.framework/Versions/A/ApplicationServices
0x00000001bbe8c000 	/System/Library/PrivateFrameworks/DFRFoundation.framework/Versions/A/DFRFoundation
0x00000001b53cd000 	/usr/lib/libicucore.A.dylib
0x00000001c04e1000 	/System/Library/Frameworks/AudioToolbox.framework/Versions/A/AudioToolbox
0x00000001bf6f0000 	/System/Library/PrivateFrameworks/DataDetectorsCore.framework/Versions/A/DataDetectorsCore
0x00000001d570c000 	/System/Library/PrivateFrameworks/TextInput.framework/Versions/A/TextInput
0x00000001b8080000 	/usr/lib/libMobileGestalt.dylib
0x00000001bbb5c000 	/System/Library/Frameworks/Carbon.framework/Versions/A/Frameworks/HIToolbox.framework/Versions/A/HIToolbox
0x00000001b9e3c000 	/System/Library/Frameworks/QuartzCore.framework/Versions/A/QuartzCore
0x00000001b504a000 	/System/Library/Frameworks/Security.framework/Versions/A/Security
0x00000001c38e9000 	/System/Library/Frameworks/Carbon.framework/Versions/A/Frameworks/SpeechRecognition.framework/Versions/A/SpeechRecognition
0x00000001ba189000 	/System/Library/PrivateFrameworks/CoreUI.framework/Versions/A/CoreUI
0x00000001b491d000 	/System/Library/Frameworks/CoreAudio.framework/Versions/A/CoreAudio
0x00000001b9acf000 	/System/Library/Frameworks/DiskArbitration.framework/Versions/A/DiskArbitration
0x00000001beff7000 	/System/Library/PrivateFrameworks/MultitouchSupport.framework/Versions/A/MultitouchSupport
0x00000001b807e000 	/usr/lib/libenergytrace.dylib
0x00000001b59f6000 	/System/Library/Frameworks/IOKit.framework/Versions/A/IOKit
0x00000001c3cd0000 	/System/Library/Frameworks/CoreServices.framework/Versions/A/CoreServices
0x00000001ba3c2000 	/System/Library/PrivateFrameworks/PerformanceAnalysis.framework/Versions/A/PerformanceAnalysis
0x0000000213f31000 	/System/Library/Frameworks/OpenGL.framework/Versions/A/OpenGL
0x00000001bcfa8000 	/System/Library/PrivateFrameworks/MobileKeyBag.framework/Versions/A/MobileKeyBag
0x00000001b8ae1000 	/System/Library/Frameworks/ColorSync.framework/Versions/A/ColorSync
0x00000001b2f94000 	/System/Library/Frameworks/CoreFoundation.framework/Versions/A/CoreFoundation
0x00000001bc129000 	/System/Library/Frameworks/CoreImage.framework/Versions/A/CoreImage
0x00000001b4740000 	/System/Library/Frameworks/CoreText.framework/Versions/A/CoreText
0x00000001bbed8000 	/System/Library/Frameworks/ImageIO.framework/Versions/A/ImageIO
0x00000001bd9e8000 	/System/Library/PrivateFrameworks/SoftLinking.framework/Versions/A/SoftLinking
0x00000001ba47f000 	/usr/lib/libxml2.2.dylib
0x00000001bdc80000 	/usr/lib/libcompression.dylib
0x00000001bf63d000 	/System/Library/PrivateFrameworks/TextureIO.framework/Versions/A/TextureIO
0x00000001be39e000 	/usr/lib/libate.dylib
0x00000001be266000 	/usr/lib/liblzma.5.dylib
0x00000001b3b7c000 	/System/Library/Frameworks/SystemConfiguration.framework/Versions/A/SystemConfiguration
0x00000001bd9e4000 	/usr/lib/libfakelink.dylib
0x00000001b7bae000 	/System/Library/Frameworks/CFNetwork.framework/Versions/A/CFNetwork
0x00000001bdb2b000 	/usr/lib/libarchive.2.dylib
0x00000001bc4f1000 	/System/Library/PrivateFrameworks/AppleSystemInfo.framework/Versions/A/AppleSystemInfo
0x00000001bd0b2000 	/usr/lib/libbsm.0.dylib
0x00000001b70eb000 	/usr/lib/libnetwork.dylib
0x00000001bd982000 	/usr/lib/system/libkxld.dylib
0x00000001bccca000 	/System/Library/PrivateFrameworks/IOMobileFramebuffer.framework/Versions/A/IOMobileFramebuffer
0x000000022f85c000 	/usr/lib/libCoreEntitlements.dylib
0x00000001bd6c8000 	/System/Library/PrivateFrameworks/AppleFSCompression.framework/Versions/A/AppleFSCompression
0x00000001bd09b000 	/usr/lib/libcoretls.dylib
0x00000001be27f000 	/usr/lib/libcoretls_cfhelpers.dylib
0x00000001bdc7b000 	/usr/lib/libpam.2.dylib
0x00000001b9433000 	/usr/lib/libsqlite3.dylib
0x00000001be2e7000 	/usr/lib/libxar.1.dylib
0x00000001bd6d9000 	/usr/lib/libbz2.1.0.dylib
0x00000001bd9e9000 	/usr/lib/libpcap.A.dylib
0x00000001b9802000 	/usr/lib/libdns_services.dylib
0x00000001bdc4e000 	/usr/lib/libapple_nghttp2.dylib
0x00000001bda26000 	/usr/lib/libiconv.2.dylib
0x00000001bd97b000 	/usr/lib/libcharset.1.dylib
0x00000001ba3fe000 	/System/Library/Frameworks/CoreServices.framework/Versions/A/Frameworks/FSEvents.framework/Versions/A/FSEvents
0x00000001b5683000 	/System/Library/Frameworks/CoreServices.framework/Versions/A/Frameworks/CarbonCore.framework/Versions/A/CarbonCore
0x00000001b9a32000 	/System/Library/Frameworks/CoreServices.framework/Versions/A/Frameworks/Metadata.framework/Versions/A/Metadata
0x00000001bd6ec000 	/System/Library/Frameworks/CoreServices.framework/Versions/A/Frameworks/OSServices.framework/Versions/A/OSServices
0x00000001bdbb0000 	/System/Library/Frameworks/CoreServices.framework/Versions/A/Frameworks/SearchKit.framework/Versions/A/SearchKit
0x00000001b9790000 	/System/Library/Frameworks/CoreServices.framework/Versions/A/Frameworks/AE.framework/Versions/A/AE
0x00000001b34d8000 	/System/Library/Frameworks/CoreServices.framework/Versions/A/Frameworks/LaunchServices.framework/Versions/A/LaunchServices
0x00000001be20f000 	/System/Library/Frameworks/CoreServices.framework/Versions/A/Frameworks/DictionaryServices.framework/Versions/A/DictionaryServices
0x00000001ba40b000 	/System/Library/Frameworks/CoreServices.framework/Versions/A/Frameworks/SharedFileList.framework/Versions/A/SharedFileList
0x00000001bd08b000 	/usr/lib/libCheckFix.dylib
0x00000001b80ed000 	/System/Library/PrivateFrameworks/TCC.framework/Versions/A/TCC
0x00000001bc4f7000 	/System/Library/PrivateFrameworks/CoreNLP.framework/Versions/A/CoreNLP
0x00000001b99e2000 	/System/Library/PrivateFrameworks/MetadataUtilities.framework/Versions/A/MetadataUtilities
0x00000001b3c35000 	/usr/lib/libmecabra.dylib
0x00000001bd0c3000 	/usr/lib/libmecab.dylib
0x00000001b3c01000 	/usr/lib/libCRFSuite.dylib
0x00000001bd121000 	/usr/lib/libgermantok.dylib
0x00000001bdc27000 	/usr/lib/libThaiTokenizer.dylib
0x00000001b9ad7000 	/System/Library/Frameworks/Accelerate.framework/Versions/A/Frameworks/vImage.framework/Versions/A/vImage
0x00000001c3ca7000 	/System/Library/Frameworks/Accelerate.framework/Versions/A/Frameworks/vecLib.framework/Versions/A/vecLib
0x00000001be32b000 	/System/Library/Frameworks/Accelerate.framework/Versions/A/Frameworks/vecLib.framework/Versions/A/libvMisc.dylib
0x00000001bcbd4000 	/System/Library/Frameworks/Accelerate.framework/Versions/A/Frameworks/vecLib.framework/Versions/A/libvDSP.dylib
0x00000001b385b000 	/System/Library/Frameworks/Accelerate.framework/Versions/A/Frameworks/vecLib.framework/Versions/A/libBLAS.dylib
0x00000001bdd4f000 	/System/Library/Frameworks/Accelerate.framework/Versions/A/Frameworks/vecLib.framework/Versions/A/libLAPACK.dylib
0x00000001bd124000 	/System/Library/Frameworks/Accelerate.framework/Versions/A/Frameworks/vecLib.framework/Versions/A/libLinearAlgebra.dylib
0x00000001bdc66000 	/System/Library/Frameworks/Accelerate.framework/Versions/A/Frameworks/vecLib.framework/Versions/A/libSparseBLAS.dylib
0x00000001bdd4a000 	/System/Library/Frameworks/Accelerate.framework/Versions/A/Frameworks/vecLib.framework/Versions/A/libQuadrature.dylib
0x00000001bc5ee000 	/System/Library/Frameworks/Accelerate.framework/Versions/A/Frameworks/vecLib.framework/Versions/A/libBNNS.dylib
0x00000001b3b19000 	/System/Library/Frameworks/Accelerate.framework/Versions/A/Frameworks/vecLib.framework/Versions/A/libSparse.dylib
0x00000001bc5e6000 	/System/Library/PrivateFrameworks/LinguisticData.framework/Versions/A/LinguisticData
0x00000001b3acf000 	/System/Library/PrivateFrameworks/Lexicon.framework/Versions/A/Lexicon
0x00000001be323000 	/usr/lib/libChineseTokenizer.dylib
0x00000001b4279000 	/System/Library/PrivateFrameworks/LanguageModeling.framework/Versions/A/LanguageModeling
0x00000001bdc29000 	/System/Library/PrivateFrameworks/AppleSauce.framework/Versions/A/AppleSauce
0x00000001bccb7000 	/System/Library/PrivateFrameworks/CoreEmoji.framework/Versions/A/CoreEmoji
0x00000001bdb19000 	/usr/lib/libcmph.dylib
0x00000001ba3de000 	/System/Library/Frameworks/OpenDirectory.framework/Versions/A/Frameworks/CFOpenDirectory.framework/Versions/A/CFOpenDirectory
0x00000001ba3ce000 	/System/Library/Frameworks/OpenDirectory.framework/Versions/A/OpenDirectory
0x00000001be281000 	/System/Library/PrivateFrameworks/APFS.framework/Versions/A/APFS
0x00000001bcfe3000 	/System/Library/Frameworks/SecurityFoundation.framework/Versions/A/SecurityFoundation
0x00000001be2f5000 	/usr/lib/libutil.dylib
0x00000001b59b8000 	/System/Library/PrivateFrameworks/CoreServicesStore.framework/Versions/A/CoreServicesStore
0x00000001be2f9000 	/usr/lib/libxslt.1.dylib
0x00000001bd077000 	/System/Library/PrivateFrameworks/BackgroundTaskManagement.framework/Versions/A/BackgroundTaskManagement
0x00000001bf55e000 	/System/Library/Frameworks/ImageIO.framework/Versions/A/Resources/libRadiance.dylib
0x00000001bf567000 	/System/Library/Frameworks/ImageIO.framework/Versions/A/Resources/libJPEG.dylib
0x00000001bf4b9000 	/System/Library/Frameworks/ImageIO.framework/Versions/A/Resources/libPng.dylib
0x00000001bf4db000 	/System/Library/Frameworks/ImageIO.framework/Versions/A/Resources/libTIFF.dylib
0x00000001bf5c2000 	/System/Library/Frameworks/ImageIO.framework/Versions/A/Resources/libGIF.dylib
0x00000001bef07000 	/System/Library/Frameworks/ImageIO.framework/Versions/A/Resources/libJP2.dylib
0x00000001be64a000 	/usr/lib/libexpat.1.dylib
0x00000001beec2000 	/System/Library/PrivateFrameworks/AppleJPEG.framework/Versions/A/AppleJPEG
0x00000001bba1b000 	/System/Library/PrivateFrameworks/FontServices.framework/libFontParser.dylib
0x00000001b9735000 	/System/Library/PrivateFrameworks/RunningBoardServices.framework/Versions/A/RunningBoardServices
0x00000001c9bf7000 	/System/Library/PrivateFrameworks/IOSurfaceAccelerator.framework/Versions/A/IOSurfaceAccelerator
0x00000001beff3000 	/System/Library/PrivateFrameworks/WatchdogClient.framework/Versions/A/WatchdogClient
0x00000001b437d000 	/System/Library/Frameworks/CoreDisplay.framework/Versions/A/CoreDisplay
0x00000001bb90a000 	/System/Library/Frameworks/CoreMedia.framework/Versions/A/CoreMedia
0x00000001bb79e000 	/System/Library/PrivateFrameworks/IOAccelerator.framework/Versions/A/IOAccelerator
0x00000001ba56c000 	/System/Library/Frameworks/CoreVideo.framework/Versions/A/CoreVideo
0x00000001bdc79000 	/System/Library/Frameworks/MetalPerformanceShaders.framework/Versions/A/MetalPerformanceShaders
0x00000001bf030000 	/System/Library/Frameworks/VideoToolbox.framework/Versions/A/VideoToolbox
0x00000001b9679000 	/System/Library/PrivateFrameworks/BaseBoard.framework/Versions/A/BaseBoard
0x00000001b9418000 	/System/Library/PrivateFrameworks/ProtocolBuffer.framework/Versions/A/ProtocolBuffer
0x00000001bf559000 	/System/Library/PrivateFrameworks/GPUWrangler.framework/Versions/A/GPUWrangler
0x00000001bf538000 	/System/Library/PrivateFrameworks/IOPresentment.framework/Versions/A/IOPresentment
0x00000001bf561000 	/System/Library/PrivateFrameworks/DSExternalDisplay.framework/Versions/A/DSExternalDisplay
0x0000000213f24000 	/System/Library/Frameworks/OpenGL.framework/Versions/A/Libraries/libCoreFSCache.dylib
0x000000021d63e000 	/System/Library/PrivateFrameworks/GPUCompiler.framework/Versions/31001/Libraries/libGPUCompilerUtils.dylib
0x00000001bf5c7000 	/System/Library/PrivateFrameworks/CMCaptureCore.framework/Versions/A/CMCaptureCore
0x00000001bebfd000 	/System/Library/PrivateFrameworks/AppServerSupport.framework/Versions/A/AppServerSupport
0x00000001c0d9c000 	/System/Library/PrivateFrameworks/perfdata.framework/Versions/A/perfdata
0x00000001b449d000 	/System/Library/PrivateFrameworks/AudioToolboxCore.framework/Versions/A/AudioToolboxCore
0x00000001bb8e2000 	/System/Library/PrivateFrameworks/caulk.framework/Versions/A/caulk
0x00000001c0691000 	/usr/lib/libAudioStatistics.dylib
0x00000001d1eaa000 	/System/Library/PrivateFrameworks/SystemPolicy.framework/Versions/A/SystemPolicy
0x00000001c08f1000 	/usr/lib/libSMC.dylib
0x00000001c946e000 	/System/Library/Frameworks/CoreMIDI.framework/Versions/A/CoreMIDI
0x00000001bf487000 	/usr/lib/libAudioToolboxUtility.dylib
0x00000001ce350000 	/System/Library/PrivateFrameworks/OSAServicesClient.framework/Versions/A/OSAServicesClient
0x00000001c0da9000 	/usr/lib/libperfcheck.dylib
0x00000001d29ad000 	/usr/lib/libmis.dylib
0x0000000213f85000 	/System/Library/Frameworks/OpenGL.framework/Versions/A/Libraries/libGLU.dylib
0x0000000213f44000 	/System/Library/Frameworks/OpenGL.framework/Versions/A/Libraries/libGFXShared.dylib
0x000000021412e000 	/System/Library/Frameworks/OpenGL.framework/Versions/A/Libraries/libGL.dylib
0x0000000213f4d000 	/System/Library/Frameworks/OpenGL.framework/Versions/A/Libraries/libGLImage.dylib
0x0000000213f41000 	/System/Library/Frameworks/OpenGL.framework/Versions/A/Libraries/libCVMSPluginSupport.dylib
0x0000000213f2b000 	/System/Library/Frameworks/OpenGL.framework/Versions/A/Libraries/libCoreVMClient.dylib
0x00000001bc473000 	/System/Library/Frameworks/MetalPerformanceShaders.framework/Versions/A/Frameworks/MPSCore.framework/Versions/A/MPSCore
0x00000001bd63b000 	/System/Library/Frameworks/MetalPerformanceShaders.framework/Versions/A/Frameworks/MPSImage.framework/Versions/A/MPSImage
0x00000001bd139000 	/System/Library/Frameworks/MetalPerformanceShaders.framework/Versions/A/Frameworks/MPSNeuralNetwork.framework/Versions/A/MPSNeuralNetwork
0x00000001bd576000 	/System/Library/Frameworks/MetalPerformanceShaders.framework/Versions/A/Frameworks/MPSMatrix.framework/Versions/A/MPSMatrix
0x00000001bd351000 	/System/Library/Frameworks/MetalPerformanceShaders.framework/Versions/A/Frameworks/MPSRayIntersector.framework/Versions/A/MPSRayIntersector
0x00000001bd5a7000 	/System/Library/Frameworks/MetalPerformanceShaders.framework/Versions/A/Frameworks/MPSNDArray.framework/Versions/A/MPSNDArray
0x0000000215c40000 	/System/Library/Frameworks/MetalPerformanceShaders.framework/Versions/A/Frameworks/MPSFunctions.framework/Versions/A/MPSFunctions
0x00000001b3739000 	/System/Library/PrivateFrameworks/MetalTools.framework/Versions/A/MetalTools
0x00000001bc4ef000 	/System/Library/PrivateFrameworks/AggregateDictionary.framework/Versions/A/AggregateDictionary
0x00000001be430000 	/usr/lib/libIOReport.dylib
0x00000001c845c000 	/System/Library/PrivateFrameworks/ASEProcessing.framework/Versions/A/ASEProcessing
0x00000001be7a2000 	/System/Library/PrivateFrameworks/FaceCore.framework/Versions/A/FaceCore
0x00000001be794000 	/System/Library/PrivateFrameworks/GraphVisualizer.framework/Versions/A/GraphVisualizer
0x000000021d555000 	/System/Library/PrivateFrameworks/FontServices.framework/Versions/A/FontServices
0x00000001bebb7000 	/System/Library/PrivateFrameworks/OTSVG.framework/Versions/A/OTSVG
0x00000001ba13a000 	/System/Library/Frameworks/ApplicationServices.framework/Versions/A/Frameworks/ATS.framework/Versions/A/Resources/libFontRegistry.dylib
0x00000001bec06000 	/System/Library/PrivateFrameworks/FontServices.framework/libhvf.dylib
0x000000021d556000 	/System/Library/PrivateFrameworks/FontServices.framework/libXTFontStaticRegistryData.dylib
0x00000002142d0000 	/System/Library/Frameworks/OpenCL.framework/Versions/A/OpenCL
0x00000001be5fe000 	/System/Library/PrivateFrameworks/AppleVA.framework/Versions/A/AppleVA
0x00000001c06b9000 	/System/Library/Frameworks/ApplicationServices.framework/Versions/A/Frameworks/ATS.framework/Versions/A/ATS
0x00000001b8bde000 	/System/Library/Frameworks/ApplicationServices.framework/Versions/A/Frameworks/HIServices.framework/Versions/A/HIServices
0x00000001bf5d1000 	/System/Library/Frameworks/ApplicationServices.framework/Versions/A/Frameworks/PrintCore.framework/Versions/A/PrintCore
0x00000001c0a44000 	/System/Library/Frameworks/ApplicationServices.framework/Versions/A/Frameworks/QD.framework/Versions/A/QD
0x00000001c0a3c000 	/System/Library/Frameworks/ApplicationServices.framework/Versions/A/Frameworks/ColorSyncLegacy.framework/Versions/A/ColorSyncLegacy
0x00000001c06a5000 	/System/Library/Frameworks/ApplicationServices.framework/Versions/A/Frameworks/SpeechSynthesis.framework/Versions/A/SpeechSynthesis
0x00000001bf592000 	/System/Library/Frameworks/ApplicationServices.framework/Versions/A/Frameworks/ATSUI.framework/Versions/A/ATSUI
0x00000001c09d1000 	/usr/lib/libcups.2.dylib
0x00000001c0db7000 	/System/Library/Frameworks/Kerberos.framework/Versions/A/Kerberos
0x00000001c0dc8000 	/System/Library/Frameworks/GSS.framework/Versions/A/GSS
0x00000001c0728000 	/usr/lib/libresolv.9.dylib
0x00000001bec14000 	/System/Library/PrivateFrameworks/Heimdal.framework/Versions/A/Heimdal
0x00000001c76d0000 	/System/Library/Frameworks/Kerberos.framework/Versions/A/Libraries/libHeimdalProxy.dylib
0x00000001b9814000 	/System/Library/Frameworks/Network.framework/Versions/A/Network
0x00000001be665000 	/usr/lib/libheimdal-asn1.dylib
0x00000001c0e0e000 	/System/Library/PrivateFrameworks/CommonAuth.framework/Versions/A/CommonAuth
0x00000001c061f000 	/System/Library/PrivateFrameworks/AudioSession.framework/Versions/A/AudioSession
0x00000001be6f6000 	/System/Library/PrivateFrameworks/MediaExperience.framework/Versions/A/MediaExperience
0x00000001c04a7000 	/System/Library/PrivateFrameworks/AudioSession.framework/libSessionUtility.dylib
0x00000001c0a50000 	/System/Library/PrivateFrameworks/AudioResourceArbitration.framework/Versions/A/AudioResourceArbitration
0x00000001be66e000 	/System/Library/PrivateFrameworks/IconFoundation.framework/Versions/A/IconFoundation
0x00000001c38d5000 	/System/Library/PrivateFrameworks/SpeechRecognitionCore.framework/Versions/A/SpeechRecognitionCore
0x00000001052c8000 	/Library/Java/JavaVirtualMachines/jdk-17.0.2.jdk/Contents/Home/lib/server/libjvm.dylib
0x00000001042d4000 	/Library/Java/JavaVirtualMachines/jdk-17.0.2.jdk/Contents/Home/lib/libjimage.dylib
0x0000000104430000 	/Library/Java/JavaVirtualMachines/jdk-17.0.2.jdk/Contents/Home/lib/libjava.dylib
0x00000001046a4000 	/Library/Java/JavaVirtualMachines/jdk-17.0.2.jdk/Contents/Home/lib/libnio.dylib
0x00000001046c4000 	/Library/Java/JavaVirtualMachines/jdk-17.0.2.jdk/Contents/Home/lib/libnet.dylib
0x0000000104414000 	/Library/Java/JavaVirtualMachines/jdk-17.0.2.jdk/Contents/Home/lib/libzip.dylib
0x00000001046e8000 	/Users/critoma/.openjfx/cache/17/libprism_es2.dylib
0x00000001b597b000 	/System/Library/PrivateFrameworks/CoreServicesInternal.framework/Versions/A/CoreServicesInternal
0x0000000214138000 	/System/Library/Frameworks/OpenGL.framework/Versions/A/Resources/GLEngine.bundle/GLEngine
0x0000000213fbf000 	/System/Library/Frameworks/OpenGL.framework/Versions/A/Libraries/libGLProgrammability.dylib
0x00000001051a4000 	/System/Library/Extensions/AppleMetalOpenGLRenderer.bundle/Contents/MacOS/AppleMetalOpenGLRenderer
0x00000002142a7000 	/System/Library/Frameworks/OpenGL.framework/Versions/A/Resources/GLRendererFloat.bundle/GLRendererFloat
0x00000001f8283000 	/System/Library/Extensions/AGXMetalG13X.bundle/Contents/MacOS/AGXMetalG13X
0x00000001d29c9000 	/System/Library/PrivateFrameworks/GPURawCounter.framework/Versions/A/GPURawCounter
0x00000001cd49e000 	/System/Library/PrivateFrameworks/IOGPU.framework/Versions/A/IOGPU
0x0000000121b80000 	/Users/critoma/.openjfx/cache/17/libglass.dylib
0x00000001c4d75000 	/System/Library/Frameworks/FileProvider.framework/Versions/A/FileProvider
0x00000001b95e1000 	/System/Library/Frameworks/Accounts.framework/Versions/A/Accounts
0x00000001c4ef5000 	/System/Library/PrivateFrameworks/GenerationalStorage.framework/Versions/A/GenerationalStorage
0x00000001c5aa5000 	/System/Library/PrivateFrameworks/CoreSymbolication.framework/Versions/A/CoreSymbolication
0x00000001c4b15000 	/System/Library/PrivateFrameworks/SymptomDiagnosticReporter.framework/Versions/A/SymptomDiagnosticReporter
0x00000001b6c60000 	/System/Library/PrivateFrameworks/DesktopServicesPriv.framework/Versions/A/DesktopServicesPriv
0x00000001b5ada000 	/usr/lib/libsandbox.1.dylib
0x00000001ba5f8000 	/System/Library/PrivateFrameworks/UserManagement.framework/Versions/A/UserManagement
0x00000001c5a66000 	/System/Library/PrivateFrameworks/DebugSymbols.framework/Versions/A/DebugSymbols
0x00000001c0a2f000 	/System/Library/PrivateFrameworks/NetAuth.framework/Versions/A/NetAuth
0x00000001c192d000 	/System/Library/PrivateFrameworks/Sharing.framework/Versions/A/Sharing
0x00000001ba5c8000 	/System/Library/PrivateFrameworks/login.framework/Versions/A/Frameworks/loginsupport.framework/Versions/A/loginsupport
0x00000001c6c16000 	/System/Library/PrivateFrameworks/Apple80211.framework/Versions/A/Apple80211
0x00000001bd71f000 	/System/Library/PrivateFrameworks/AuthKit.framework/Versions/A/AuthKit
0x00000001bcdb6000 	/System/Library/PrivateFrameworks/CoreUtils.framework/Versions/A/CoreUtils
0x00000001bccd6000 	/System/Library/Frameworks/CoreWLAN.framework/Versions/A/CoreWLAN
0x00000001c1a96000 	/System/Library/Frameworks/IOBluetooth.framework/Versions/A/IOBluetooth
0x00000001c6c76000 	/System/Library/PrivateFrameworks/CoreWiFi.framework/Versions/A/CoreWiFi
0x00000001c564d000 	/System/Library/PrivateFrameworks/FrontBoardServices.framework/Versions/A/FrontBoardServices
0x00000001c56e5000 	/System/Library/PrivateFrameworks/BoardServices.framework/Versions/A/BoardServices
0x00000001bcfd1000 	/System/Library/PrivateFrameworks/AssertionServices.framework/Versions/A/AssertionServices
0x00000001c6de4000 	/System/Library/PrivateFrameworks/BackBoardServices.framework/Versions/A/BackBoardServices
0x00000001c0ea1000 	/System/Library/PrivateFrameworks/CorePhoneNumbers.framework/Versions/A/CorePhoneNumbers
0x00000001c4c45000 	/System/Library/PrivateFrameworks/DiskManagement.framework/Versions/A/DiskManagement
0x00000001c4b48000 	/System/Library/PrivateFrameworks/AppleIDAuthSupport.framework/Versions/A/AppleIDAuthSupport
0x0000000217ed9000 	/System/Library/PrivateFrameworks/AAAFoundation.framework/Versions/A/AAAFoundation
0x00000001c0e80000 	/System/Library/PrivateFrameworks/KeychainCircle.framework/Versions/A/KeychainCircle
0x00000001c4c11000 	/System/Library/PrivateFrameworks/MediaKit.framework/Versions/A/MediaKit
0x00000001c4b55000 	/System/Library/Frameworks/DiscRecording.framework/Versions/A/DiscRecording
0x00000001be57a000 	/usr/lib/libCoreStorage.dylib
0x00000001c70de000 	/usr/lib/libcsfde.dylib
0x00000001c1b6b000 	/System/Library/PrivateFrameworks/ProtectedCloudStorage.framework/Versions/A/ProtectedCloudStorage
0x00000001c70d6000 	/System/Library/PrivateFrameworks/EFILogin.framework/Versions/A/EFILogin
0x00000001c4f1c000 	/System/Library/PrivateFrameworks/OctagonTrust.framework/Versions/A/OctagonTrust
0x000000021c7c0000 	/System/Library/PrivateFrameworks/CoreUtilsExtras.framework/Versions/A/CoreUtilsExtras
0x00000001c4a87000 	/System/Library/Frameworks/CoreBluetooth.framework/Versions/A/CoreBluetooth
0x00000001c7755000 	/System/Library/Frameworks/AudioUnit.framework/Versions/A/AudioUnit
0x00000001be572000 	/usr/lib/libMatch.1.dylib
0x00000001d6c30000 	/System/Library/Frameworks/Accelerate.framework/Versions/A/Frameworks/vImage.framework/Versions/A/Libraries/libCGInterfaces.dylib
0x0000000125490000 	/usr/lib/libobjc-trampolines.dylib
0x00000001ba2c6000 	/System/Library/PrivateFrameworks/ViewBridge.framework/Versions/A/ViewBridge
0x0000000126eac000 	/Users/critoma/.openjfx/cache/17/libjavafx_font.dylib
0x00000001becc2000 	/System/Library/PrivateFrameworks/login.framework/Versions/A/login
0x00000001be439000 	/System/Library/PrivateFrameworks/CrashReporterSupport.framework/Versions/A/CrashReporterSupport
0x00000001de53f000 	/System/Library/PrivateFrameworks/OSAnalytics.framework/Versions/A/OSAnalytics
0x00000001e968e000 	/System/Library/PrivateFrameworks/Symbolication.framework/Versions/A/Symbolication
0x00000001d298a000 	/System/Library/PrivateFrameworks/MallocStackLogging.framework/Versions/A/MallocStackLogging
0x000000022f9d6000 	/usr/lib/libRosetta.dylib


VM Arguments:
jvm_args: --module-path=/Users/critoma/.m2/repository/org/openjfx/javafx-base/17/javafx-base-17-mac-aarch64.jar:/Users/critoma/.m2/repository/org/openjfx/javafx-base/17/javafx-base-17.jar:/Users/critoma/.m2/repository/org/openjfx/javafx-controls/17/javafx-controls-17-mac-aarch64.jar:/Users/critoma/.m2/repository/org/openjfx/javafx-controls/17/javafx-controls-17.jar:/Users/critoma/.m2/repository/org/openjfx/javafx-graphics/17/javafx-graphics-17-mac-aarch64.jar:/Users/critoma/.m2/repository/org/openjfx/javafx-graphics/17/javafx-graphics-17.jar --add-modules=javafx.base,javafx.base,javafx.controls,javafx.controls,javafx.graphics,javafx.graphics 
java_command: org.redfx.javaqc.ch05.bellstate.Main
java_class_path (initial): /Users/critoma/Downloads/quantumjava/quantumjava/ch05/bellstate/target/classes:/Users/critoma/.m2/repository/org/apiguardian/apiguardian-api/1.1.0/apiguardian-api-1.1.0.jar:/Users/critoma/.m2/repository/org/junit/jupiter/junit-jupiter-api/5.5.2/junit-jupiter-api-5.5.2.jar:/Users/critoma/.m2/repository/org/junit/jupiter/junit-jupiter-engine/5.5.2/junit-jupiter-engine-5.5.2.jar:/Users/critoma/.m2/repository/org/junit/jupiter/junit-jupiter-params/5.5.2/junit-jupiter-params-5.5.2.jar:/Users/critoma/.m2/repository/org/junit/platform/junit-platform-commons/1.5.2/junit-platform-commons-1.5.2.jar:/Users/critoma/.m2/repository/org/junit/platform/junit-platform-engine/1.5.2/junit-platform-engine-1.5.2.jar:/Users/critoma/.m2/repository/org/opentest4j/opentest4j/1.2.0/opentest4j-1.2.0.jar:/Users/critoma/.m2/repository/org/redfx/strange/0.1.1/strange-0.1.1.jar:/Users/critoma/.m2/repository/org/redfx/strangefx/0.1.2/strangefx-0.1.2.jar
Launcher Type: SUN_STANDARD

[Global flags]
     intx CICompilerCount                          = 4                                         {product} {ergonomic}
     uint ConcGCThreads                            = 2                                         {product} {ergonomic}
     uint G1ConcRefinementThreads                  = 8                                         {product} {ergonomic}
   size_t G1HeapRegionSize                         = 4194304                                   {product} {ergonomic}
    uintx GCDrainStackTargetSize                   = 64                                        {product} {ergonomic}
   size_t InitialHeapSize                          = 536870912                                 {product} {ergonomic}
   size_t MarkStackSize                            = 4194304                                   {product} {ergonomic}
   size_t MaxHeapSize                              = 8589934592                                {product} {ergonomic}
   size_t MaxNewSize                               = 5150605312                                {product} {ergonomic}
   size_t MinHeapDeltaBytes                        = 4194304                                   {product} {ergonomic}
   size_t MinHeapSize                              = 8388608                                   {product} {ergonomic}
    uintx NonNMethodCodeHeapSize                   = 5839564                                {pd product} {ergonomic}
    uintx NonProfiledCodeHeapSize                  = 122909338                              {pd product} {ergonomic}
    uintx ProfiledCodeHeapSize                     = 122909338                              {pd product} {ergonomic}
    uintx ReservedCodeCacheSize                    = 251658240                              {pd product} {ergonomic}
     bool SegmentedCodeCache                       = true                                      {product} {ergonomic}
   size_t SoftMaxHeapSize                          = 8589934592                             {manageable} {ergonomic}
     bool UseCompressedClassPointers               = true                           {product lp64_product} {ergonomic}
     bool UseCompressedOops                        = true                           {product lp64_product} {ergonomic}
     bool UseG1GC                                  = true                                      {product} {ergonomic}
     bool UseNUMA                                  = false                                     {product} {ergonomic}
     bool UseNUMAInterleaving                      = false                                     {product} {ergonomic}

Logging:
Log output configuration:
 #0: stdout all=warning uptime,level,tags
 #1: stderr all=off uptime,level,tags

Environment Variables:
PATH=/opt/software/apache-maven-3.8.6/bin:/usr/local/bin:/usr/bin:/bin:/usr/sbin:/sbin
SHELL=/bin/zsh
LC_CTYPE=UTF-8

Signal Handlers:
   SIGSEGV: _ZL13crash_handleriP9__siginfoPv in libjvm.dylib, mask=11100110000111110111111111111111, flags=SA_RESTART|SA_SIGINFO
    SIGBUS: _ZL13crash_handleriP9__siginfoPv in libjvm.dylib, mask=11100110000111110111111111111111, flags=SA_RESTART|SA_SIGINFO
    SIGFPE: _ZL13crash_handleriP9__siginfoPv in libjvm.dylib, mask=11100110000111110111111111111111, flags=SA_RESTART|SA_SIGINFO
   SIGPIPE: _ZL17javaSignalHandleriP9__siginfoPv in libjvm.dylib, mask=11100110000111110111111111111111, flags=SA_RESTART|SA_SIGINFO
   SIGXFSZ: _ZL17javaSignalHandleriP9__siginfoPv in libjvm.dylib, mask=11100110000111110111111111111111, flags=SA_RESTART|SA_SIGINFO
    SIGILL: _ZL13crash_handleriP9__siginfoPv in libjvm.dylib, mask=11100110000111110111111111111111, flags=SA_RESTART|SA_SIGINFO
   SIGUSR2: _ZL10SR_handleriP9__siginfoP17__darwin_ucontext in libjvm.dylib, mask=00100000000000000000000000000000, flags=SA_RESTART|SA_SIGINFO
    SIGHUP: _ZL11UserHandleriPvS_ in libjvm.dylib, mask=11100110000111110111111111111111, flags=SA_RESTART|SA_SIGINFO
    SIGINT: _ZL11UserHandleriPvS_ in libjvm.dylib, mask=11100110000111110111111111111111, flags=SA_RESTART|SA_SIGINFO
   SIGTERM: _ZL11UserHandleriPvS_ in libjvm.dylib, mask=11100110000111110111111111111111, flags=SA_RESTART|SA_SIGINFO
   SIGQUIT: _ZL11UserHandleriPvS_ in libjvm.dylib, mask=11100110000111110111111111111111, flags=SA_RESTART|SA_SIGINFO
   SIGTRAP: _ZL13crash_handleriP9__siginfoPv in libjvm.dylib, mask=11100110000111110111111111111111, flags=SA_RESTART|SA_SIGINFO


---------------  S Y S T E M  ---------------

OS:
uname: Darwin 21.1.0 Darwin Kernel Version 21.1.0: Wed Oct 13 17:33:01 PDT 2021; root:xnu-8019.41.5~1/RELEASE_ARM64_T6000 arm64
OS uptime: 2 days 21:40 hours
rlimit (soft/hard): STACK 8176k/65520k , CORE 0k/infinity , NPROC 5333/8000 , NOFILE 10240/infinity , AS infinity/infinity , CPU infinity/infinity , DATA infinity/infinity , FSIZE infinity/infinity , MEMLOCK infinity/infinity , RSS infinity/infinity
load average: 1.81 1.97 1.79

CPU: total 8 (initial active 8) 0x61:0x0:0x1b588bb3:0, fp, simd, crc, lse

Memory: 16k page, physical 33554432k(2211968k free), swap 0k(0k free)

vm_info: OpenJDK 64-Bit Server VM (17.0.2+8-86) for bsd-aarch64 JRE (17.0.2+8-86), built on Dec  7 2021 21:45:06 by "mach5one" with clang Apple LLVM 12.0.0 (clang-1200.0.32.29)

END.
